Total entries = 46649
Total unique entries = 38443

Top 10 passwords
happiness = 290 (0.62%)
password = 159 (0.34%)
123456 = 129 (0.28%)
gethappy = 64 (0.14%)
charlie = 64 (0.14%)
happy1 = 61 (0.13%)
sunshine = 48 (0.1%)
qwerty = 48 (0.1%)
thomas = 34 (0.07%)
abc123 = 33 (0.07%)

Top 10 base words
happy = 353 (0.76%)
happiness = 334 (0.72%)
password = 252 (0.54%)
charlie = 97 (0.21%)
gethappy = 75 (0.16%)
sunshine = 70 (0.15%)
qwerty = 69 (0.15%)
thomas = 61 (0.13%)
sophie = 54 (0.12%)
possum = 53 (0.11%)

Password length (length ordered)
6 = 12258 (26.28%)
7 = 8593 (18.42%)
8 = 13256 (28.42%)
9 = 6159 (13.2%)
10 = 3330 (7.14%)
11 = 1574 (3.37%)
12 = 757 (1.62%)
13 = 350 (0.75%)
14 = 166 (0.36%)
15 = 94 (0.2%)
16 = 49 (0.11%)
17 = 8 (0.02%)
18 = 15 (0.03%)
19 = 4 (0.01%)
20 = 22 (0.05%)
21 = 4 (0.01%)
22 = 4 (0.01%)
23 = 1 (0.0%)
24 = 1 (0.0%)
25 = 3 (0.01%)
27 = 1 (0.0%)

Password length (count ordered)
8 = 13256 (28.42%)
6 = 12258 (26.28%)
7 = 8593 (18.42%)
9 = 6159 (13.2%)
10 = 3330 (7.14%)
11 = 1574 (3.37%)
12 = 757 (1.62%)
13 = 350 (0.75%)
14 = 166 (0.36%)
15 = 94 (0.2%)
16 = 49 (0.11%)
20 = 22 (0.05%)
18 = 15 (0.03%)
17 = 8 (0.02%)
21 = 4 (0.01%)
19 = 4 (0.01%)
22 = 4 (0.01%)
25 = 3 (0.01%)
24 = 1 (0.0%)
27 = 1 (0.0%)
23 = 1 (0.0%)

        |                                                               
      | |                                                               
      | |                                                               
      | |                                                               
      | |                                                               
      |||                                                               
      |||                                                               
      |||                                                               
      ||||                                                              
      ||||                                                              
      ||||                                                              
      |||||                                                             
      |||||                                                             
      |||||                                                             
      ||||||                                                            
|||||||||||||||||||||||||||||                                           
00000000001111111111222222222
01234567890123456789012345678

One to six characters = 12258 (26.28%)
One to eight characters = 34107 (73.11%)
More than eight characters = 12542 (26.89%)

Only lowercase alpha = 19357 (41.49%)
Only uppercase alpha = 77 (0.17%)
Only alpha = 19434 (41.66%)
Only numeric = 1640 (3.52%)

First capital last symbol = 186 (0.4%)
First capital last number = 3420 (7.33%)

Months
january = 6 (0.01%)
february = 7 (0.02%)
march = 8 (0.02%)
april = 14 (0.03%)
may = 80 (0.17%)
june = 8 (0.02%)
july = 13 (0.03%)
august = 16 (0.03%)
september = 13 (0.03%)
october = 8 (0.02%)
november = 17 (0.04%)
december = 9 (0.02%)

Days
monday = 21 (0.05%)
tuesday = 7 (0.02%)
wednesday = 3 (0.01%)
thursday = 3 (0.01%)
friday = 13 (0.03%)
saturday = 4 (0.01%)
sunday = 4 (0.01%)

Months (Abreviated)
jan = 142 (0.3%)
feb = 14 (0.03%)
mar = 469 (1.01%)
apr = 31 (0.07%)
may = 80 (0.17%)
jun = 36 (0.08%)
jul = 70 (0.15%)
aug = 56 (0.12%)
sept = 20 (0.04%)
oct = 21 (0.05%)
nov = 33 (0.07%)
dec = 29 (0.06%)

Days (Abreviated)
mon = 458 (0.98%)
tues = 7 (0.02%)
wed = 11 (0.02%)
thurs = 9 (0.02%)
fri = 73 (0.16%)
sat = 38 (0.08%)
sun = 189 (0.41%)

Includes years
1975 = 15 (0.03%)
1976 = 19 (0.04%)
1977 = 16 (0.03%)
1978 = 15 (0.03%)
1979 = 16 (0.03%)
1980 = 23 (0.05%)
1981 = 24 (0.05%)
1982 = 14 (0.03%)
1983 = 20 (0.04%)
1984 = 27 (0.06%)
1985 = 18 (0.04%)
1986 = 18 (0.04%)
1987 = 14 (0.03%)
1988 = 21 (0.05%)
1989 = 17 (0.04%)
1990 = 9 (0.02%)
1991 = 14 (0.03%)
1992 = 15 (0.03%)
1993 = 15 (0.03%)
1994 = 17 (0.04%)
1995 = 36 (0.08%)
1996 = 40 (0.09%)
1997 = 24 (0.05%)
1998 = 12 (0.03%)
1999 = 14 (0.03%)
2000 = 58 (0.12%)
2001 = 22 (0.05%)
2002 = 20 (0.04%)
2003 = 25 (0.05%)
2004 = 26 (0.06%)
2005 = 24 (0.05%)
2006 = 25 (0.05%)
2007 = 26 (0.06%)
2008 = 46 (0.1%)
2009 = 39 (0.08%)
2010 = 243 (0.52%)
2011 = 48 (0.1%)
2012 = 33 (0.07%)
2013 = 19 (0.04%)
2014 = 1 (0.0%)
2016 = 3 (0.01%)
2017 = 4 (0.01%)
2018 = 1 (0.0%)
2019 = 3 (0.01%)
2020 = 13 (0.03%)

Years (Top 10)
2010 = 243 (0.52%)
2000 = 58 (0.12%)
2011 = 48 (0.1%)
2008 = 46 (0.1%)
1996 = 40 (0.09%)
2009 = 39 (0.08%)
1995 = 36 (0.08%)
2012 = 33 (0.07%)
1984 = 27 (0.06%)
2004 = 26 (0.06%)

Colours
black = 68 (0.15%)
blue = 120 (0.26%)
brown = 25 (0.05%)
gray = 12 (0.03%)
green = 76 (0.16%)
orange = 36 (0.08%)
pink = 34 (0.07%)
purple = 69 (0.15%)
red = 278 (0.6%)
white = 27 (0.06%)
yellow = 39 (0.08%)
violet = 18 (0.04%)
indigo = 12 (0.03%)

Single digit on the end = 5771 (12.37%)
Two digits on the end = 7790 (16.7%)
Three digits on the end = 2401 (5.15%)

Last number
0 = 1978 (4.24%)
1 = 5938 (12.73%)
2 = 2164 (4.64%)
3 = 2363 (5.07%)
4 = 1505 (3.23%)
5 = 1401 (3.0%)
6 = 1533 (3.29%)
7 = 1573 (3.37%)
8 = 1512 (3.24%)
9 = 1580 (3.39%)

 |                                                                      
 |                                                                      
 |                                                                      
 |                                                                      
 |                                                                      
 |                                                                      
 |                                                                      
 |                                                                      
 |                                                                      
 | |                                                                    
||||                                                                    
||||| ||||                                                              
||||||||||                                                              
||||||||||                                                              
||||||||||                                                              
||||||||||                                                              
0123456789

Last digit
1 = 5938 (12.73%)
3 = 2363 (5.07%)
2 = 2164 (4.64%)
0 = 1978 (4.24%)
9 = 1580 (3.39%)
7 = 1573 (3.37%)
6 = 1533 (3.29%)
8 = 1512 (3.24%)
4 = 1505 (3.23%)
5 = 1401 (3.0%)

Last 2 digits (Top 10)
01 = 984 (2.11%)
23 = 916 (1.96%)
10 = 723 (1.55%)
11 = 572 (1.23%)
12 = 571 (1.22%)
00 = 448 (0.96%)
22 = 288 (0.62%)
99 = 287 (0.62%)
13 = 284 (0.61%)
07 = 274 (0.59%)

Last 3 digits (Top 10)
123 = 752 (1.61%)
010 = 230 (0.49%)
456 = 159 (0.34%)
234 = 154 (0.33%)
000 = 128 (0.27%)
007 = 111 (0.24%)
001 = 110 (0.24%)
101 = 107 (0.23%)
111 = 70 (0.15%)
100 = 69 (0.15%)

Last 4 digits (Top 10)
2010 = 219 (0.47%)
3456 = 139 (0.3%)
1234 = 139 (0.3%)
2000 = 56 (0.12%)
2011 = 40 (0.09%)
2008 = 40 (0.09%)
1996 = 37 (0.08%)
1995 = 34 (0.07%)
1969 = 28 (0.06%)
2009 = 28 (0.06%)

Last 5 digits (Top 10)
23456 = 137 (0.29%)
12345 = 18 (0.04%)
45678 = 10 (0.02%)
00000 = 10 (0.02%)
56789 = 10 (0.02%)
54321 = 9 (0.02%)
11111 = 8 (0.02%)
23123 = 8 (0.02%)
66666 = 7 (0.02%)
34567 = 7 (0.02%)

US Area Codes
456 = Inbound International (--)
234 = NE Ohio: Canton, Akron (OH)

Character sets
loweralpha: 19357 (41.49%)
loweralphanum: 18784 (40.27%)
mixedalphanum: 3847 (8.25%)
numeric: 1640 (3.52%)
mixedalpha: 1417 (3.04%)
loweralphaspecialnum: 510 (1.09%)
mixedalphaspecialnum: 328 (0.7%)
loweralphaspecial: 274 (0.59%)
upperalphanum: 235 (0.5%)
mixedalphaspecial: 117 (0.25%)
upperalpha: 77 (0.17%)
upperalphaspecialnum: 13 (0.03%)
specialnum: 9 (0.02%)
upperalphaspecial: 5 (0.01%)

Character set ordering
allstring: 20851 (44.7%)
stringdigit: 18607 (39.89%)
alldigit: 1640 (3.52%)
stringdigitstring: 1624 (3.48%)
othermask: 1565 (3.35%)
digitstring: 1344 (2.88%)
digitstringdigit: 378 (0.81%)
stringspecialdigit: 263 (0.56%)
stringspecial: 207 (0.44%)
stringspecialstring: 147 (0.32%)
specialstring: 13 (0.03%)
specialstringspecial: 10 (0.02%)

Hashcat masks (Top 10)
?l?l?l?l?l?l: 6274 (13.45%)
?l?l?l?l?l?l?l?l: 4293 (9.2%)
?l?l?l?l?l?l?l: 4002 (8.58%)
?l?l?l?l?l?l?l?l?l: 2422 (5.19%)
?l?l?l?l?l?l?d?d: 2272 (4.87%)
?l?l?l?l?l?d: 1627 (3.49%)
?l?l?l?l?l?d?d: 1406 (3.01%)
?l?l?l?l?l?l?l?l?l?l: 1222 (2.62%)
?d?d?d?d?d?d: 1118 (2.4%)
?l?l?l?l?l?l?l?d: 973 (2.09%)
