                       _ 
     StatsGen 0.0.3   | |
      _ __   __ _  ___| | _
     | '_ \ / _` |/ __| |/ /
     | |_) | (_| | (__|   < 
     | .__/ \__,_|\___|_|\_\
     | |                    
     |_| iphelix@thesprawl.org


[*] Analyzing passwords in [/admin/hashpass/003-targets/00-aha/aha.dic]
[+] Analyzing 100% (171031/171031) of passwords
    NOTE: Statistics below is relative to the number of analyzed passwords, not total number of passwords

[*] Length:
[+]                         8: 26% (44573)
[+]                         6: 21% (37093)
[+]                        10: 14% (24463)
[+]                         7: 14% (24453)
[+]                         9: 13% (23218)
[+]                        11: 04% (7796)
[+]                        12: 02% (4441)
[+]                        13: 01% (1878)
[+]                         5: 00% (1244)
[+]                        14: 00% (939)
[+]                        15: 00% (504)
[+]                        16: 00% (203)
[+]                        17: 00% (62)
[+]                         4: 00% (52)
[+]                        18: 00% (46)
[+]                        19: 00% (25)
[+]                        21: 00% (10)
[+]                        20: 00% (8)
[+]                         3: 00% (4)
[+]                        22: 00% (4)
[+]                        24: 00% (4)
[+]                        23: 00% (3)
[+]                        27: 00% (2)
[+]                        33: 00% (2)
[+]                         2: 00% (1)
[+]                        28: 00% (1)
[+]                        32: 00% (1)
[+]                        39: 00% (1)

[*] Character-set:
[+]                loweralpha: 36% (63039)
[+]             loweralphanum: 34% (58765)
[+]                   numeric: 18% (31690)
[+]             mixedalphanum: 05% (9995)
[+]      loweralphaspecialnum: 01% (2000)
[+]                mixedalpha: 00% (1278)
[+]             upperalphanum: 00% (1222)
[+]                upperalpha: 00% (933)
[+]         loweralphaspecial: 00% (930)
[+]                       all: 00% (675)
[+]                specialnum: 00% (236)
[+]         mixedalphaspecial: 00% (140)
[+]      upperalphaspecialnum: 00% (58)
[+]                   special: 00% (51)
[+]         upperalphaspecial: 00% (19)

[*] Password complexity:
[+]                     digit: min(0) max(24)
[+]                     lower: min(0) max(28)
[+]                     upper: min(0) max(18)
[+]                   special: min(0) max(39)

[*] Simple Masks:
[+]                    string: 38% (65250)
[+]               stringdigit: 31% (53584)
[+]                     digit: 18% (31690)
[+]                 othermask: 04% (7167)
[+]               digitstring: 02% (4258)
[+]         stringdigitstring: 02% (4185)
[+]          digitstringdigit: 00% (1637)
[+]        stringspecialdigit: 00% (1276)
[+]       stringspecialstring: 00% (581)
[+]        stringdigitspecial: 00% (537)
[+]             stringspecial: 00% (303)
[+]              digitspecial: 00% (76)
[+]        specialstringdigit: 00% (73)
[+]        digitspecialstring: 00% (72)
[+]        digitstringspecial: 00% (64)
[+]             specialstring: 00% (56)
[+]      specialstringspecial: 00% (52)
[+]                   special: 00% (51)
[+]         digitspecialdigit: 00% (50)
[+]              specialdigit: 00% (28)
[+]       specialdigitspecial: 00% (23)
[+]        specialdigitstring: 00% (18)

[*] Advanced Masks:
[+]              ?l?l?l?l?l?l: 10% (17197)
[+]          ?l?l?l?l?l?l?l?l: 08% (15123)
[+]              ?d?d?d?d?d?d: 07% (12470)
[+]            ?l?l?l?l?l?l?l: 06% (11711)
[+]        ?l?l?l?l?l?l?l?l?l: 04% (8250)
[+]          ?d?d?d?d?d?d?d?d: 03% (6831)
[+]          ?l?l?l?l?l?l?d?d: 03% (5696)
[+]      ?l?l?l?l?l?l?l?l?l?l: 03% (5260)
[+]      ?d?d?d?d?d?d?d?d?d?d: 02% (4342)
[+]            ?d?d?d?d?d?d?d: 02% (3694)
[+]          ?l?l?l?l?d?d?d?d: 01% (3181)
[+]          ?l?l?l?l?l?d?d?d: 01% (2637)
[+]    ?l?l?l?l?l?l?l?l?l?l?l: 01% (2524)
[+]        ?l?l?l?l?l?l?l?d?d: 01% (2486)
[+]        ?l?l?l?l?l?d?d?d?d: 01% (2396)
[+]            ?l?l?l?l?l?d?d: 01% (2288)
[+]          ?l?l?l?l?l?l?l?d: 01% (2217)
[+]      ?l?l?l?l?l?l?d?d?d?d: 01% (2200)
[+]        ?l?l?l?l?l?l?d?d?d: 01% (2005)
[+]        ?d?d?d?d?d?d?d?d?d: 01% (1895)
