Total entries = 171027
Total unique entries = 141307

Top 10 passwords
123456 = 2565 (1.5%)
123456789 = 615 (0.36%)
password = 362 (0.21%)
12345678 = 313 (0.18%)
ahashare = 269 (0.16%)
qwerty = 186 (0.11%)
111111 = 158 (0.09%)
1234567 = 156 (0.09%)
000000 = 148 (0.09%)
pakistan = 147 (0.09%)

Top 10 base words
password = 594 (0.35%)
ahashare = 405 (0.24%)
qwerty = 346 (0.2%)
pakistan = 199 (0.12%)
iloveyou = 148 (0.09%)
liverpool = 117 (0.07%)
coolnancy = 113 (0.07%)
samsung = 101 (0.06%)
dragon = 100 (0.06%)
superman = 97 (0.06%)

Password length (length ordered)
2 = 1 (0.0%)
3 = 4 (0.0%)
4 = 52 (0.03%)
5 = 1245 (0.73%)
6 = 37096 (21.69%)
7 = 24453 (14.3%)
8 = 44574 (26.06%)
9 = 23218 (13.58%)
10 = 24458 (14.3%)
11 = 7794 (4.56%)
12 = 4441 (2.6%)
13 = 1877 (1.1%)
14 = 938 (0.55%)
15 = 504 (0.29%)
16 = 203 (0.12%)
17 = 62 (0.04%)
18 = 46 (0.03%)
19 = 25 (0.01%)
20 = 8 (0.0%)
21 = 10 (0.01%)
22 = 4 (0.0%)
23 = 3 (0.0%)
24 = 4 (0.0%)
27 = 2 (0.0%)
28 = 1 (0.0%)
32 = 1 (0.0%)
33 = 2 (0.0%)
39 = 1 (0.0%)

Password length (count ordered)
8 = 44574 (26.06%)
6 = 37096 (21.69%)
10 = 24458 (14.3%)
7 = 24453 (14.3%)
9 = 23218 (13.58%)
11 = 7794 (4.56%)
12 = 4441 (2.6%)
13 = 1877 (1.1%)
5 = 1245 (0.73%)
14 = 938 (0.55%)
15 = 504 (0.29%)
16 = 203 (0.12%)
17 = 62 (0.04%)
4 = 52 (0.03%)
18 = 46 (0.03%)
19 = 25 (0.01%)
21 = 10 (0.01%)
20 = 8 (0.0%)
3 = 4 (0.0%)
24 = 4 (0.0%)
22 = 4 (0.0%)
23 = 3 (0.0%)
27 = 2 (0.0%)
33 = 2 (0.0%)
32 = 1 (0.0%)
2 = 1 (0.0%)
28 = 1 (0.0%)
39 = 1 (0.0%)

        |                                                               
        |                                                               
      | |                                                               
      | |                                                               
      | |                                                               
      | |                                                               
      | |                                                               
      |||||                                                             
      |||||                                                             
      |||||                                                             
      |||||                                                             
      |||||                                                             
      |||||                                                             
      ||||||                                                            
      |||||||                                                           
|||||||||||||||||||||||||||||||||||||||||                               
00000000001111111111222222222233333333334
01234567890123456789012345678901234567890

One to six characters = 38398 (22.45%)
One to eight characters = 107425 (62.81%)
More than eight characters = 63602 (37.19%)

Only lowercase alpha = 63047 (36.86%)
Only uppercase alpha = 933 (0.55%)
Only alpha = 63980 (37.41%)
Only numeric = 31692 (18.53%)

First capital last symbol = 237 (0.14%)
First capital last number = 6962 (4.07%)

Months
january = 22 (0.01%)
february = 16 (0.01%)
march = 72 (0.04%)
april = 68 (0.04%)
may = 301 (0.18%)
june = 101 (0.06%)
july = 50 (0.03%)
august = 60 (0.04%)
september = 42 (0.02%)
october = 39 (0.02%)
november = 55 (0.03%)
december = 56 (0.03%)

Days
monday = 16 (0.01%)
tuesday = 4 (0.0%)
wednesday = 4 (0.0%)
thursday = 2 (0.0%)
friday = 17 (0.01%)
saturday = 5 (0.0%)
sunday = 10 (0.01%)

Months (Abreviated)
jan = 568 (0.33%)
feb = 56 (0.03%)
mar = 1920 (1.12%)
apr = 152 (0.09%)
may = 301 (0.18%)
jun = 285 (0.17%)
jul = 181 (0.11%)
aug = 134 (0.08%)
sept = 70 (0.04%)
oct = 110 (0.06%)
nov = 219 (0.13%)
dec = 150 (0.09%)

Days (Abreviated)
mon = 978 (0.57%)
tues = 5 (0.0%)
wed = 53 (0.03%)
thurs = 4 (0.0%)
fri = 205 (0.12%)
sat = 198 (0.12%)
sun = 471 (0.28%)

Includes years
1975 = 220 (0.13%)
1976 = 211 (0.12%)
1977 = 224 (0.13%)
1978 = 238 (0.14%)
1979 = 227 (0.13%)
1980 = 271 (0.16%)
1981 = 254 (0.15%)
1982 = 265 (0.15%)
1983 = 246 (0.14%)
1984 = 285 (0.17%)
1985 = 267 (0.16%)
1986 = 286 (0.17%)
1987 = 325 (0.19%)
1988 = 242 (0.14%)
1989 = 268 (0.16%)
1990 = 258 (0.15%)
1991 = 202 (0.12%)
1992 = 148 (0.09%)
1993 = 122 (0.07%)
1994 = 101 (0.06%)
1995 = 93 (0.05%)
1996 = 94 (0.05%)
1997 = 82 (0.05%)
1998 = 67 (0.04%)
1999 = 88 (0.05%)
2000 = 292 (0.17%)
2001 = 178 (0.1%)
2002 = 179 (0.1%)
2003 = 174 (0.1%)
2004 = 165 (0.1%)
2005 = 208 (0.12%)
2006 = 200 (0.12%)
2007 = 237 (0.14%)
2008 = 294 (0.17%)
2009 = 323 (0.19%)
2010 = 415 (0.24%)
2011 = 293 (0.17%)
2012 = 265 (0.15%)
2013 = 55 (0.03%)
2014 = 27 (0.02%)
2015 = 13 (0.01%)
2016 = 9 (0.01%)
2017 = 19 (0.01%)
2018 = 18 (0.01%)
2019 = 32 (0.02%)
2020 = 98 (0.06%)

Years (Top 10)
2010 = 415 (0.24%)
1987 = 325 (0.19%)
2009 = 323 (0.19%)
2008 = 294 (0.17%)
2011 = 293 (0.17%)
2000 = 292 (0.17%)
1986 = 286 (0.17%)
1984 = 285 (0.17%)
1980 = 271 (0.16%)
1989 = 268 (0.16%)

Colours
black = 211 (0.12%)
blue = 239 (0.14%)
brown = 46 (0.03%)
gray = 16 (0.01%)
green = 132 (0.08%)
orange = 42 (0.02%)
pink = 67 (0.04%)
purple = 29 (0.02%)
red = 657 (0.38%)
white = 67 (0.04%)
yellow = 42 (0.02%)
violet = 23 (0.01%)
indigo = 4 (0.0%)

Single digit on the end = 9750 (5.7%)
Two digits on the end = 17391 (10.17%)
Three digits on the end = 15195 (8.88%)

Last number
0 = 8776 (5.13%)
1 = 14897 (8.71%)
2 = 9079 (5.31%)
3 = 11877 (6.94%)
4 = 7357 (4.3%)
5 = 7754 (4.53%)
6 = 10063 (5.88%)
7 = 8078 (4.72%)
8 = 7266 (4.25%)
9 = 8464 (4.95%)

 |                                                                      
 |                                                                      
 |                                                                      
 | |                                                                    
 | |                                                                    
 | |  |                                                                 
||||  |  |                                                              
|||| ||| |                                                              
||||||||||                                                              
||||||||||                                                              
||||||||||                                                              
||||||||||                                                              
||||||||||                                                              
||||||||||                                                              
||||||||||                                                              
||||||||||                                                              
0123456789

Last digit
1 = 14897 (8.71%)
3 = 11877 (6.94%)
6 = 10063 (5.88%)
2 = 9079 (5.31%)
0 = 8776 (5.13%)
9 = 8464 (4.95%)
7 = 8078 (4.72%)
5 = 7754 (4.53%)
4 = 7357 (4.3%)
8 = 7266 (4.25%)

Last 2 digits (Top 10)
23 = 5146 (3.01%)
56 = 3553 (2.08%)
12 = 2264 (1.32%)
11 = 2249 (1.31%)
00 = 2145 (1.25%)
01 = 1715 (1.0%)
89 = 1598 (0.93%)
10 = 1525 (0.89%)
21 = 1476 (0.86%)
07 = 1425 (0.83%)

Last 3 digits (Top 10)
123 = 4228 (2.47%)
456 = 3048 (1.78%)
234 = 904 (0.53%)
789 = 871 (0.51%)
000 = 841 (0.49%)
007 = 809 (0.47%)
321 = 605 (0.35%)
111 = 504 (0.29%)
010 = 474 (0.28%)
666 = 454 (0.27%)

Last 4 digits (Top 10)
3456 = 2877 (1.68%)
1234 = 851 (0.5%)
6789 = 723 (0.42%)
5678 = 356 (0.21%)
2010 = 350 (0.2%)
0000 = 347 (0.2%)
2345 = 344 (0.2%)
4321 = 337 (0.2%)
1111 = 293 (0.17%)
2009 = 282 (0.16%)

Last 5 digits (Top 10)
23456 = 2866 (1.68%)
56789 = 705 (0.41%)
45678 = 344 (0.2%)
12345 = 331 (0.19%)
54321 = 271 (0.16%)
00000 = 255 (0.15%)
11111 = 231 (0.14%)
23123 = 199 (0.12%)
34567 = 189 (0.11%)
67890 = 124 (0.07%)

US Area Codes
456 = Inbound International (--)
234 = NE Ohio: Canton, Akron (OH)
321 = Florida: Brevard County, Cape Canaveral area; Metro Orlando (FL)

Character sets
loweralpha: 63047 (36.86%)
loweralphanum: 58774 (34.37%)
numeric: 31692 (18.53%)
mixedalphanum: 9995 (5.84%)
loweralphaspecialnum: 1964 (1.15%)
mixedalpha: 1278 (0.75%)
upperalphanum: 1223 (0.72%)
upperalpha: 933 (0.55%)
loweralphaspecial: 800 (0.47%)
mixedalphaspecialnum: 671 (0.39%)
specialnum: 233 (0.14%)
mixedalphaspecial: 131 (0.08%)
upperalphaspecialnum: 57 (0.03%)
special: 35 (0.02%)
upperalphaspecial: 14 (0.01%)

Character set ordering
allstring: 65258 (38.16%)
stringdigit: 53593 (31.34%)
alldigit: 31692 (18.53%)
othermask: 8237 (4.82%)
digitstring: 4259 (2.49%)
stringdigitstring: 4185 (2.45%)
digitstringdigit: 1637 (0.96%)
stringspecialdigit: 1259 (0.74%)
stringspecialstring: 471 (0.28%)
stringspecial: 297 (0.17%)
specialstring: 52 (0.03%)
specialstringspecial: 52 (0.03%)
allspecial: 35 (0.02%)

Hashcat masks (Top 10)
?l?l?l?l?l?l: 17201 (10.06%)
?l?l?l?l?l?l?l?l: 15125 (8.84%)
?d?d?d?d?d?d: 12470 (7.29%)
?l?l?l?l?l?l?l: 11712 (6.85%)
?l?l?l?l?l?l?l?l?l: 8250 (4.82%)
?d?d?d?d?d?d?d?d: 6832 (3.99%)
?l?l?l?l?l?l?d?d: 5696 (3.33%)
?l?l?l?l?l?l?l?l?l?l: 5260 (3.08%)
?d?d?d?d?d?d?d?d?d?d: 4342 (2.54%)
?d?d?d?d?d?d?d: 3694 (2.16%)
