Total entries = 541014
Total unique entries = 416120

Top 10 passwords
123456 = 2588 (0.48%)
password = 710 (0.13%)
qwerty = 559 (0.1%)
123456789 = 480 (0.09%)
starwars = 365 (0.07%)
killer = 312 (0.06%)
12345678 = 302 (0.06%)
dragon = 291 (0.05%)
battlefield = 290 (0.05%)
123123 = 283 (0.05%)

Top 10 base words
password = 1304 (0.24%)
qwerty = 1241 (0.23%)
dragon = 813 (0.15%)
killer = 748 (0.14%)
starwars = 662 (0.12%)
master = 602 (0.11%)
monkey = 543 (0.1%)
shadow = 535 (0.1%)
battlefield = 532 (0.1%)
heroes = 531 (0.1%)

Password length (length ordered)
6 = 110067 (20.34%)
7 = 79580 (14.71%)
8 = 155937 (28.82%)
9 = 80856 (14.95%)
10 = 55487 (10.26%)
11 = 27030 (5.0%)
12 = 16601 (3.07%)
13 = 7382 (1.36%)
14 = 4111 (0.76%)
15 = 2167 (0.4%)
16 = 1072 (0.2%)
17 = 359 (0.07%)
18 = 196 (0.04%)
19 = 93 (0.02%)
20 = 69 (0.01%)
21 = 1 (0.0%)
22 = 2 (0.0%)
23 = 2 (0.0%)
24 = 1 (0.0%)
26 = 1 (0.0%)

Password length (count ordered)
8 = 155937 (28.82%)
6 = 110067 (20.34%)
9 = 80856 (14.95%)
7 = 79580 (14.71%)
10 = 55487 (10.26%)
11 = 27030 (5.0%)
12 = 16601 (3.07%)
13 = 7382 (1.36%)
14 = 4111 (0.76%)
15 = 2167 (0.4%)
16 = 1072 (0.2%)
17 = 359 (0.07%)
18 = 196 (0.04%)
19 = 93 (0.02%)
20 = 69 (0.01%)
22 = 2 (0.0%)
23 = 2 (0.0%)
24 = 1 (0.0%)
21 = 1 (0.0%)
26 = 1 (0.0%)

        |                                                               
        |                                                               
        |                                                               
        |                                                               
      | |                                                               
      | |                                                               
      | |                                                               
      ||||                                                              
      ||||                                                              
      ||||                                                              
      |||||                                                             
      |||||                                                             
      |||||                                                             
      ||||||                                                            
      |||||||                                                           
||||||||||||||||||||||||||||                                            
0000000000111111111122222222
0123456789012345678901234567

One to six characters = 110067 (20.34%)
One to eight characters = 345584 (63.88%)
More than eight characters = 195430 (36.12%)

Only lowercase alpha = 174068 (32.17%)
Only uppercase alpha = 1568 (0.29%)
Only alpha = 175636 (32.46%)
Only numeric = 50043 (9.25%)

First capital last symbol = 628 (0.12%)
First capital last number = 26709 (4.94%)

Months
january = 22 (0.0%)
february = 6 (0.0%)
march = 92 (0.02%)
april = 137 (0.03%)
may = 306 (0.06%)
june = 109 (0.02%)
july = 60 (0.01%)
august = 91 (0.02%)
september = 39 (0.01%)
october = 44 (0.01%)
november = 76 (0.01%)
december = 59 (0.01%)

Days
monday = 35 (0.01%)
tuesday = 7 (0.0%)
wednesday = 10 (0.0%)
thursday = 7 (0.0%)
friday = 27 (0.0%)
saturday = 4 (0.0%)
sunday = 18 (0.0%)

Months (Abreviated)
jan = 996 (0.18%)
feb = 93 (0.02%)
mar = 5001 (0.92%)
apr = 298 (0.06%)
may = 306 (0.06%)
jun = 532 (0.1%)
jul = 559 (0.1%)
aug = 316 (0.06%)
sept = 101 (0.02%)
oct = 272 (0.05%)
nov = 470 (0.09%)
dec = 392 (0.07%)

Days (Abreviated)
mon = 4281 (0.79%)
tues = 10 (0.0%)
wed = 210 (0.04%)
thurs = 11 (0.0%)
fri = 525 (0.1%)
sat = 477 (0.09%)
sun = 1054 (0.19%)

Includes years
1975 = 186 (0.03%)
1976 = 224 (0.04%)
1977 = 202 (0.04%)
1978 = 236 (0.04%)
1979 = 288 (0.05%)
1980 = 352 (0.07%)
1981 = 396 (0.07%)
1982 = 449 (0.08%)
1983 = 428 (0.08%)
1984 = 607 (0.11%)
1985 = 601 (0.11%)
1986 = 701 (0.13%)
1987 = 872 (0.16%)
1988 = 845 (0.16%)
1989 = 911 (0.17%)
1990 = 1128 (0.21%)
1991 = 1381 (0.26%)
1992 = 1479 (0.27%)
1993 = 1395 (0.26%)
1994 = 1170 (0.22%)
1995 = 830 (0.15%)
1996 = 431 (0.08%)
1997 = 242 (0.04%)
1998 = 174 (0.03%)
1999 = 137 (0.03%)
2000 = 728 (0.13%)
2001 = 364 (0.07%)
2002 = 375 (0.07%)
2003 = 335 (0.06%)
2004 = 361 (0.07%)
2005 = 464 (0.09%)
2006 = 412 (0.08%)
2007 = 380 (0.07%)
2008 = 495 (0.09%)
2009 = 697 (0.13%)
2010 = 194 (0.04%)
2011 = 150 (0.03%)
2012 = 193 (0.04%)
2013 = 63 (0.01%)
2014 = 34 (0.01%)
2015 = 38 (0.01%)
2016 = 33 (0.01%)
2017 = 29 (0.01%)
2018 = 55 (0.01%)
2019 = 110 (0.02%)
2020 = 135 (0.02%)

Years (Top 10)
1992 = 1479 (0.27%)
1993 = 1395 (0.26%)
1991 = 1381 (0.26%)
1994 = 1170 (0.22%)
1990 = 1128 (0.21%)
1989 = 911 (0.17%)
1987 = 872 (0.16%)
1988 = 845 (0.16%)
1995 = 830 (0.15%)
2000 = 728 (0.13%)

Colours
black = 780 (0.14%)
blue = 665 (0.12%)
brown = 72 (0.01%)
gray = 63 (0.01%)
green = 449 (0.08%)
orange = 213 (0.04%)
pink = 130 (0.02%)
purple = 82 (0.02%)
red = 2602 (0.48%)
white = 175 (0.03%)
yellow = 115 (0.02%)
violet = 15 (0.0%)
indigo = 21 (0.0%)

Single digit on the end = 62440 (11.54%)
Two digits on the end = 79126 (14.63%)
Three digits on the end = 43373 (8.02%)

Last number
0 = 25156 (4.65%)
1 = 62385 (11.53%)
2 = 34360 (6.35%)
3 = 40118 (7.42%)
4 = 22290 (4.12%)
5 = 20989 (3.88%)
6 = 22841 (4.22%)
7 = 21772 (4.02%)
8 = 18155 (3.36%)
9 = 22064 (4.08%)

 |                                                                      
 |                                                                      
 |                                                                      
 |                                                                      
 |                                                                      
 | |                                                                    
 | |                                                                    
 |||                                                                    
 |||                                                                    
||||                                                                    
|||||||| |                                                              
||||||||||                                                              
||||||||||                                                              
||||||||||                                                              
||||||||||                                                              
||||||||||                                                              
0123456789

Last digit
1 = 62385 (11.53%)
3 = 40118 (7.42%)
2 = 34360 (6.35%)
0 = 25156 (4.65%)
6 = 22841 (4.22%)
4 = 22290 (4.12%)
9 = 22064 (4.08%)
7 = 21772 (4.02%)
5 = 20989 (3.88%)
8 = 18155 (3.36%)

Last 2 digits (Top 10)
23 = 18378 (3.4%)
12 = 10132 (1.87%)
11 = 7432 (1.37%)
00 = 6121 (1.13%)
01 = 5996 (1.11%)
56 = 4993 (0.92%)
21 = 4793 (0.89%)
89 = 4465 (0.83%)
88 = 4421 (0.82%)
66 = 4333 (0.8%)

Last 3 digits (Top 10)
123 = 15599 (2.88%)
456 = 3805 (0.7%)
666 = 2853 (0.53%)
234 = 2800 (0.52%)
007 = 1903 (0.35%)
321 = 1896 (0.35%)
000 = 1792 (0.33%)
992 = 1319 (0.24%)
111 = 1309 (0.24%)
991 = 1267 (0.23%)

Last 4 digits (Top 10)
3456 = 3117 (0.58%)
1234 = 2540 (0.47%)
1992 = 1226 (0.23%)
1993 = 1145 (0.21%)
1991 = 1119 (0.21%)
1990 = 942 (0.17%)
1994 = 923 (0.17%)
2345 = 893 (0.17%)
1337 = 841 (0.16%)
1989 = 739 (0.14%)

Last 5 digits (Top 10)
23456 = 3069 (0.57%)
12345 = 843 (0.16%)
56789 = 606 (0.11%)
23123 = 416 (0.08%)
45678 = 365 (0.07%)
54321 = 358 (0.07%)
11111 = 353 (0.07%)
00000 = 253 (0.05%)
23321 = 230 (0.04%)
34567 = 227 (0.04%)

US Area Codes
456 = Inbound International (--)
234 = NE Ohio: Canton, Akron (OH)
321 = Florida: Brevard County, Cape Canaveral area; Metro Orlando (FL)

Character sets
loweralphanum: 258104 (47.71%)
loweralpha: 174068 (32.17%)
numeric: 50043 (9.25%)
mixedalphanum: 34754 (6.42%)
mixedalpha: 8700 (1.61%)
loweralphaspecialnum: 4645 (0.86%)
upperalphanum: 3503 (0.65%)
mixedalphaspecialnum: 2249 (0.42%)
loweralphaspecial: 1817 (0.34%)
upperalpha: 1568 (0.29%)
mixedalphaspecial: 548 (0.1%)
specialnum: 387 (0.07%)
upperalphaspecialnum: 176 (0.03%)
upperalphaspecial: 51 (0.01%)
special: 30 (0.01%)

Character set ordering
stringdigit: 214346 (39.62%)
allstring: 184336 (34.07%)
alldigit: 50043 (9.25%)
othermask: 34765 (6.43%)
stringdigitstring: 28330 (5.24%)
digitstring: 18330 (3.39%)
digitstringdigit: 6647 (1.23%)
stringspecialdigit: 1991 (0.37%)
stringspecialstring: 1286 (0.24%)
stringspecial: 622 (0.11%)
specialstringspecial: 158 (0.03%)
specialstring: 130 (0.02%)
allspecial: 30 (0.01%)

Hashcat masks (Top 10)
?l?l?l?l?l?l: 51545 (9.53%)
?l?l?l?l?l?l?l?l: 40506 (7.49%)
?l?l?l?l?l?l?l: 33695 (6.23%)
?l?l?l?l?l?l?d?d: 23745 (4.39%)
?d?d?d?d?d?d: 23045 (4.26%)
?l?l?l?l?l?l?l?l?l: 20375 (3.77%)
?l?l?l?l?l?l?l?l?l?l: 13445 (2.49%)
?d?d?d?d?d?d?d?d: 13258 (2.45%)
?l?l?l?l?l?l?l?d: 12220 (2.26%)
?l?l?l?l?l?d?d?d: 10058 (1.86%)
