                       _ 
     StatsGen 0.0.3   | |
      _ __   __ _  ___| | _
     | '_ \ / _` |/ __| |/ /
     | |_) | (_| | (__|   < 
     | .__/ \__,_|\___|_|\_\
     | |                    
     |_| iphelix@thesprawl.org


[*] Analyzing passwords in [/admin/hashpass/003-targets/00-battlefield/bfield.dic]
[+] Analyzing 100% (541016/541016) of passwords
    NOTE: Statistics below is relative to the number of analyzed passwords, not total number of passwords

[*] Length:
[+]                         8: 28% (155941)
[+]                         6: 20% (110063)
[+]                         9: 14% (80858)
[+]                         7: 14% (79575)
[+]                        10: 10% (55492)
[+]                        11: 04% (27028)
[+]                        12: 03% (16599)
[+]                        13: 01% (7385)
[+]                        14: 00% (4111)
[+]                        15: 00% (2167)
[+]                        16: 00% (1073)
[+]                        17: 00% (359)
[+]                        18: 00% (196)
[+]                        19: 00% (93)
[+]                        20: 00% (69)
[+]                        22: 00% (2)
[+]                        23: 00% (2)
[+]                        21: 00% (1)
[+]                        24: 00% (1)
[+]                        26: 00% (1)

[*] Character-set:
[+]             loweralphanum: 47% (258092)
[+]                loweralpha: 32% (174062)
[+]                   numeric: 09% (50038)
[+]             mixedalphanum: 06% (34751)
[+]                mixedalpha: 01% (8700)
[+]      loweralphaspecialnum: 00% (4727)
[+]             upperalphanum: 00% (3502)
[+]                       all: 00% (2285)
[+]         loweralphaspecial: 00% (2029)
[+]                upperalpha: 00% (1568)
[+]         mixedalphaspecial: 00% (601)
[+]                specialnum: 00% (395)
[+]      upperalphaspecialnum: 00% (179)
[+]         upperalphaspecial: 00% (55)
[+]                   special: 00% (32)

[*] Password complexity:
[+]                     digit: min(0) max(24)
[+]                     lower: min(0) max(23)
[+]                     upper: min(0) max(26)
[+]                   special: min(0) max(12)

[*] Simple Masks:
[+]               stringdigit: 39% (214340)
[+]                    string: 34% (184330)
[+]                     digit: 09% (50038)
[+]                 othermask: 06% (32603)
[+]         stringdigitstring: 05% (28327)
[+]               digitstring: 03% (18329)
[+]          digitstringdigit: 01% (6645)
[+]        stringspecialdigit: 00% (2039)
[+]       stringspecialstring: 00% (1510)
[+]        stringdigitspecial: 00% (1036)
[+]             stringspecial: 00% (626)
[+]        specialstringdigit: 00% (247)
[+]        digitspecialstring: 00% (189)
[+]      specialstringspecial: 00% (160)
[+]        digitstringspecial: 00% (131)
[+]             specialstring: 00% (131)
[+]              digitspecial: 00% (115)
[+]         digitspecialdigit: 00% (75)
[+]        specialdigitstring: 00% (57)
[+]       specialdigitspecial: 00% (34)
[+]                   special: 00% (32)
[+]              specialdigit: 00% (22)

[*] Advanced Masks:
[+]              ?l?l?l?l?l?l: 09% (51542)
[+]          ?l?l?l?l?l?l?l?l: 07% (40506)
[+]            ?l?l?l?l?l?l?l: 06% (33694)
[+]          ?l?l?l?l?l?l?d?d: 04% (23744)
[+]              ?d?d?d?d?d?d: 04% (23044)
[+]        ?l?l?l?l?l?l?l?l?l: 03% (20373)
[+]      ?l?l?l?l?l?l?l?l?l?l: 02% (13445)
[+]          ?d?d?d?d?d?d?d?d: 02% (13258)
[+]          ?l?l?l?l?l?l?l?d: 02% (12219)
[+]          ?l?l?l?l?l?d?d?d: 01% (10058)
[+]        ?l?l?l?l?l?l?l?d?d: 01% (9992)
[+]          ?l?l?l?l?d?d?d?d: 01% (8976)
[+]        ?l?l?l?l?l?l?d?d?d: 01% (8644)
[+]        ?l?l?l?l?l?l?l?l?d: 01% (8606)
[+]            ?l?l?l?l?l?d?d: 01% (8585)
[+]            ?l?l?l?l?l?l?d: 01% (7681)
[+]              ?l?l?l?l?l?d: 01% (7533)
[+]      ?l?l?l?l?l?l?l?l?d?d: 01% (7394)
[+]    ?l?l?l?l?l?l?l?l?l?l?l: 01% (6835)
[+]              ?l?l?l?l?d?d: 01% (6722)
[+]            ?d?d?d?d?d?d?d: 01% (6346)
[+]      ?l?l?l?l?l?l?d?d?d?d: 01% (5965)
[+]        ?l?l?l?l?l?d?d?d?d: 01% (5920)
