

passpal 0.4 report (www.thepasswordproject.com)

Total words: 	541016
Unique words: 	416130 (76.92 %)

Word frequency, sorted by count, top 20
+--------------------------------+
|    Word     | Count | Of total |
+--------------------------------+
| 123456      |  2588 | 0.4784 % |
| password    |   710 | 0.1312 % |
| qwerty      |   559 | 0.1033 % |
| 123456789   |   480 | 0.0887 % |
| starwars    |   365 | 0.0675 % |
| killer      |   312 | 0.0577 % |
| 12345678    |   302 | 0.0558 % |
| dragon      |   291 | 0.0538 % |
| battlefield |   290 | 0.0536 % |
| 123123      |   283 | 0.0523 % |
| 111111      |   267 | 0.0494 % |
| abc123      |   261 | 0.0482 % |
| master      |   258 | 0.0477 % |
| pokemon     |   227 | 0.042 %  |
| 1q2w3e4r    |   217 | 0.0401 % |
| shadow      |   208 | 0.0384 % |
| monkey      |   202 | 0.0373 % |
| 123qwe      |   199 | 0.0368 % |
| computer    |   199 | 0.0368 % |
| heroes      |   198 | 0.0366 % |
+--------------------------------+


Base word (len>=3) frequency, sorted by count, top 20
+--------------------------------+
|    Word     | Count | Of total |
+--------------------------------+
| password    |  1200 | 0.2218 % |
| qwerty      |  1193 | 0.2205 % |
| dragon      |   725 | 0.134 %  |
| killer      |   710 | 0.1312 % |
| starwars    |   614 | 0.1135 % |
| master      |   544 | 0.1006 % |
| monkey      |   518 | 0.0957 % |
| abc         |   498 | 0.092 %  |
| shadow      |   495 | 0.0915 % |
| heroes      |   474 | 0.0876 % |
| battlefield |   474 | 0.0876 % |
| qwe         |   398 | 0.0736 % |
| lol         |   395 | 0.073 %  |
| pokemon     |   380 | 0.0702 % |
| cheese      |   329 | 0.0608 % |
| matrix      |   328 | 0.0606 % |
| daniel      |   323 | 0.0597 % |
| azerty      |   323 | 0.0597 % |
| computer    |   315 | 0.0582 % |
| superman    |   304 | 0.0562 % |
+--------------------------------+


Length frequency, sorted by length, full table
+-----------------------------+
| Length | Count  | Of total  |
+-----------------------------+
|      6 | 110063 | 20.3438 % |
|      7 |  79575 | 14.7084 % |
|      8 | 155941 | 28.8237 % |
|      9 |  80858 | 14.9456 % |
|     10 |  55492 | 10.257 %  |
|     11 |  27028 | 4.9958 %  |
|     12 |  16599 | 3.0681 %  |
|     13 |   7385 | 1.365 %   |
|     14 |   4111 | 0.7599 %  |
|     15 |   2167 | 0.4005 %  |
|     16 |   1073 | 0.1983 %  |
|     17 |    359 | 0.0664 %  |
|     18 |    196 | 0.0362 %  |
|     19 |     93 | 0.0172 %  |
|     20 |     69 | 0.0128 %  |
|     21 |      1 | 0.0002 %  |
|     22 |      2 | 0.0004 %  |
|     23 |      2 | 0.0004 %  |
|     24 |      1 | 0.0002 %  |
|     26 |      1 | 0.0002 %  |
+-----------------------------+


Charset frequency, sorted by count, full table
+------------------------------------------------------------------------+
|           Charset            | Count  | Of total  |   Count/keyspace   |
+------------------------------------------------------------------------+
| lower-upper-numeric-symbolic | 539672 | 99.7516 % |  5680.757894736842 |
| lower-upper-numeric          | 530713 | 98.0956 % |  8559.887096774193 |
| lower-numeric-symbolic       | 488521 | 90.297 %  |  7080.014492753623 |
| lower-numeric                | 482192 | 89.1271 % | 13394.222222222223 |
| lower-upper-symbolic         | 186795 | 34.5267 % | 2197.5882352941176 |
| lower-upper                  | 184330 | 34.0711 % | 3544.8076923076924 |
| lower-symbolic               | 175958 | 32.5236 % | 2982.3389830508477 |
| lower                        | 174062 | 32.1732 % |  6694.692307692308 |
| upper-numeric-symbolic       |  55676 | 10.291 %  |  806.8985507246376 |
| upper-numeric                |  55108 | 10.186 %  | 1530.7777777777778 |
| numeric-symbolic             |  50403 | 9.3164 %  | 1172.1627906976744 |
| numeric                      |  50038 | 9.2489 %  |             5003.8 |
| upper-symbolic               |   1639 | 0.3029 %  | 27.779661016949152 |
| upper                        |   1568 | 0.2898 %  |  60.30769230769231 |
| symbolic                     |     26 | 0.0048 %  | 0.7878787878787878 |
+------------------------------------------------------------------------+

Charset frequency, sorted by count/keyspace, full table
+------------------------------------------------------------------------+
|           Charset            | Count  | Of total  |   Count/keyspace   |
+------------------------------------------------------------------------+
| lower-numeric                | 482192 | 89.1271 % | 13394.222222222223 |
| lower-upper-numeric          | 530713 | 98.0956 % |  8559.887096774193 |
| lower-numeric-symbolic       | 488521 | 90.297 %  |  7080.014492753623 |
| lower                        | 174062 | 32.1732 % |  6694.692307692308 |
| lower-upper-numeric-symbolic | 539672 | 99.7516 % |  5680.757894736842 |
| numeric                      |  50038 | 9.2489 %  |             5003.8 |
| lower-upper                  | 184330 | 34.0711 % | 3544.8076923076924 |
| lower-symbolic               | 175958 | 32.5236 % | 2982.3389830508477 |
| lower-upper-symbolic         | 186795 | 34.5267 % | 2197.5882352941176 |
| upper-numeric                |  55108 | 10.186 %  | 1530.7777777777778 |
| numeric-symbolic             |  50403 | 9.3164 %  | 1172.1627906976744 |
| upper-numeric-symbolic       |  55676 | 10.291 %  |  806.8985507246376 |
| upper                        |   1568 | 0.2898 %  |  60.30769230769231 |
| upper-symbolic               |   1639 | 0.3029 %  | 27.779661016949152 |
| symbolic                     |     26 | 0.0048 %  | 0.7878787878787878 |
+------------------------------------------------------------------------+


Hashcat mask frequency, sorted by count, top 20
+----------------------------------------------------------------------+
|           Mask           | Count | Of total |     Count/keyspace     |
+----------------------------------------------------------------------+
| ?l?l?l?l?l?l             | 51542 | 9.5269 % | 0.00016684806670411032 |
| ?l?l?l?l?l?l?l?l?l?l?l?l | 40506 | 7.487 %  | 4.2446235835526507e-13 |
| ?l?l?l?l?l?l?l           | 33694 | 6.2279 % |  4.195069263549288e-06 |
| ?l?l?l?l?l?l?d?d?l?l?l?l | 23744 | 4.3888 % | 1.6819783597660327e-12 |
| ?d?d?d?d?d?d             | 23044 | 4.2594 % |               0.023044 |
| ?l?l?l?l?l?l?l?l?l       | 20373 | 3.7657 % |  3.752276672891459e-09 |
| ?l?l?l?l?l?l?l?l?l?l     | 13445 | 2.4851 % |  9.524174126960204e-11 |
| ?d?d?d?d?d?d?d?d?l?l?l?l | 13258 | 2.4506 % | 2.9012464549560587e-10 |
| ?l?l?l?l?l?l?l?d?l?l?l?l | 12219 | 2.2585 % |  3.329115303296242e-13 |
| ?l?l?l?l?l?d?d?d?l?l?l?l | 10058 | 1.8591 % |  1.852471348154042e-12 |
| ?l?l?l?l?l?l?l?d?d       |  9992 | 1.8469 % | 1.2440533056741404e-08 |
| ?l?l?l?l?d?d?d?d?l?l?l?l |  8976 | 1.6591 % |    4.2982934315649e-12 |
| ?l?l?l?l?l?l?d?d?d       |  8644 | 1.5977 % |  2.798173700264502e-08 |
| ?l?l?l?l?l?l?l?l?d       |  8606 | 1.5907 % |  4.121113332447363e-09 |
| ?l?l?l?l?l?d?d           |  8585 | 1.5868 % | 7.2255940726057315e-06 |
| ?l?l?l?l?l?l?d           |  7681 | 1.4197 % | 2.4864382452257798e-06 |
| ?l?l?l?l?l?d             |  7533 | 1.3924 % |  6.340174740703433e-05 |
| ?l?l?l?l?l?l?l?l?d?d     |  7394 | 1.3667 % | 3.5407287915542415e-10 |
| ?l?l?l?l?l?l?l?l?l?l?l   |  6835 | 1.2634 % |  1.862223021362617e-12 |
| ?l?l?l?l?d?d             |  6722 | 1.2425 % | 0.00014709744056580652 |
+----------------------------------------------------------------------+
Words that didn't match any ?l?u?d?s mask: 1344 (0.2484 %)

Hashcat mask frequency, sorted by count/keyspace, top 20
+------------------------------------------------------------+
|      Mask      | Count | Of total |     Count/keyspace     |
+------------------------------------------------------------+
| ?d?d?d?d?d?d   | 23044 | 4.2594 % |               0.023044 |
| ?d?d?d?d?d?d?d |  6346 | 1.173 %  |              0.0006346 |
| ?l?l?d?d?d?d   |  2082 | 0.3848 % |  0.0003079881656804734 |
| ?l?l?l?d?d?d   |  4173 | 0.7713 % |  0.0002374260355029586 |
| ?l?l?l?l?l?l   | 51542 | 9.5269 % | 0.00016684806670411032 |
| ?l?l?l?l?d?d   |  6722 | 1.2425 % | 0.00014709744056580652 |
| ?l?d?d?d?d?d   |   379 | 0.0701 % | 0.00014576923076923076 |
| ?d?d?d?d?l?l   |   621 | 0.1148 % |  9.186390532544379e-05 |
| ?d?d?d?d?d?l   |   237 | 0.0438 % |  9.115384615384615e-05 |
| ?l?l?l?l?l?d   |  7533 | 1.3924 % |  6.340174740703433e-05 |
| ?d?d?d?l?l?l   |   768 | 0.142 %  |  4.369594902139281e-05 |
| ?l?d?l?d?l?d   |   533 | 0.0985 % |  3.032544378698225e-05 |
| ?l?d?d?d?d?l   |   203 | 0.0375 % |  3.002958579881657e-05 |
| ?l?d?d?l?d?d   |   163 | 0.0301 % |  2.411242603550296e-05 |
| ?d?d?d?d?d?d?l |   535 | 0.0989 % | 2.0576923076923076e-05 |
| ?d?d?l?l?d?d   |   137 | 0.0253 % | 2.0266272189349112e-05 |
| ?l?d?d?d?d?d?d |   516 | 0.0954 % | 1.9846153846153847e-05 |
| ?d?l?d?l?d?l   |   306 | 0.0566 % | 1.7410104688211195e-05 |
| ?l?l?l?d?d?d?d |  2923 | 0.5403 % |  1.663063268092854e-05 |
| ?u?d?d?d?d?d   |    36 | 0.0067 % | 1.3846153846153847e-05 |
+------------------------------------------------------------+
Words that didn't match any ?l?u?d?s mask: 1344 (0.2484 %)


Charset distribution of characters in beginning and end of words (len>=6)
+-------------------------------------------------------------------------------------------------+
| Charset\Index | 0 (first char) |     1     |     2     |    -3     |    -2     | -1 (last char) |
+-------------------------------------------------------------------------------------------------+
| lower         | 76.6485 %      | 81.255 %  | 81.3794 % | 66.518 %  | 53.5241 % | 44.7827 %      |
| upper         | 7.9677 %       | 1.5821 %  | 1.5225 %  | 1.2019 %  | 1.0426 %  | 1.0777 %       |
| digits        | 15.2161 %      | 16.9981 % | 16.9452 % | 32.0022 % | 45.1715 % | 53.6787 %      |
| symbols       | 0.1677 %       | 0.1647 %  | 0.1529 %  | 0.2779 %  | 0.2619 %  | 0.4609 %       |
+-------------------------------------------------------------------------------------------------+


Total characters: 	4460240
Unique characters: 	94
Top 50 characters: 	ae1orinslt203md9ckuh4pb586g7fywjvzxqASMBTREDLCPNHK

Character frequency, sorted by count, top 20
+-------------------------------+
| Character | Count  | Of total |
+-------------------------------+
| a         | 320628 | 7.1886 % |
| e         | 308693 | 6.921 %  |
| 1         | 242136 | 5.4288 % |
| o         | 224061 | 5.0235 % |
| r         | 217249 | 4.8708 % |
| i         | 195792 | 4.3897 % |
| n         | 195694 | 4.3875 % |
| s         | 188585 | 4.2281 % |
| l         | 170408 | 3.8206 % |
| t         | 161540 | 3.6218 % |
| 2         | 159419 | 3.5742 % |
| 0         | 137032 | 3.0723 % |
| 3         | 125967 | 2.8242 % |
| m         | 125020 | 2.803 %  |
| d         | 115009 | 2.5785 % |
| 9         | 109380 | 2.4523 % |
| c         | 100986 | 2.2641 % |
| k         |  97511 | 2.1862 % |
| u         |  92031 | 2.0634 % |
| h         |  92020 | 2.0631 % |
+-------------------------------+


Symbol frequency, sorted by count, top 20
+----------------+
| Symbol | Count |
+----------------+
| .      |  2186 |
| -      |  2007 |
| @      |  1726 |
| _      |  1411 |
| #      |   858 |
| *      |   790 |
|        |   485 |
| ,      |   298 |
| /      |   279 |
| ?      |   238 |
| %      |   234 |
| !      |   218 |
| )      |   181 |
| &      |   177 |
| (      |   173 |
| ;      |   112 |
| :      |    99 |
| [      |    91 |
| ]      |    63 |
| \      |    19 |
+----------------+


