Total entries = 36220
Total unique entries = 18981

Top 10 passwords
123456 = 5484 (15.14%)
123456789 = 810 (2.24%)
111111 = 265 (0.73%)
anhyeuem = 251 (0.69%)
123123 = 213 (0.59%)
1234567 = 178 (0.49%)
25251325 = 164 (0.45%)
12345678 = 159 (0.44%)
12345 = 103 (0.28%)
iloveyou = 101 (0.28%)

Top 10 base words
anhyeuem = 258 (0.71%)
iloveyou = 107 (0.3%)
freeze = 101 (0.28%)
maiyeuem = 90 (0.25%)
vrbgqns = 88 (0.24%)
ugd5hip2j = 81 (0.22%)
mylove = 76 (0.21%)
khongbiet = 72 (0.2%)
phrowz = 63 (0.17%)
toilatoi = 61 (0.17%)

Password length (length ordered)
1 = 17 (0.05%)
2 = 7 (0.02%)
3 = 93 (0.26%)
4 = 287 (0.79%)
5 = 314 (0.87%)
6 = 14661 (40.48%)
7 = 4727 (13.05%)
8 = 8538 (23.57%)
9 = 3570 (9.86%)
10 = 2756 (7.61%)
11 = 573 (1.58%)
12 = 318 (0.88%)
13 = 158 (0.44%)
14 = 80 (0.22%)
15 = 17 (0.05%)
16 = 20 (0.06%)
17 = 4 (0.01%)
18 = 2 (0.01%)
19 = 2 (0.01%)
20 = 1 (0.0%)
23 = 1 (0.0%)
32 = 71 (0.2%)
42 = 1 (0.0%)
49 = 1 (0.0%)
50 = 1 (0.0%)

Password length (count ordered)
6 = 14661 (40.48%)
8 = 8538 (23.57%)
7 = 4727 (13.05%)
9 = 3570 (9.86%)
10 = 2756 (7.61%)
11 = 573 (1.58%)
12 = 318 (0.88%)
5 = 314 (0.87%)
4 = 287 (0.79%)
13 = 158 (0.44%)
3 = 93 (0.26%)
14 = 80 (0.22%)
32 = 71 (0.2%)
16 = 20 (0.06%)
1 = 17 (0.05%)
15 = 17 (0.05%)
2 = 7 (0.02%)
17 = 4 (0.01%)
18 = 2 (0.01%)
19 = 2 (0.01%)
20 = 1 (0.0%)
50 = 1 (0.0%)
42 = 1 (0.0%)
23 = 1 (0.0%)
49 = 1 (0.0%)

      |                                                                 
      |                                                                 
      |                                                                 
      |                                                                 
      |                                                                 
      |                                                                 
      | |                                                               
      | |                                                               
      | |                                                               
      | |                                                               
      |||                                                               
      |||                                                               
      |||||                                                             
      |||||                                                             
      |||||                                                             
||||||||||||||||||||||||||||||||||||||||||||||||||||                    
0000000000111111111122222222223333333333444444444455
0123456789012345678901234567890123456789012345678901

One to six characters = 15379 (42.46%)
One to eight characters = 28644 (79.08%)
More than eight characters = 7576 (20.92%)

Only lowercase alpha = 12895 (35.6%)
Only uppercase alpha = 51 (0.14%)
Only alpha = 12946 (35.74%)
Only numeric = 19276 (53.22%)

First capital last symbol = 0 (0.0%)
First capital last number = 514 (1.42%)

Months
march = 2 (0.01%)
may = 60 (0.17%)
july = 1 (0.0%)

Days
monday = 1 (0.0%)
sunday = 2 (0.01%)

Months (Abreviated)
jan = 8 (0.02%)
mar = 31 (0.09%)
apr = 6 (0.02%)
may = 60 (0.17%)
jun = 7 (0.02%)
jul = 3 (0.01%)
aug = 3 (0.01%)
oct = 78 (0.22%)
nov = 6 (0.02%)
dec = 4 (0.01%)

Days (Abreviated)
mon = 53 (0.15%)
wed = 3 (0.01%)
fri = 15 (0.04%)
sat = 11 (0.03%)
sun = 27 (0.07%)

Includes years
1975 = 39 (0.11%)
1976 = 43 (0.12%)
1977 = 54 (0.15%)
1978 = 63 (0.17%)
1979 = 55 (0.15%)
1980 = 107 (0.3%)
1981 = 106 (0.29%)
1982 = 154 (0.43%)
1983 = 158 (0.44%)
1984 = 205 (0.57%)
1985 = 257 (0.71%)
1986 = 272 (0.75%)
1987 = 377 (1.04%)
1988 = 398 (1.1%)
1989 = 445 (1.23%)
1990 = 455 (1.26%)
1991 = 343 (0.95%)
1992 = 208 (0.57%)
1993 = 121 (0.33%)
1994 = 87 (0.24%)
1995 = 91 (0.25%)
1996 = 41 (0.11%)
1997 = 28 (0.08%)
1998 = 14 (0.04%)
1999 = 18 (0.05%)
2000 = 28 (0.08%)
2001 = 44 (0.12%)
2002 = 53 (0.15%)
2003 = 48 (0.13%)
2004 = 58 (0.16%)
2005 = 60 (0.17%)
2006 = 55 (0.15%)
2007 = 55 (0.15%)
2008 = 76 (0.21%)
2009 = 63 (0.17%)
2010 = 104 (0.29%)
2011 = 107 (0.3%)
2012 = 44 (0.12%)
2013 = 13 (0.04%)
2014 = 1 (0.0%)
2016 = 3 (0.01%)
2017 = 1 (0.0%)
2018 = 9 (0.02%)
2019 = 5 (0.01%)
2020 = 7 (0.02%)

Years (Top 10)
1990 = 455 (1.26%)
1989 = 445 (1.23%)
1988 = 398 (1.1%)
1987 = 377 (1.04%)
1991 = 343 (0.95%)
1986 = 272 (0.75%)
1985 = 257 (0.71%)
1992 = 208 (0.57%)
1984 = 205 (0.57%)
1983 = 158 (0.44%)

Colours
black = 22 (0.06%)
blue = 16 (0.04%)
green = 3 (0.01%)
pink = 2 (0.01%)
purple = 2 (0.01%)
red = 13 (0.04%)
white = 6 (0.02%)
violet = 3 (0.01%)

Single digit on the end = 259 (0.72%)
Two digits on the end = 384 (1.06%)
Three digits on the end = 1680 (4.64%)

Last number
0 = 1654 (4.57%)
1 = 1988 (5.49%)
2 = 1436 (3.96%)
3 = 1953 (5.39%)
4 = 1225 (3.38%)
5 = 1514 (4.18%)
6 = 6846 (18.9%)
7 = 1616 (4.46%)
8 = 1636 (4.52%)
9 = 2555 (7.05%)

      |                                                                 
      |                                                                 
      |                                                                 
      |                                                                 
      |                                                                 
      |                                                                 
      |                                                                 
      |                                                                 
      |                                                                 
      |                                                                 
      |  |                                                              
 | |  |  |                                                              
|||| |||||                                                              
||||||||||                                                              
||||||||||                                                              
||||||||||                                                              
0123456789

Last digit
6 = 6846 (18.9%)
9 = 2555 (7.05%)
1 = 1988 (5.49%)
3 = 1953 (5.39%)
0 = 1654 (4.57%)
8 = 1636 (4.52%)
7 = 1616 (4.46%)
5 = 1514 (4.18%)
2 = 1436 (3.96%)
4 = 1225 (3.38%)

Last 2 digits (Top 10)
56 = 5739 (15.84%)
89 = 1655 (4.57%)
23 = 966 (2.67%)
90 = 767 (2.12%)
88 = 666 (1.84%)
87 = 602 (1.66%)
11 = 548 (1.51%)
91 = 475 (1.31%)
86 = 471 (1.3%)
85 = 409 (1.13%)

Last 3 digits (Top 10)
456 = 5700 (15.74%)
789 = 951 (2.63%)
123 = 894 (2.47%)
990 = 466 (1.29%)
989 = 458 (1.26%)
988 = 403 (1.11%)
987 = 400 (1.1%)
111 = 352 (0.97%)
991 = 346 (0.96%)
986 = 285 (0.79%)

Last 4 digits (Top 10)
3456 = 5657 (15.62%)
6789 = 896 (2.47%)
1990 = 445 (1.23%)
1989 = 432 (1.19%)
1988 = 388 (1.07%)
1987 = 365 (1.01%)
1991 = 334 (0.92%)
1111 = 322 (0.89%)
1986 = 260 (0.72%)
1985 = 245 (0.68%)

Last 5 digits (Top 10)
23456 = 5644 (15.58%)
56789 = 887 (2.45%)
11111 = 308 (0.85%)
23123 = 227 (0.63%)
34567 = 193 (0.53%)
45678 = 171 (0.47%)
12345 = 169 (0.47%)
51325 = 166 (0.46%)
67890 = 92 (0.25%)
00000 = 92 (0.25%)

US Area Codes
456 = Inbound International (--)
989 = Upper central Michigan: Mt Pleasant, Saginaw (MI)

Character sets
numeric: 19276 (53.22%)
loweralpha: 12895 (35.6%)
loweralphanum: 2352 (6.49%)
mixedalphanum: 1339 (3.7%)
loweralphaspecialnum: 81 (0.22%)
specialnum: 59 (0.16%)
upperalpha: 51 (0.14%)
mixedalpha: 46 (0.13%)
loweralphaspecial: 32 (0.09%)
upperalphanum: 31 (0.09%)
special: 17 (0.05%)
mixedalphaspecialnum: 12 (0.03%)
mixedalphaspecial: 8 (0.02%)

Character set ordering
alldigit: 19276 (53.22%)
allstring: 12992 (35.87%)
stringdigit: 2280 (6.29%)
othermask: 955 (2.64%)
digitstring: 303 (0.84%)
digitstringdigit: 184 (0.51%)
stringdigitstring: 151 (0.42%)
stringspecialdigit: 24 (0.07%)
stringspecialstring: 19 (0.05%)
allspecial: 17 (0.05%)
stringspecial: 12 (0.03%)
specialstring: 7 (0.02%)

Hashcat masks (Top 10)
?d?d?d?d?d?d: 11381 (31.42%)
?d?d?d?d?d?d?d?d: 4215 (11.64%)
?l?l?l?l?l?l?l?l: 3585 (9.9%)
?l?l?l?l?l?l: 2667 (7.36%)
?l?l?l?l?l?l?l: 2438 (6.73%)
?l?l?l?l?l?l?l?l?l: 1968 (5.43%)
?d?d?d?d?d?d?d: 1856 (5.12%)
?d?d?d?d?d?d?d?d?d: 1081 (2.98%)
?l?l?l?l?l?l?l?l?l?l: 1060 (2.93%)
?l?l?l?l?l?l?l?l?l?l?l: 429 (1.18%)
