

passpal 0.4 report (www.thepasswordproject.com)

Total words: 	8643
Unique words: 	8402 (97.21 %)

Word frequency, sorted by count, top 20
+------------------------------+
|   Word    | Count | Of total |
+------------------------------+
| 000000    |     4 | 0.0463 % |
| 1q2w3e4r  |     4 | 0.0463 % |
| 111111    |     4 | 0.0463 % |
| 123       |     4 | 0.0463 % |
| 123321    |     4 | 0.0463 % |
| 222222    |     4 | 0.0463 % |
| 123456    |     4 | 0.0463 % |
| 123456789 |     4 | 0.0463 % |
| qazwsx    |     4 | 0.0463 % |
|           |     3 | 0.0347 % |
| 159753    |     3 | 0.0347 % |
| 55        |     3 | 0.0347 % |
| 555555    |     3 | 0.0347 % |
| 333333    |     3 | 0.0347 % |
| 654321    |     3 | 0.0347 % |
| 987654321 |     3 | 0.0347 % |
| 999999    |     3 | 0.0347 % |
| 1qaz2wsx  |     3 | 0.0347 % |
| 1         |     3 | 0.0347 % |
| 101010    |     3 | 0.0347 % |
+------------------------------+


Base word (len>=3) frequency, sorted by count, top 20
+----------------------------+
|  Word   | Count | Of total |
+----------------------------+
| qwerty  |    15 | 0.1736 % |
| qwe     |    11 | 0.1273 % |
| alex    |     8 | 0.0926 % |
| gfhjkm  |     7 | 0.081 %  |
| serg    |     6 | 0.0694 % |
| qaz     |     6 | 0.0694 % |
| olga    |     6 | 0.0694 % |
| qwert   |     5 | 0.0579 % |
| qwer    |     5 | 0.0579 % |
| qazwsx  |     5 | 0.0579 % |
| zxc     |     5 | 0.0579 % |
| zxcvbnm |     5 | 0.0579 % |
| anna    |     5 | 0.0579 % |
| qweASD  |     5 | 0.0579 % |
| ann     |     4 | 0.0463 % |
| bhbyf   |     4 | 0.0463 % |
| q2w3e4r |     4 | 0.0463 % |
| andrey  |     4 | 0.0463 % |
| honda   |     4 | 0.0463 % |
| qwaszx  |     4 | 0.0463 % |
+----------------------------+


Length frequency, sorted by length, full table
+----------------------------+
| Length | Count | Of total  |
+----------------------------+
|      0 |     3 | 0.0347 %  |
|      1 |     5 | 0.0579 %  |
|      2 |    13 | 0.1504 %  |
|      3 |    85 | 0.9835 %  |
|      4 |   379 | 4.3851 %  |
|      5 |   432 | 4.9983 %  |
|      6 |  2672 | 30.9152 % |
|      7 |  1618 | 18.7204 % |
|      8 |  2027 | 23.4525 % |
|      9 |   540 | 6.2478 %  |
|     10 |   367 | 4.2462 %  |
|     11 |   200 | 2.314 %   |
|     12 |    89 | 1.0297 %  |
|     13 |    47 | 0.5438 %  |
|     14 |    19 | 0.2198 %  |
|     15 |    18 | 0.2083 %  |
|     16 |     6 | 0.0694 %  |
|     17 |     2 | 0.0231 %  |
|     18 |     4 | 0.0463 %  |
|     19 |     1 | 0.0116 %  |
|     20 |     1 | 0.0116 %  |
|     24 |     1 | 0.0116 %  |
|     32 |   109 | 1.2611 %  |
|     33 |     1 | 0.0116 %  |
|     35 |     1 | 0.0116 %  |
|     40 |     3 | 0.0347 %  |
+----------------------------+


Charset frequency, sorted by count, full table
+------------------------------------------------------------------------+
|           Charset            | Count | Of total  |   Count/keyspace    |
+------------------------------------------------------------------------+
| lower-upper-numeric-symbolic |  8621 | 99.7455 % |   90.74736842105263 |
| lower-upper-numeric          |  8429 | 97.524 %  |   135.9516129032258 |
| lower-numeric-symbolic       |  7944 | 91.9125 % |   115.1304347826087 |
| lower-numeric                |  7775 | 89.9572 % |  215.97222222222223 |
| upper-numeric-symbolic       |  3691 | 42.7051 % |  53.492753623188406 |
| upper-numeric                |  3659 | 42.3348 % |  101.63888888888889 |
| numeric-symbolic             |  3588 | 41.5134 % |   83.44186046511628 |
| numeric                      |  3558 | 41.1663 % |               355.8 |
| lower-upper-symbolic         |  2768 | 32.0259 % |   32.56470588235294 |
| lower-upper                  |  2666 | 30.8458 % |   51.26923076923077 |
| lower-symbolic               |  2509 | 29.0293 % |   42.52542372881356 |
| lower                        |  2415 | 27.9417 % |   92.88461538461539 |
| upper-symbolic               |    42 | 0.4859 %  |   0.711864406779661 |
| upper                        |    33 | 0.3818 %  |  1.2692307692307692 |
| symbolic                     |     8 | 0.0926 %  | 0.24242424242424243 |
+------------------------------------------------------------------------+

Charset frequency, sorted by count/keyspace, full table
+------------------------------------------------------------------------+
|           Charset            | Count | Of total  |   Count/keyspace    |
+------------------------------------------------------------------------+
| numeric                      |  3558 | 41.1663 % |               355.8 |
| lower-numeric                |  7775 | 89.9572 % |  215.97222222222223 |
| lower-upper-numeric          |  8429 | 97.524 %  |   135.9516129032258 |
| lower-numeric-symbolic       |  7944 | 91.9125 % |   115.1304347826087 |
| upper-numeric                |  3659 | 42.3348 % |  101.63888888888889 |
| lower                        |  2415 | 27.9417 % |   92.88461538461539 |
| lower-upper-numeric-symbolic |  8621 | 99.7455 % |   90.74736842105263 |
| numeric-symbolic             |  3588 | 41.5134 % |   83.44186046511628 |
| upper-numeric-symbolic       |  3691 | 42.7051 % |  53.492753623188406 |
| lower-upper                  |  2666 | 30.8458 % |   51.26923076923077 |
| lower-symbolic               |  2509 | 29.0293 % |   42.52542372881356 |
| lower-upper-symbolic         |  2768 | 32.0259 % |   32.56470588235294 |
| upper                        |    33 | 0.3818 %  |  1.2692307692307692 |
| upper-symbolic               |    42 | 0.4859 %  |   0.711864406779661 |
| symbolic                     |     8 | 0.0926 %  | 0.24242424242424243 |
+------------------------------------------------------------------------+


Hashcat mask frequency, sorted by count, top 20
+----------------------------------------------------------------------+
|           Mask           | Count | Of total |     Count/keyspace     |
+----------------------------------------------------------------------+
| ?d?d?d?d?d?d             |  1384 | 16.013 % |               0.001384 |
| ?d?d?d?d?d?d?d?d?l?l?l?l |   859 | 9.9387 % | 1.8797486082420084e-11 |
| ?l?l?l?l?l?l             |   674 | 7.7982 % | 2.1818244724413167e-06 |
| ?d?d?d?d?d?d?d           |   640 | 7.4048 % |                6.4e-05 |
| ?l?l?l?l?l?l?l?l?l?l?l?l |   491 | 5.6809 % |  5.145188810359827e-15 |
| ?l?l?l?l?l?l?l           |   482 | 5.5768 % |  6.001137843624256e-08 |
| ?d?d?d?d?l?l?l?l         |   249 | 2.8809 % | 5.4488638352998846e-08 |
| ?l?l?l?l?l               |   210 | 2.4297 % |   1.76747205037531e-05 |
| ?l?l?l?l?l?l?l?l?l       |   183 | 2.1173 % | 3.3704738189718596e-11 |
| ?d?d?d?d?d               |   159 | 1.8396 % |                0.00159 |
| ?l?l?l?l?l?l?l?l?l?l     |   119 | 1.3768 % |  8.429726449299102e-13 |
| ?l?l?l?l?l?l?l?l         |   111 | 1.2843 % |  5.315402973526112e-10 |
| ?l?l?l?l?d?d?d?d?l?l?l?l |   100 | 1.157 %  |  4.788651327501003e-14 |
| ?l?l?l?l?l?l?d?d?l?l?l?l |    87 | 1.0066 % |  6.162909252848924e-15 |
| ?l?l?l?l?l?d?d           |    78 | 0.9025 % |  6.564896187108295e-08 |
| ?d?d?d?d?d?d?d?d?d?d     |    69 | 0.7983 % |                6.9e-09 |
| ?d?d?d?d?d?d?d?d?d       |    68 | 0.7868 % |                6.8e-08 |
| ?l?l?l?l?l?d?d?d?l?l?l?l |    63 | 0.7289 % | 1.1603270524329353e-14 |
| ?l?l?l?l?l?l?l?l?l?l?l   |    57 | 0.6595 % |  1.552987742760339e-14 |
| ?l?l?l?l?d?d             |    55 | 0.6364 % |  1.203564300969854e-06 |
+----------------------------------------------------------------------+
Words that didn't match any ?l?u?d?s mask: 22 (0.2545 %)

Hashcat mask frequency, sorted by count/keyspace, top 20
+------------------------------------------------------------+
|      Mask      | Count | Of total |     Count/keyspace     |
+------------------------------------------------------------+
| ?d             |     5 | 0.0579 % |                    0.5 |
| ?d?d           |     9 | 0.1041 % |                   0.09 |
| ?d?d?d         |    44 | 0.5091 % |                  0.044 |
| ?l?l           |     3 | 0.0347 % |   0.004437869822485207 |
| ?l?d           |     1 | 0.0116 % |  0.0038461538461538464 |
| ?l?l?l         |    38 | 0.4397 % |   0.002162039144287665 |
| ?d?d?d?d?d     |   159 | 1.8396 % |                0.00159 |
| ?d?d?d?d?d?d   |  1384 | 16.013 % |               0.001384 |
| ?d?d?d?d?d?d?d |   640 | 7.4048 % |                6.4e-05 |
| ?s?l?l         |     1 | 0.0116 % |  4.482696790389098e-05 |
| ?s?s?s         |     1 | 0.0116 % | 2.7826474107465842e-05 |
| ?l?l?l?l?l     |   210 | 2.4297 % |   1.76747205037531e-05 |
| ?l?l?d?d?d     |     6 | 0.0694 % |  8.875739644970414e-06 |
| ?l?d?d?d?d     |     2 | 0.0231 % |  7.692307692307692e-06 |
| ?l?l?d?d?d?d   |    31 | 0.3587 % | 4.5857988165680475e-06 |
| ?d?d?l?d?d     |     1 | 0.0116 % |  3.846153846153846e-06 |
| ?l?l?l?d?d     |     6 | 0.0694 % | 3.4137460172963133e-06 |
| ?d?d?s?d?d     |     1 | 0.0116 % | 3.0303030303030305e-06 |
| ?l?d?d?d?d?d   |     7 | 0.081 %  | 2.6923076923076923e-06 |
| ?d?d?d?d?d?l   |     7 | 0.081 %  | 2.6923076923076923e-06 |
+------------------------------------------------------------+
Words that didn't match any ?l?u?d?s mask: 22 (0.2545 %)


Charset distribution of characters in beginning and end of words (len>=6)
+-------------------------------------------------------------------------------------------------+
| Charset\Index | 0 (first char) |     1     |     2     |    -3     |    -2     | -1 (last char) |
+-------------------------------------------------------------------------------------------------+
| lower         | 46.4337 %      | 49.7282 % | 48.7764 % | 41.3851 % | 38.3092 % | 37.5859 %      |
| upper         | 6.0712 %       | 2.058 %   | 1.994 %   | 2.0324 %  | 2.0844 %  | 2.5412 %       |
| digits        | 47.0032 %      | 47.9032 % | 48.7634 % | 56.0388 % | 59.1921 % | 59.3025 %      |
| symbols       | 0.4919 %       | 0.3106 %  | 0.4661 %  | 0.5437 %  | 0.4143 %  | 0.5705 %       |
+-------------------------------------------------------------------------------------------------+


Total characters: 	64422
Unique characters: 	88
Top 50 characters: 	1029a738546erniftoslkdbchmvyujgpzwqxASKRLDHEMNP?GF

Character frequency, sorted by count, top 20
+------------------------------+
| Character | Count | Of total |
+------------------------------+
| 1         |  5604 | 8.6989 % |
| 0         |  4314 | 6.6965 % |
| 2         |  3956 | 6.1408 % |
| 9         |  3176 | 4.93 %   |
| a         |  2968 | 4.6071 % |
| 7         |  2889 | 4.4845 % |
| 3         |  2862 | 4.4426 % |
| 8         |  2808 | 4.3588 % |
| 5         |  2759 | 4.2827 % |
| 4         |  2428 | 3.7689 % |
| 6         |  2401 | 3.727 %  |
| e         |  2025 | 3.1433 % |
| r         |  1862 | 2.8903 % |
| n         |  1599 | 2.4821 % |
| i         |  1513 | 2.3486 % |
| f         |  1510 | 2.3439 % |
| t         |  1488 | 2.3098 % |
| o         |  1438 | 2.2322 % |
| s         |  1386 | 2.1514 % |
| l         |  1278 | 1.9838 % |
+------------------------------+


Symbol frequency, sorted by count, top 20
+----------------+
| Symbol | Count |
+----------------+
| ?      |    60 |
| .      |    39 |
| *      |    34 |
| ,      |    31 |
| -      |    31 |
| _      |    27 |
| @      |    21 |
| !      |    16 |
| [      |    14 |
| )      |     5 |
| '      |     5 |
| #      |     5 |
| ]      |     5 |
| /      |     5 |
| ;      |     5 |
| (      |     4 |
|        |     4 |
| %      |     3 |
| \      |     3 |
| :      |     1 |
+----------------+


