Total entries = 18448
Total unique entries = 15704

Top 10 passwords
123456 = 567 (3.07%)
111111 = 180 (0.98%)
123456789 = 99 (0.54%)
000000 = 90 (0.49%)
qwerasdf = 68 (0.37%)
12345678 = 52 (0.28%)
666666 = 51 (0.28%)
KR6sjhs412 = 44 (0.24%)
123321 = 42 (0.23%)
888888 = 39 (0.21%)

Top 10 base words
qwerasdf = 68 (0.37%)
kr6sjhs = 44 (0.24%)
krssjhs = 30 (0.16%)
casio = 28 (0.15%)
password = 21 (0.11%)
iloveyou = 19 (0.1%)
zxcvbnm = 17 (0.09%)
wang = 16 (0.09%)
bbbbbb = 16 (0.09%)
abcd = 12 (0.07%)

Password length (length ordered)
1 = 3 (0.02%)
2 = 3 (0.02%)
3 = 28 (0.15%)
4 = 90 (0.49%)
5 = 106 (0.57%)
6 = 6614 (35.85%)
7 = 2761 (14.97%)
8 = 4699 (25.47%)
9 = 1473 (7.98%)
10 = 1580 (8.56%)
11 = 677 (3.67%)
12 = 260 (1.41%)
13 = 80 (0.43%)
14 = 54 (0.29%)
15 = 12 (0.07%)
16 = 8 (0.04%)

Password length (count ordered)
6 = 6614 (35.85%)
8 = 4699 (25.47%)
7 = 2761 (14.97%)
10 = 1580 (8.56%)
9 = 1473 (7.98%)
11 = 677 (3.67%)
12 = 260 (1.41%)
5 = 106 (0.57%)
4 = 90 (0.49%)
13 = 80 (0.43%)
14 = 54 (0.29%)
3 = 28 (0.15%)
15 = 12 (0.07%)
16 = 8 (0.04%)
2 = 3 (0.02%)
1 = 3 (0.02%)

      |                                                                 
      |                                                                 
      |                                                                 
      |                                                                 
      | |                                                               
      | |                                                               
      | |                                                               
      | |                                                               
      | |                                                               
      |||                                                               
      |||                                                               
      |||                                                               
      |||||                                                             
      |||||                                                             
      ||||||                                                            
||||||||||||||||||                                                      
000000000011111111
012345678901234567

One to six characters = 6844 (37.1%)
One to eight characters = 14304 (77.54%)
More than eight characters = 4144 (22.46%)

Only lowercase alpha = 2606 (14.13%)
Only uppercase alpha = 110 (0.6%)
Only alpha = 2716 (14.72%)
Only numeric = 11726 (63.56%)

First capital last symbol = 2 (0.01%)
First capital last number = 475 (2.57%)

Months
april = 1 (0.01%)
may = 9 (0.05%)
june = 1 (0.01%)
july = 1 (0.01%)
september = 1 (0.01%)

Days
None found

Months (Abreviated)
jan = 9 (0.05%)
mar = 16 (0.09%)
apr = 2 (0.01%)
may = 9 (0.05%)
jun = 27 (0.15%)
jul = 1 (0.01%)
aug = 1 (0.01%)
sept = 1 (0.01%)
oct = 2 (0.01%)
nov = 1 (0.01%)
dec = 3 (0.02%)

Days (Abreviated)
mon = 7 (0.04%)
fri = 3 (0.02%)
sat = 2 (0.01%)
sun = 44 (0.24%)

Includes years
1975 = 17 (0.09%)
1976 = 38 (0.21%)
1977 = 50 (0.27%)
1978 = 62 (0.34%)
1979 = 45 (0.24%)
1980 = 81 (0.44%)
1981 = 152 (0.82%)
1982 = 199 (1.08%)
1983 = 205 (1.11%)
1984 = 218 (1.18%)
1985 = 188 (1.02%)
1986 = 173 (0.94%)
1987 = 122 (0.66%)
1988 = 87 (0.47%)
1989 = 64 (0.35%)
1990 = 28 (0.15%)
1991 = 29 (0.16%)
1992 = 16 (0.09%)
1993 = 12 (0.07%)
1994 = 8 (0.04%)
1995 = 5 (0.03%)
1996 = 5 (0.03%)
1997 = 13 (0.07%)
1998 = 5 (0.03%)
1999 = 13 (0.07%)
2000 = 47 (0.25%)
2001 = 36 (0.2%)
2002 = 26 (0.14%)
2003 = 30 (0.16%)
2004 = 32 (0.17%)
2005 = 28 (0.15%)
2006 = 18 (0.1%)
2007 = 11 (0.06%)
2008 = 25 (0.14%)
2009 = 8 (0.04%)
2010 = 34 (0.18%)
2011 = 20 (0.11%)
2012 = 17 (0.09%)
2013 = 79 (0.43%)
2014 = 4 (0.02%)
2015 = 6 (0.03%)
2016 = 7 (0.04%)
2017 = 4 (0.02%)
2018 = 11 (0.06%)
2019 = 6 (0.03%)
2020 = 11 (0.06%)

Years (Top 10)
1984 = 218 (1.18%)
1983 = 205 (1.11%)
1982 = 199 (1.08%)
1985 = 188 (1.02%)
1986 = 173 (0.94%)
1981 = 152 (0.82%)
1987 = 122 (0.66%)
1988 = 87 (0.47%)
1980 = 81 (0.44%)
2013 = 79 (0.43%)

Colours
black = 1 (0.01%)
blue = 6 (0.03%)
green = 2 (0.01%)
orange = 2 (0.01%)
red = 8 (0.04%)
violet = 1 (0.01%)

Single digit on the end = 180 (0.98%)
Two digits on the end = 193 (1.05%)
Three digits on the end = 910 (4.93%)

Last number
0 = 1741 (9.44%)
1 = 1888 (10.23%)
2 = 1355 (7.34%)
3 = 1362 (7.38%)
4 = 1156 (6.27%)
5 = 1238 (6.71%)
6 = 1936 (10.49%)
7 = 1174 (6.36%)
8 = 1573 (8.53%)
9 = 1351 (7.32%)

 |    |                                                                 
||    |                                                                 
||    | |                                                               
||    | |                                                               
||||  | ||                                                              
|||| || ||                                                              
||||||||||                                                              
||||||||||                                                              
||||||||||                                                              
||||||||||                                                              
||||||||||                                                              
||||||||||                                                              
||||||||||                                                              
||||||||||                                                              
||||||||||                                                              
||||||||||                                                              
0123456789

Last digit
6 = 1936 (10.49%)
1 = 1888 (10.23%)
0 = 1741 (9.44%)
8 = 1573 (8.53%)
3 = 1362 (7.38%)
2 = 1355 (7.34%)
9 = 1351 (7.32%)
5 = 1238 (6.71%)
7 = 1174 (6.36%)
4 = 1156 (6.27%)

Last 2 digits (Top 10)
56 = 691 (3.75%)
11 = 572 (3.1%)
00 = 488 (2.65%)
21 = 428 (2.32%)
23 = 415 (2.25%)
12 = 372 (2.02%)
20 = 330 (1.79%)
10 = 305 (1.65%)
14 = 297 (1.61%)
22 = 290 (1.57%)

Last 3 digits (Top 10)
456 = 628 (3.4%)
111 = 303 (1.64%)
000 = 226 (1.23%)
123 = 217 (1.18%)
321 = 134 (0.73%)
789 = 125 (0.68%)
314 = 123 (0.67%)
888 = 121 (0.66%)
520 = 106 (0.57%)
412 = 99 (0.54%)

Last 4 digits (Top 10)
3456 = 599 (3.25%)
1111 = 256 (1.39%)
0000 = 148 (0.8%)
1314 = 108 (0.59%)
6789 = 108 (0.59%)
8888 = 79 (0.43%)
6666 = 66 (0.36%)
5678 = 56 (0.3%)
3123 = 50 (0.27%)
3321 = 47 (0.25%)

Last 5 digits (Top 10)
23456 = 598 (3.24%)
11111 = 228 (1.24%)
00000 = 119 (0.65%)
56789 = 105 (0.57%)
88888 = 67 (0.36%)
66666 = 63 (0.34%)
01314 = 63 (0.34%)
45678 = 55 (0.3%)
23321 = 44 (0.24%)
23123 = 42 (0.23%)

US Area Codes
456 = Inbound International (--)
321 = Florida: Brevard County, Cape Canaveral area; Metro Orlando (FL)
314 = SE Missouri: St Louis city and parts of the metro area only (MO)
888 = US/Canada toll free (--)
520 = SE Arizona: Tucson area (AZ)
412 = W Pennsylvania: Pittsburgh (PA)

Character sets
numeric: 11726 (63.56%)
loweralphanum: 2841 (15.4%)
loweralpha: 2606 (14.13%)
mixedalphanum: 749 (4.06%)
upperalphanum: 187 (1.01%)
upperalpha: 110 (0.6%)
loweralphaspecialnum: 75 (0.41%)
mixedalpha: 68 (0.37%)
specialnum: 49 (0.27%)
loweralphaspecial: 21 (0.11%)
mixedalphaspecial: 5 (0.03%)
special: 4 (0.02%)
upperalphaspecialnum: 3 (0.02%)
mixedalphaspecialnum: 3 (0.02%)
upperalphaspecial: 1 (0.01%)

Character set ordering
alldigit: 11726 (63.56%)
allstring: 2784 (15.09%)
stringdigit: 2380 (12.9%)
othermask: 695 (3.77%)
digitstring: 469 (2.54%)
stringdigitstring: 210 (1.14%)
digitstringdigit: 122 (0.66%)
stringspecialdigit: 32 (0.17%)
stringspecialstring: 14 (0.08%)
stringspecial: 9 (0.05%)
allspecial: 4 (0.02%)
specialstring: 2 (0.01%)
specialstringspecial: 1 (0.01%)

Hashcat masks (Top 10)
?d?d?d?d?d?d: 5672 (30.75%)
?d?d?d?d?d?d?d?d: 2687 (14.57%)
?d?d?d?d?d?d?d: 1888 (10.23%)
?l?l?l?l?l?l?l?l: 1037 (5.62%)
?l?l?l?l?l?l: 541 (2.93%)
?d?d?d?d?d?d?d?d?d: 537 (2.91%)
?l?l?l?l?l?l?l: 405 (2.2%)
?d?d?d?d?d?d?d?d?d?d?d: 382 (2.07%)
?d?d?d?d?d?d?d?d?d?d: 316 (1.71%)
?l?l?l?l?l?l?l?l?l: 254 (1.38%)
