

passpal 0.4 report (www.thepasswordproject.com)

Total words: 	14369
Unique words: 	11912 (82.9 %)

Word frequency, sorted by count, top 20
+-------------------------------+
|    Word    | Count | Of total |
+-------------------------------+
| VQsaBLPzLa |   252 | 1.7538 % |
| 123456     |    97 | 0.6751 % |
| 12345678   |    90 | 0.6263 % |
| 0523213511 |    59 | 0.4106 % |
| gfhjkm1998 |    42 | 0.2923 % |
| 111111     |    38 | 0.2645 % |
| qwerty     |    38 | 0.2645 % |
| password4  |    37 | 0.2575 % |
| qo9iuTY8   |    34 | 0.2366 % |
| 11111111   |    33 | 0.2297 % |
| ffggyyo    |    25 | 0.174 %  |
| tester01   |    24 | 0.167 %  |
| Deder14    |    23 | 0.1601 % |
| nopass     |    23 | 0.1601 % |
| qwerty123  |    23 | 0.1601 % |
| 0JFlwm9479 |    20 | 0.1392 % |
| 57F5P62312 |    20 | 0.1392 % |
| 123456123  |    18 | 0.1253 % |
| 258258258  |    18 | 0.1253 % |
| password   |    17 | 0.1183 % |
+-------------------------------+


Base word (len>=3) frequency, sorted by count, top 20
+-------------------------------+
|    Word    | Count | Of total |
+-------------------------------+
| VQsaBLPzLa |   252 | 1.7538 % |
| qwerty     |    72 | 0.5011 % |
| password   |    63 | 0.4384 % |
| pass       |    59 | 0.4106 % |
| gfhjkm     |    42 | 0.2923 % |
| qo9iuTY    |    34 | 0.2366 % |
| Deder      |    27 | 0.1879 % |
| ffggyyo    |    25 | 0.174 %  |
| tester     |    24 | 0.167 %  |
| nopass     |    23 | 0.1601 % |
| dhool      |    21 | 0.1461 % |
| JFlwm      |    20 | 0.1392 % |
| F5P        |    20 | 0.1392 % |
| SOGANzU    |    17 | 0.1183 % |
| zxcdsaqw   |    17 | 0.1183 % |
| SONRKw     |    15 | 0.1044 % |
| D8ciAW     |    14 | 0.0974 % |
| vvvvvv     |    14 | 0.0974 % |
| traxtrax   |    14 | 0.0974 % |
| RaZvNCW    |    13 | 0.0905 % |
+-------------------------------+


Length frequency, sorted by length, full table
+----------------------------+
| Length | Count | Of total  |
+----------------------------+
|      2 |     1 | 0.007 %   |
|      3 |     7 | 0.0487 %  |
|      4 |    72 | 0.5011 %  |
|      5 |   170 | 1.1831 %  |
|      6 |  1074 | 7.4744 %  |
|      7 |   727 | 5.0595 %  |
|      8 |  1657 | 11.5318 % |
|      9 |   803 | 5.5884 %  |
|     10 |  9476 | 65.9475 % |
|     11 |   176 | 1.2249 %  |
|     12 |   106 | 0.7377 %  |
|     13 |    33 | 0.2297 %  |
|     14 |    27 | 0.1879 %  |
|     15 |    20 | 0.1392 %  |
|     16 |    10 | 0.0696 %  |
|     17 |     6 | 0.0418 %  |
|     19 |     1 | 0.007 %   |
|     22 |     1 | 0.007 %   |
|     32 |     2 | 0.0139 %  |
+----------------------------+


Charset frequency, sorted by count, full table
+-----------------------------------------------------------------------+
|           Charset            | Count | Of total  |   Count/keyspace   |
+-----------------------------------------------------------------------+
| lower-upper-numeric-symbolic | 14364 | 99.9652 % |              151.2 |
| lower-upper-numeric          | 14307 | 99.5685 % | 230.75806451612902 |
| lower-numeric-symbolic       |  5226 | 36.37 %   |  75.73913043478261 |
| lower-numeric                |  5185 | 36.0846 % | 144.02777777777777 |
| lower-upper-symbolic         |  2661 | 18.519 %  | 31.305882352941175 |
| lower-upper                  |  2641 | 18.3798 % |  50.78846153846154 |
| lower-symbolic               |  2168 | 15.088 %  |  36.74576271186441 |
| lower                        |  2151 | 14.9697 % |  82.73076923076923 |
| upper-numeric-symbolic       |  1833 | 12.7566 % | 26.565217391304348 |
| upper-numeric                |  1830 | 12.7358 % | 50.833333333333336 |
| numeric-symbolic             |  1524 | 10.6062 % |  35.44186046511628 |
| numeric                      |  1523 | 10.5992 % |              152.3 |
| upper-symbolic               |    58 | 0.4036 %  | 0.9830508474576272 |
| upper                        |    58 | 0.4036 %  |  2.230769230769231 |
+-----------------------------------------------------------------------+

Charset frequency, sorted by count/keyspace, full table
+-----------------------------------------------------------------------+
|           Charset            | Count | Of total  |   Count/keyspace   |
+-----------------------------------------------------------------------+
| lower-upper-numeric          | 14307 | 99.5685 % | 230.75806451612902 |
| numeric                      |  1523 | 10.5992 % |              152.3 |
| lower-upper-numeric-symbolic | 14364 | 99.9652 % |              151.2 |
| lower-numeric                |  5185 | 36.0846 % | 144.02777777777777 |
| lower                        |  2151 | 14.9697 % |  82.73076923076923 |
| lower-numeric-symbolic       |  5226 | 36.37 %   |  75.73913043478261 |
| upper-numeric                |  1830 | 12.7358 % | 50.833333333333336 |
| lower-upper                  |  2641 | 18.3798 % |  50.78846153846154 |
| lower-symbolic               |  2168 | 15.088 %  |  36.74576271186441 |
| numeric-symbolic             |  1524 | 10.6062 % |  35.44186046511628 |
| lower-upper-symbolic         |  2661 | 18.519 %  | 31.305882352941175 |
| upper-numeric-symbolic       |  1833 | 12.7566 % | 26.565217391304348 |
| upper                        |    58 | 0.4036 %  |  2.230769230769231 |
| upper-symbolic               |    58 | 0.4036 %  | 0.9830508474576272 |
+-----------------------------------------------------------------------+


Hashcat mask frequency, sorted by count, top 20
+----------------------------------------------------------------------+
|           Mask           | Count | Of total |     Count/keyspace     |
+----------------------------------------------------------------------+
| ?l?l?l?l?l?l?l?l?l?l?l?l |   665 | 4.628 %  |  6.968534743155367e-15 |
| ?l?l?l?l?l?l             |   524 | 3.6467 % | 1.6962552278327152e-06 |
| ?d?d?d?d?d?d             |   392 | 2.7281 % |               0.000392 |
| ?l?l?l?l?l?l?l           |   377 | 2.6237 % |  4.693836031216483e-08 |
| ?d?d?d?d?d?d?d?d?d?d     |   368 | 2.5611 % |               3.68e-08 |
| ?d?d?d?d?d?d?d?d?d       |   336 | 2.3384 % |               3.36e-07 |
| ?d?d?d?d?d?d?d?d?l?l?l?l |   265 | 1.8442 % |   5.79899163194566e-12 |
| ?u?u?l?l?u?u?u?l?u?l     |   252 | 1.7538 % | 1.7851185422045158e-12 |
| ?l?l?l?l?l?l?l?l?l       |   159 | 1.1065 % |  2.928444465664075e-11 |
| ?l?l?l?l?l               |   121 | 0.8421 % | 1.0184005623591071e-05 |
| ?l?l?l?l?l?l?l?l?l?l     |   103 | 0.7168 % |  7.296317851074013e-13 |
| ?l?l?l?l?d?d?d           |    84 | 0.5846 % | 1.8381709323903225e-07 |
| ?l?l?l?l?l?l?d?d?d?d     |    81 | 0.5637 % |  2.622073920886449e-11 |
| ?d?d?d?d?d?d?d           |    77 | 0.5359 % |                7.7e-06 |
| ?l?l?l?l?d?d?d?d?l?l?l?l |    75 | 0.522 %  |  3.591488495625752e-14 |
| ?l?l?l?l?l?l?d?d?l?l?l?l |    73 | 0.508 %  | 5.1711767294019704e-15 |
| ?l?l?l?l?l?l?l?l?l?l?l   |    68 | 0.4732 % | 1.8526871317140883e-14 |
| ?l?l?l?l?l?d?d?d?l?l?l?l |    61 | 0.4245 % | 1.1234912729906199e-14 |
| ?l?l?l?l?l?l?l?l?d       |    58 | 0.4036 % | 2.7774177699505814e-11 |
| ?l?l?l?l?l?l?d?d?d       |    54 | 0.3758 % |  1.748049280590966e-10 |
+----------------------------------------------------------------------+
Words that didn't match any ?l?u?d?s mask: 5 (0.0348 %)

Hashcat mask frequency, sorted by count/keyspace, top 20
+----------------------------------------------------------------+
|        Mask        | Count | Of total |     Count/keyspace     |
+----------------------------------------------------------------+
| ?d?d?d             |     3 | 0.0209 % |                  0.003 |
| ?l?l               |     1 | 0.007 %  |  0.0014792899408284023 |
| ?d?d?d?d?d?d       |   392 | 2.7281 % |               0.000392 |
| ?d?d?d?d?d         |    33 | 0.2297 % |                0.00033 |
| ?l?l?l             |     4 | 0.0278 % |  0.0002275830678197542 |
| ?l?l?l?l?l         |   121 | 0.8421 % | 1.0184005623591071e-05 |
| ?d?d?d?d?d?d?d     |    77 | 0.5359 % |                7.7e-06 |
| ?d?d?d?d?d?l       |    10 | 0.0696 % |  3.846153846153846e-06 |
| ?l?l?l?d?d         |     4 | 0.0278 % |  2.275830678197542e-06 |
| ?l?l?l?d?d?d       |    39 | 0.2714 % | 2.2189349112426035e-06 |
| ?l?l?l?l?l?l       |   524 | 3.6467 % | 1.6962552278327152e-06 |
| ?l?l?d?d?d?d       |    11 | 0.0766 % | 1.6272189349112426e-06 |
| ?l?l?d?d?d         |     1 | 0.007 %  | 1.4792899408284024e-06 |
| ?l?l?d?l?d         |     1 | 0.007 %  |  5.689576695493855e-07 |
| ?l?l?d?d?l         |     1 | 0.007 %  |  5.689576695493855e-07 |
| ?d?d?l?l?l         |     1 | 0.007 %  |  5.689576695493855e-07 |
| ?l?l?l?l?d?d       |    21 | 0.1461 % | 4.5954273309758064e-07 |
| ?l?l?l?l?d         |     2 | 0.0139 % | 4.3765974580721964e-07 |
| ?d?d?d?d?d?d?d?d?d |   336 | 2.3384 % |               3.36e-07 |
| ?d?d?d?d?d?s       |     1 | 0.007 %  | 3.0303030303030305e-07 |
+----------------------------------------------------------------+
Words that didn't match any ?l?u?d?s mask: 5 (0.0348 %)


Charset distribution of characters in beginning and end of words (len>=6)
+-------------------------------------------------------------------------------------------------+
| Charset\Index | 0 (first char) |     1     |     2     |    -3     |    -2     | -1 (last char) |
+-------------------------------------------------------------------------------------------------+
| lower         | 48.7287 %      | 49.9292 % | 51.3492 % | 21.9507 % | 18.572 %  | 19.7478 %      |
| upper         | 29.5842 %      | 27.9218 % | 26.5529 % | 2.2312 %  | 4.0657 %  | 2.0116 %       |
| digits        | 21.68 %        | 22.1419 % | 22.0554 % | 75.7544 % | 77.2843 % | 78.1272 %      |
| symbols       | 0.0071 %       | 0.0071 %  | 0.0425 %  | 0.0637 %  | 0.0779 %  | 0.1133 %       |
+-------------------------------------------------------------------------------------------------+


Total characters: 	132619
Unique characters: 	80
Top 50 characters: 	123547689aseri0nodthmlukvgpcybfzLjwqVBxPQAIGDFYXSK

Character frequency, sorted by count, top 20
+------------------------------+
| Character | Count | Of total |
+------------------------------+
| 1         |  7099 | 5.3529 % |
| 2         |  5952 | 4.488 %  |
| 3         |  5620 | 4.2377 % |
| 5         |  5578 | 4.206 %  |
| 4         |  5312 | 4.0055 % |
| 7         |  5163 | 3.8931 % |
| 6         |  5082 | 3.832 %  |
| 8         |  5077 | 3.8283 % |
| 9         |  5058 | 3.8139 % |
| a         |  4538 | 3.4218 % |
| s         |  3102 | 2.339 %  |
| e         |  2552 | 1.9243 % |
| r         |  2458 | 1.8534 % |
| i         |  2442 | 1.8414 % |
| 0         |  2331 | 1.7577 % |
| n         |  2330 | 1.7569 % |
| o         |  2194 | 1.6544 % |
| d         |  2148 | 1.6197 % |
| t         |  2143 | 1.6159 % |
| h         |  2039 | 1.5375 % |
+------------------------------+


Symbol frequency, sorted by count, top 20
+----------------+
| Symbol | Count |
+----------------+
| [      |    13 |
| _      |    13 |
| .      |     9 |
| -      |     9 |
| *      |     8 |
| /      |     8 |
| @      |     7 |
| !      |     3 |
| }      |     1 |
| {      |     1 |
| #      |     1 |
| ?      |     1 |
| ,      |     1 |
|        |     1 |
+----------------+


