                       _ 
     StatsGen 0.0.3   | |
      _ __   __ _  ___| | _
     | '_ \ / _` |/ __| |/ /
     | |_) | (_| | (__|   < 
     | .__/ \__,_|\___|_|\_\
     | |                    
     |_| iphelix@thesprawl.org


[*] Analyzing passwords in [/admin/hashpass/003-targets/00-dhool/dhool.dic]
[+] Analyzing 100% (14369/14369) of passwords
    NOTE: Statistics below is relative to the number of analyzed passwords, not total number of passwords

[*] Length:
[+]                        10: 65% (9476)
[+]                         8: 11% (1657)
[+]                         6: 07% (1074)
[+]                         9: 05% (803)
[+]                         7: 05% (727)
[+]                        11: 01% (176)
[+]                         5: 01% (170)
[+]                        12: 00% (106)
[+]                         4: 00% (72)
[+]                        13: 00% (33)
[+]                        14: 00% (27)
[+]                        15: 00% (20)
[+]                        16: 00% (10)
[+]                         3: 00% (7)
[+]                        17: 00% (6)
[+]                        32: 00% (2)
[+]                         2: 00% (1)
[+]                        19: 00% (1)
[+]                        22: 00% (1)

[*] Character-set:
[+]             mixedalphanum: 58% (8383)
[+]                loweralpha: 14% (2151)
[+]                   numeric: 10% (1523)
[+]             loweralphanum: 10% (1511)
[+]                mixedalpha: 03% (432)
[+]             upperalphanum: 01% (249)
[+]                upperalpha: 00% (58)
[+]      loweralphaspecialnum: 00% (25)
[+]         loweralphaspecial: 00% (17)
[+]                       all: 00% (13)
[+]         mixedalphaspecial: 00% (3)
[+]      upperalphaspecialnum: 00% (2)
[+]                specialnum: 00% (2)

[*] Password complexity:
[+]                     digit: min(0) max(21)
[+]                     lower: min(0) max(17)
[+]                     upper: min(0) max(12)
[+]                   special: min(0) max(3)

[*] Simple Masks:
[+]                 othermask: 35% (5099)
[+]               stringdigit: 27% (3975)
[+]                    string: 18% (2641)
[+]                     digit: 10% (1523)
[+]          digitstringdigit: 05% (722)
[+]         stringdigitstring: 01% (269)
[+]               digitstring: 00% (107)
[+]       stringspecialstring: 00% (12)
[+]        stringdigitspecial: 00% (7)
[+]        stringspecialdigit: 00% (6)
[+]             stringspecial: 00% (5)
[+]             specialstring: 00% (1)
[+]              digitspecial: 00% (1)
[+]         digitspecialdigit: 00% (1)

[*] Advanced Masks:
[+]          ?l?l?l?l?l?l?l?l: 04% (665)
[+]              ?l?l?l?l?l?l: 03% (524)
[+]              ?d?d?d?d?d?d: 02% (392)
[+]            ?l?l?l?l?l?l?l: 02% (377)
[+]      ?d?d?d?d?d?d?d?d?d?d: 02% (368)
[+]        ?d?d?d?d?d?d?d?d?d: 02% (336)
[+]          ?d?d?d?d?d?d?d?d: 01% (265)
[+]      ?u?u?l?l?u?u?u?l?u?l: 01% (252)
[+]        ?l?l?l?l?l?l?l?l?l: 01% (159)
