Total entries = 14369
Total unique entries = 11912

Top 10 passwords
VQsaBLPzLa = 252 (1.75%)
123456 = 97 (0.68%)
12345678 = 90 (0.63%)
0523213511 = 59 (0.41%)
gfhjkm1998 = 42 (0.29%)
qwerty = 38 (0.26%)
111111 = 38 (0.26%)
password4 = 37 (0.26%)
qo9iuTY8 = 34 (0.24%)
11111111 = 33 (0.23%)

Top 10 base words
vqsablpzla = 252 (1.75%)
qwerty = 72 (0.5%)
password = 63 (0.44%)
pass = 59 (0.41%)
gfhjkm = 42 (0.29%)
qo9iuty = 34 (0.24%)
deder = 27 (0.19%)
ffggyyo = 25 (0.17%)
tester = 24 (0.17%)
nopass = 23 (0.16%)

Password length (length ordered)
2 = 1 (0.01%)
3 = 7 (0.05%)
4 = 72 (0.5%)
5 = 170 (1.18%)
6 = 1074 (7.47%)
7 = 727 (5.06%)
8 = 1657 (11.53%)
9 = 803 (5.59%)
10 = 9476 (65.95%)
11 = 176 (1.22%)
12 = 106 (0.74%)
13 = 33 (0.23%)
14 = 27 (0.19%)
15 = 20 (0.14%)
16 = 10 (0.07%)
17 = 6 (0.04%)
19 = 1 (0.01%)
22 = 1 (0.01%)
32 = 2 (0.01%)

Password length (count ordered)
10 = 9476 (65.95%)
8 = 1657 (11.53%)
6 = 1074 (7.47%)
9 = 803 (5.59%)
7 = 727 (5.06%)
11 = 176 (1.22%)
5 = 170 (1.18%)
12 = 106 (0.74%)
4 = 72 (0.5%)
13 = 33 (0.23%)
14 = 27 (0.19%)
15 = 20 (0.14%)
16 = 10 (0.07%)
3 = 7 (0.05%)
17 = 6 (0.04%)
32 = 2 (0.01%)
22 = 1 (0.01%)
2 = 1 (0.01%)
19 = 1 (0.01%)

          |                                                             
          |                                                             
          |                                                             
          |                                                             
          |                                                             
          |                                                             
          |                                                             
          |                                                             
          |                                                             
          |                                                             
          |                                                             
          |                                                             
          |                                                             
        | |                                                             
      |||||                                                             
||||||||||||||||||||||||||||||||||                                      
0000000000111111111122222222223333
0123456789012345678901234567890123

One to six characters = 1324 (9.21%)
One to eight characters = 3708 (25.81%)
More than eight characters = 10661 (74.19%)

Only lowercase alpha = 2151 (14.97%)
Only uppercase alpha = 58 (0.4%)
Only alpha = 2209 (15.37%)
Only numeric = 1523 (10.6%)

First capital last symbol = 5 (0.03%)
First capital last number = 3672 (25.56%)

Months
january = 3 (0.02%)
april = 1 (0.01%)
may = 7 (0.05%)
june = 1 (0.01%)
july = 1 (0.01%)
august = 1 (0.01%)
november = 1 (0.01%)

Days
sunday = 1 (0.01%)

Months (Abreviated)
jan = 21 (0.15%)
mar = 36 (0.25%)
apr = 5 (0.03%)
may = 7 (0.05%)
jun = 6 (0.04%)
jul = 4 (0.03%)
aug = 3 (0.02%)
oct = 3 (0.02%)
nov = 4 (0.03%)
dec = 2 (0.01%)

Days (Abreviated)
mon = 11 (0.08%)
wed = 3 (0.02%)
fri = 5 (0.03%)
sat = 5 (0.03%)
sun = 21 (0.15%)

Includes years
1975 = 2 (0.01%)
1976 = 6 (0.04%)
1977 = 2 (0.01%)
1978 = 4 (0.03%)
1979 = 7 (0.05%)
1980 = 8 (0.06%)
1981 = 2 (0.01%)
1982 = 5 (0.03%)
1983 = 2 (0.01%)
1984 = 5 (0.03%)
1985 = 3 (0.02%)
1986 = 1 (0.01%)
1987 = 3 (0.02%)
1988 = 6 (0.04%)
1989 = 8 (0.06%)
1990 = 5 (0.03%)
1992 = 1 (0.01%)
1993 = 3 (0.02%)
1994 = 2 (0.01%)
1996 = 3 (0.02%)
1998 = 45 (0.31%)
1999 = 3 (0.02%)
2000 = 7 (0.05%)
2001 = 3 (0.02%)
2002 = 1 (0.01%)
2003 = 5 (0.03%)
2004 = 6 (0.04%)
2005 = 5 (0.03%)
2006 = 7 (0.05%)
2007 = 11 (0.08%)
2008 = 4 (0.03%)
2009 = 3 (0.02%)
2010 = 2 (0.01%)
2011 = 2 (0.01%)
2012 = 2 (0.01%)
2013 = 2 (0.01%)
2014 = 1 (0.01%)
2015 = 1 (0.01%)
2017 = 1 (0.01%)
2018 = 1 (0.01%)
2019 = 1 (0.01%)
2020 = 5 (0.03%)

Years (Top 10)
1998 = 45 (0.31%)
2007 = 11 (0.08%)
1989 = 8 (0.06%)
1980 = 8 (0.06%)
1979 = 7 (0.05%)
2000 = 7 (0.05%)
2006 = 7 (0.05%)
1988 = 6 (0.04%)
1976 = 6 (0.04%)
2004 = 6 (0.04%)

Colours
black = 1 (0.01%)
blue = 3 (0.02%)
red = 13 (0.09%)
white = 1 (0.01%)

Single digit on the end = 309 (2.15%)
Two digits on the end = 294 (2.05%)
Three digits on the end = 7233 (50.34%)

Last number
0 = 198 (1.38%)
1 = 1321 (9.19%)
2 = 1159 (8.07%)
3 = 1283 (8.93%)
4 = 1173 (8.16%)
5 = 1179 (8.21%)
6 = 1215 (8.46%)
7 = 1162 (8.09%)
8 = 1282 (8.92%)
9 = 1121 (7.8%)

 | |    |                                                               
 ||||||||                                                               
 |||||||||                                                              
 |||||||||                                                              
 |||||||||                                                              
 |||||||||                                                              
 |||||||||                                                              
 |||||||||                                                              
 |||||||||                                                              
 |||||||||                                                              
 |||||||||                                                              
 |||||||||                                                              
 |||||||||                                                              
||||||||||                                                              
||||||||||                                                              
||||||||||                                                              
0123456789

Last digit
1 = 1321 (9.19%)
3 = 1283 (8.93%)
8 = 1282 (8.92%)
6 = 1215 (8.46%)
5 = 1179 (8.21%)
4 = 1173 (8.16%)
7 = 1162 (8.09%)
2 = 1159 (8.07%)
9 = 1121 (7.8%)
0 = 198 (1.38%)

Last 2 digits (Top 10)
23 = 307 (2.14%)
11 = 264 (1.84%)
56 = 238 (1.66%)
78 = 231 (1.61%)
12 = 174 (1.21%)
14 = 166 (1.16%)
98 = 164 (1.14%)
22 = 159 (1.11%)
79 = 148 (1.03%)
25 = 145 (1.01%)

Last 3 digits (Top 10)
123 = 194 (1.35%)
456 = 126 (0.88%)
678 = 120 (0.84%)
111 = 90 (0.63%)
511 = 84 (0.58%)
998 = 53 (0.37%)
234 = 43 (0.3%)
258 = 40 (0.28%)
312 = 37 (0.26%)
567 = 33 (0.23%)

Last 4 digits (Top 10)
3456 = 112 (0.78%)
5678 = 105 (0.73%)
1111 = 77 (0.54%)
3511 = 59 (0.41%)
1998 = 43 (0.3%)
2312 = 23 (0.16%)
9479 = 20 (0.14%)
6123 = 18 (0.13%)
1234 = 18 (0.13%)
2345 = 18 (0.13%)

Last 5 digits (Top 10)
23456 = 110 (0.77%)
45678 = 93 (0.65%)
11111 = 77 (0.54%)
13511 = 59 (0.41%)
62312 = 20 (0.14%)
56123 = 18 (0.13%)
58258 = 18 (0.13%)
12345 = 17 (0.12%)
18511 = 11 (0.08%)
22222 = 10 (0.07%)

US Area Codes
456 = Inbound International (--)
678 = N Georgia: metropolitan Atlanta (GA)
511 = Nationwide travel information (--)
234 = NE Ohio: Canton, Akron (OH)
312 = Illinois: Chicago (IL)
567 = NW Ohio: Toledo (OH)

Character sets
mixedalphanum: 8383 (58.34%)
loweralpha: 2151 (14.97%)
numeric: 1523 (10.6%)
loweralphanum: 1511 (10.52%)
mixedalpha: 432 (3.01%)
upperalphanum: 249 (1.73%)
upperalpha: 58 (0.4%)
loweralphaspecialnum: 25 (0.17%)
loweralphaspecial: 17 (0.12%)
mixedalphaspecialnum: 13 (0.09%)
upperalphaspecialnum: 2 (0.01%)
mixedalphaspecial: 2 (0.01%)
specialnum: 2 (0.01%)

Character set ordering
othermask: 5109 (35.56%)
stringdigit: 3975 (27.66%)
allstring: 2641 (18.38%)
alldigit: 1523 (10.6%)
digitstringdigit: 722 (5.02%)
stringdigitstring: 269 (1.87%)
digitstring: 107 (0.74%)
stringspecialstring: 11 (0.08%)
stringspecialdigit: 6 (0.04%)
stringspecial: 5 (0.03%)
specialstring: 1 (0.01%)

Hashcat masks (Top 10)
?l?l?l?l?l?l?l?l: 665 (4.63%)
?l?l?l?l?l?l: 524 (3.65%)
?d?d?d?d?d?d: 392 (2.73%)
?l?l?l?l?l?l?l: 377 (2.62%)
?d?d?d?d?d?d?d?d?d?d: 368 (2.56%)
?d?d?d?d?d?d?d?d?d: 336 (2.34%)
?d?d?d?d?d?d?d?d: 265 (1.84%)
?u?u?l?l?u?u?u?l?u?l: 252 (1.75%)
?l?l?l?l?l?l?l?l?l: 159 (1.11%)
?l?l?l?l?l: 121 (0.84%)
