Total entries = 5592
Total unique entries = 5560

Top 10 passwords
dominicvinn = 2 (0.04%)
hp7940klc = 2 (0.04%)
hamstertuxtrax = 2 (0.04%)
wwwwwwwortel = 2 (0.04%)
trumpetscat = 2 (0.04%)
standalonealone = 2 (0.04%)
salassalasala = 2 (0.04%)
raliakaka = 2 (0.04%)
powerchriz = 2 (0.04%)
passworddonno = 2 (0.04%)

Top 10 base words
joker420joker = 2 (0.04%)
dreamcastfizgig = 2 (0.04%)
newfiekufa = 2 (0.04%)
mydslwiljen = 2 (0.04%)
hp7940klc = 2 (0.04%)
hamstertuxtrax = 2 (0.04%)
adrian = 2 (0.04%)
animalfarmlra = 2 (0.04%)
scrollace = 2 (0.04%)
lennon44alish = 2 (0.04%)

Password length (length ordered)
8 = 44 (0.79%)
9 = 244 (4.36%)
10 = 473 (8.46%)
11 = 623 (11.14%)
12 = 906 (16.2%)
13 = 816 (14.59%)
14 = 804 (14.38%)
15 = 615 (11.0%)
16 = 416 (7.44%)
17 = 244 (4.36%)
18 = 159 (2.84%)
19 = 95 (1.7%)
20 = 80 (1.43%)
21 = 27 (0.48%)
22 = 24 (0.43%)
23 = 7 (0.13%)
24 = 6 (0.11%)
25 = 1 (0.02%)
26 = 2 (0.04%)
27 = 1 (0.02%)
28 = 2 (0.04%)
29 = 1 (0.02%)
30 = 1 (0.02%)
36 = 1 (0.02%)

Password length (count ordered)
12 = 906 (16.2%)
13 = 816 (14.59%)
14 = 804 (14.38%)
11 = 623 (11.14%)
15 = 615 (11.0%)
10 = 473 (8.46%)
16 = 416 (7.44%)
17 = 244 (4.36%)
9 = 244 (4.36%)
18 = 159 (2.84%)
19 = 95 (1.7%)
20 = 80 (1.43%)
8 = 44 (0.79%)
21 = 27 (0.48%)
22 = 24 (0.43%)
23 = 7 (0.13%)
24 = 6 (0.11%)
26 = 2 (0.04%)
28 = 2 (0.04%)
30 = 1 (0.02%)
36 = 1 (0.02%)
29 = 1 (0.02%)
27 = 1 (0.02%)
25 = 1 (0.02%)

            |                                                           
            |||                                                         
            |||                                                         
            |||                                                         
           ||||                                                         
           |||||                                                        
           |||||                                                        
          ||||||                                                        
          |||||||                                                       
          |||||||                                                       
          |||||||                                                       
         |||||||||                                                      
         |||||||||                                                      
         ||||||||||                                                     
         ||||||||||||                                                   
||||||||||||||||||||||||||||||||||||||                                  
00000000001111111111222222222233333333
01234567890123456789012345678901234567

One to six characters = 0 (0.0%)
One to eight characters = 44 (0.79%)
More than eight characters = 5548 (99.21%)

Only lowercase alpha = 3313 (59.25%)
Only uppercase alpha = 0 (0.0%)
Only alpha = 3313 (59.25%)
Only numeric = 4 (0.07%)

First capital last symbol = 0 (0.0%)
First capital last number = 12 (0.21%)

Months
march = 2 (0.04%)
april = 1 (0.02%)
may = 7 (0.13%)
october = 1 (0.02%)
november = 1 (0.02%)
december = 2 (0.04%)

Days
monday = 2 (0.04%)

Months (Abreviated)
jan = 21 (0.38%)
feb = 2 (0.04%)
mar = 100 (1.79%)
apr = 6 (0.11%)
may = 7 (0.13%)
jun = 14 (0.25%)
jul = 2 (0.04%)
aug = 5 (0.09%)
sept = 1 (0.02%)
oct = 4 (0.07%)
nov = 13 (0.23%)
dec = 6 (0.11%)

Days (Abreviated)
mon = 75 (1.34%)
wed = 2 (0.04%)
fri = 9 (0.16%)
sat = 14 (0.25%)
sun = 19 (0.34%)

Includes years
1976 = 1 (0.02%)
1978 = 1 (0.02%)
1979 = 4 (0.07%)
1980 = 4 (0.07%)
1981 = 2 (0.04%)
1982 = 3 (0.05%)
1984 = 5 (0.09%)
1985 = 2 (0.04%)
1986 = 3 (0.05%)
1987 = 2 (0.04%)
1988 = 2 (0.04%)
1989 = 1 (0.02%)
1991 = 3 (0.05%)
1996 = 1 (0.02%)
2000 = 16 (0.29%)
2001 = 6 (0.11%)
2002 = 1 (0.02%)
2003 = 4 (0.07%)
2004 = 4 (0.07%)
2005 = 7 (0.13%)
2006 = 5 (0.09%)
2008 = 1 (0.02%)
2009 = 1 (0.02%)
2011 = 1 (0.02%)
2019 = 1 (0.02%)

Years (Top 10)
2000 = 16 (0.29%)
2005 = 7 (0.13%)
2001 = 6 (0.11%)
1984 = 5 (0.09%)
2006 = 5 (0.09%)
2003 = 4 (0.07%)
1980 = 4 (0.07%)
2004 = 4 (0.07%)
1979 = 4 (0.07%)
1986 = 3 (0.05%)

Colours
black = 16 (0.29%)
blue = 17 (0.3%)
brown = 2 (0.04%)
gray = 3 (0.05%)
green = 17 (0.3%)
orange = 3 (0.05%)
pink = 5 (0.09%)
purple = 3 (0.05%)
red = 62 (1.11%)
white = 6 (0.11%)
yellow = 7 (0.13%)
violet = 3 (0.05%)

Single digit on the end = 118 (2.11%)
Two digits on the end = 193 (3.45%)
Three digits on the end = 127 (2.27%)

Last number
0 = 74 (1.32%)
1 = 88 (1.57%)
2 = 57 (1.02%)
3 = 84 (1.5%)
4 = 37 (0.66%)
5 = 45 (0.8%)
6 = 49 (0.88%)
7 = 51 (0.91%)
8 = 27 (0.48%)
9 = 39 (0.7%)

 | |                                                                    
 | |                                                                    
|| |                                                                    
|| |                                                                    
|| |                                                                    
||||                                                                    
||||   |                                                                
|||| |||                                                                
|||| ||| |                                                              
|||||||| |                                                              
|||||||| |                                                              
||||||||||                                                              
||||||||||                                                              
||||||||||                                                              
||||||||||                                                              
||||||||||                                                              
0123456789

Last digit
1 = 88 (1.57%)
3 = 84 (1.5%)
0 = 74 (1.32%)
2 = 57 (1.02%)
7 = 51 (0.91%)
6 = 49 (0.88%)
5 = 45 (0.8%)
9 = 39 (0.7%)
4 = 37 (0.66%)
8 = 27 (0.48%)

Last 2 digits (Top 10)
23 = 31 (0.55%)
00 = 27 (0.48%)
01 = 16 (0.29%)
10 = 12 (0.21%)
77 = 11 (0.2%)
69 = 11 (0.2%)
13 = 11 (0.2%)
86 = 11 (0.2%)
66 = 11 (0.2%)
06 = 10 (0.18%)

Last 3 digits (Top 10)
123 = 17 (0.3%)
000 = 16 (0.29%)
666 = 7 (0.13%)
005 = 5 (0.09%)
001 = 5 (0.09%)
006 = 4 (0.07%)
777 = 4 (0.07%)
111 = 3 (0.05%)
007 = 3 (0.05%)
004 = 3 (0.05%)

Last 4 digits (Top 10)
2000 = 7 (0.13%)
1000 = 4 (0.07%)
2005 = 4 (0.07%)
2006 = 4 (0.07%)
2001 = 3 (0.05%)
2345 = 3 (0.05%)
2004 = 3 (0.05%)
1979 = 2 (0.04%)
0000 = 2 (0.04%)
1972 = 2 (0.04%)

Last 5 digits (Top 10)
12345 = 3 (0.05%)
22000 = 2 (0.04%)
31337 = 1 (0.02%)
12121 = 1 (0.02%)
11720 = 1 (0.02%)
22501 = 1 (0.02%)
01010 = 1 (0.02%)
56789 = 1 (0.02%)
98890 = 1 (0.02%)
12713 = 1 (0.02%)

Character sets
loweralpha: 3313 (59.25%)
loweralphanum: 1911 (34.17%)
loweralphaspecial: 109 (1.95%)
mixedalpha: 79 (1.41%)
loweralphaspecialnum: 67 (1.2%)
mixedalphanum: 56 (1.0%)
mixedalphaspecial: 5 (0.09%)
numeric: 4 (0.07%)
mixedalphaspecialnum: 3 (0.05%)
specialnum: 1 (0.02%)

Character set ordering
allstring: 3392 (60.66%)
stringdigitstring: 778 (13.91%)
digitstring: 510 (9.12%)
othermask: 400 (7.15%)
stringdigit: 337 (6.03%)
stringspecialstring: 90 (1.61%)
digitstringdigit: 63 (1.13%)
stringspecialdigit: 8 (0.14%)
stringspecial: 7 (0.13%)
alldigit: 4 (0.07%)
specialstring: 3 (0.05%)

Hashcat masks (Top 10)
?l?l?l?l?l?l?l?l?l?l?l?l: 511 (9.14%)
?l?l?l?l?l?l?l?l?l?l?l?l?l: 487 (8.71%)
?l?l?l?l?l?l?l?l?l?l?l?l?l?l: 477 (8.53%)
?l?l?l?l?l?l?l?l?l?l?l?l?l?l?l: 383 (6.85%)
?l?l?l?l?l?l?l?l?l?l?l: 338 (6.04%)
?l?l?l?l?l?l?l?l?l?l?l?l?l?l?l?l: 282 (5.04%)
?l?l?l?l?l?l?l?l?l?l: 246 (4.4%)
?l?l?l?l?l?l?l?l?l?l?l?l?l?l?l?l?l: 163 (2.91%)
?l?l?l?l?l?l?l?l?l: 139 (2.49%)
?l?l?l?l?l?l?l?l?l?l?l?l?l?l?l?l?l?l: 114 (2.04%)
