Total entries = 1485584
Total unique entries = 1485583

Top 10 passwords
FREETOBEME = 2 (0.0%)
ASIABEAR1 = 1 (0.0%)
ACEASAR08 = 1 (0.0%)
ACEAST = 1 (0.0%)
ACEATEMU = 1 (0.0%)
ACEAUGER = 1 (0.0%)
ACEAV8R = 1 (0.0%)
ACEAXL = 1 (0.0%)
ACEAYDEN = 1 (0.0%)
ACEB2008 = 1 (0.0%)

Top 10 base words
lisa = 270 (0.02%)
chris = 241 (0.02%)
eharmony = 218 (0.01%)
tina = 203 (0.01%)
love = 201 (0.01%)
eric = 200 (0.01%)
mike = 193 (0.01%)
usmc = 190 (0.01%)
nana = 174 (0.01%)
mama = 171 (0.01%)

Password length (length ordered)
5 = 46821 (3.15%)
6 = 254004 (17.1%)
7 = 280477 (18.88%)
8 = 252890 (17.02%)
9 = 212304 (14.29%)
10 = 197447 (13.29%)
11 = 104033 (7.0%)
12 = 67401 (4.54%)
13 = 38503 (2.59%)
14 = 26999 (1.82%)
15 = 1972 (0.13%)
16 = 1338 (0.09%)
17 = 581 (0.04%)
18 = 339 (0.02%)
19 = 144 (0.01%)
20 = 115 (0.01%)
21 = 83 (0.01%)
22 = 56 (0.0%)
23 = 37 (0.0%)
24 = 15 (0.0%)
25 = 10 (0.0%)
26 = 5 (0.0%)
27 = 4 (0.0%)
28 = 2 (0.0%)
29 = 2 (0.0%)
31 = 1 (0.0%)
34 = 1 (0.0%)

Password length (count ordered)
7 = 280477 (18.88%)
6 = 254004 (17.1%)
8 = 252890 (17.02%)
9 = 212304 (14.29%)
10 = 197447 (13.29%)
11 = 104033 (7.0%)
12 = 67401 (4.54%)
5 = 46821 (3.15%)
13 = 38503 (2.59%)
14 = 26999 (1.82%)
15 = 1972 (0.13%)
16 = 1338 (0.09%)
17 = 581 (0.04%)
18 = 339 (0.02%)
19 = 144 (0.01%)
20 = 115 (0.01%)
21 = 83 (0.01%)
22 = 56 (0.0%)
23 = 37 (0.0%)
24 = 15 (0.0%)
25 = 10 (0.0%)
26 = 5 (0.0%)
27 = 4 (0.0%)
29 = 2 (0.0%)
28 = 2 (0.0%)
34 = 1 (0.0%)
31 = 1 (0.0%)

       |                                                                
      |||                                                               
      |||                                                               
      ||||                                                              
      |||||                                                             
      |||||                                                             
      |||||                                                             
      |||||                                                             
      |||||                                                             
      |||||                                                             
      ||||||                                                            
      ||||||                                                            
      |||||||                                                           
     |||||||||                                                          
     ||||||||||                                                         
||||||||||||||||||||||||||||||||||||                                    
000000000011111111112222222222333333
012345678901234567890123456789012345

One to six characters = 300825 (20.25%)
One to eight characters = 834192 (56.15%)
More than eight characters = 651392 (43.85%)

Only lowercase alpha = 0 (0.0%)
Only uppercase alpha = 563187 (37.91%)
Only alpha = 563187 (37.91%)
Only numeric = 19940 (1.34%)

First capital last symbol = 327 (0.02%)
First capital last number = 663646 (44.67%)

Months
january = 38 (0.0%)
february = 10 (0.0%)
march = 299 (0.02%)
april = 384 (0.03%)
may = 3204 (0.22%)
june = 628 (0.04%)
july = 380 (0.03%)
august = 130 (0.01%)
september = 15 (0.0%)
october = 57 (0.0%)
november = 69 (0.0%)
december = 41 (0.0%)

Days
monday = 48 (0.0%)
tuesday = 14 (0.0%)
wednesday = 3 (0.0%)
thursday = 4 (0.0%)
friday = 53 (0.0%)
saturday = 9 (0.0%)
sunday = 53 (0.0%)

Months (Abreviated)
jan = 4171 (0.28%)
feb = 673 (0.05%)
mar = 14841 (1.0%)
apr = 1195 (0.08%)
may = 3204 (0.22%)
jun = 2147 (0.14%)
jul = 1897 (0.13%)
aug = 1415 (0.1%)
sept = 234 (0.02%)
oct = 976 (0.07%)
nov = 1508 (0.1%)
dec = 1416 (0.1%)

Days (Abreviated)
mon = 12171 (0.82%)
tues = 33 (0.0%)
wed = 494 (0.03%)
thurs = 21 (0.0%)
fri = 1505 (0.1%)
sat = 1423 (0.1%)
sun = 2790 (0.19%)

Includes years
1975 = 840 (0.06%)
1976 = 835 (0.06%)
1977 = 865 (0.06%)
1978 = 931 (0.06%)
1979 = 872 (0.06%)
1980 = 1106 (0.07%)
1981 = 935 (0.06%)
1982 = 973 (0.07%)
1983 = 961 (0.06%)
1984 = 1112 (0.07%)
1985 = 950 (0.06%)
1986 = 939 (0.06%)
1987 = 916 (0.06%)
1988 = 756 (0.05%)
1989 = 821 (0.06%)
1990 = 607 (0.04%)
1991 = 548 (0.04%)
1992 = 434 (0.03%)
1993 = 371 (0.02%)
1994 = 377 (0.03%)
1995 = 443 (0.03%)
1996 = 407 (0.03%)
1997 = 410 (0.03%)
1998 = 531 (0.04%)
1999 = 602 (0.04%)
2000 = 1855 (0.12%)
2001 = 1109 (0.07%)
2002 = 1054 (0.07%)
2003 = 1159 (0.08%)
2004 = 1181 (0.08%)
2005 = 1421 (0.1%)
2006 = 1595 (0.11%)
2007 = 1683 (0.11%)
2008 = 1892 (0.13%)
2009 = 1925 (0.13%)
2010 = 1384 (0.09%)
2011 = 292 (0.02%)
2012 = 332 (0.02%)
2013 = 130 (0.01%)
2014 = 84 (0.01%)
2015 = 81 (0.01%)
2016 = 80 (0.01%)
2017 = 87 (0.01%)
2018 = 97 (0.01%)
2019 = 191 (0.01%)
2020 = 600 (0.04%)

Years (Top 10)
2009 = 1925 (0.13%)
2008 = 1892 (0.13%)
2000 = 1855 (0.12%)
2007 = 1683 (0.11%)
2006 = 1595 (0.11%)
2005 = 1421 (0.1%)
2010 = 1384 (0.09%)
2004 = 1181 (0.08%)
2003 = 1159 (0.08%)
1984 = 1112 (0.07%)

Colours
black = 1491 (0.1%)
blue = 2511 (0.17%)
brown = 935 (0.06%)
gray = 346 (0.02%)
green = 1270 (0.09%)
orange = 357 (0.02%)
pink = 1424 (0.1%)
purple = 443 (0.03%)
red = 6453 (0.43%)
white = 666 (0.04%)
yellow = 372 (0.03%)
violet = 88 (0.01%)
indigo = 47 (0.0%)

Single digit on the end = 145396 (9.79%)
Two digits on the end = 203278 (13.68%)
Three digits on the end = 97017 (6.53%)

Last number
0 = 62534 (4.21%)
1 = 132449 (8.92%)
2 = 79171 (5.33%)
3 = 78005 (5.25%)
4 = 59137 (3.98%)
5 = 60821 (4.09%)
6 = 54975 (3.7%)
7 = 64015 (4.31%)
8 = 56674 (3.81%)
9 = 63851 (4.3%)

 |                                                                      
 |                                                                      
 |                                                                      
 |                                                                      
 |                                                                      
 |                                                                      
 |||                                                                    
 |||                                                                    
|||||| | |                                                              
||||||||||                                                              
||||||||||                                                              
||||||||||                                                              
||||||||||                                                              
||||||||||                                                              
||||||||||                                                              
||||||||||                                                              
0123456789

Last digit
1 = 132449 (8.92%)
2 = 79171 (5.33%)
3 = 78005 (5.25%)
7 = 64015 (4.31%)
9 = 63851 (4.3%)
0 = 62534 (4.21%)
5 = 60821 (4.09%)
4 = 59137 (3.98%)
8 = 56674 (3.81%)
6 = 54975 (3.7%)

Last 2 digits (Top 10)
23 = 19602 (1.32%)
12 = 15318 (1.03%)
11 = 14325 (0.96%)
01 = 14175 (0.95%)
00 = 12008 (0.81%)
21 = 11097 (0.75%)
69 = 11001 (0.74%)
22 = 10925 (0.74%)
10 = 10794 (0.73%)
07 = 10519 (0.71%)

Last 3 digits (Top 10)
123 = 10777 (0.73%)
007 = 3426 (0.23%)
000 = 3197 (0.22%)
234 = 2879 (0.19%)
009 = 2241 (0.15%)
101 = 2212 (0.15%)
001 = 2150 (0.14%)
777 = 2131 (0.14%)
008 = 2125 (0.14%)
420 = 1980 (0.13%)

Last 4 digits (Top 10)
1234 = 2291 (0.15%)
2009 = 1682 (0.11%)
2008 = 1643 (0.11%)
2000 = 1447 (0.1%)
2007 = 1437 (0.1%)
2006 = 1340 (0.09%)
2005 = 1186 (0.08%)
2010 = 1141 (0.08%)
2345 = 1022 (0.07%)
2004 = 977 (0.07%)

Last 5 digits (Top 10)
12345 = 882 (0.06%)
23456 = 485 (0.03%)
54321 = 170 (0.01%)
55555 = 142 (0.01%)
56789 = 138 (0.01%)
11111 = 133 (0.01%)
77777 = 121 (0.01%)
00000 = 105 (0.01%)
34567 = 79 (0.01%)
96969 = 78 (0.01%)

US Area Codes
234 = NE Ohio: Canton, Akron (OH)

Character sets
upperalphanum: 899114 (60.52%)
upperalpha: 563187 (37.91%)
numeric: 19940 (1.34%)
upperalphaspecialnum: 1607 (0.11%)
upperalphaspecial: 1469 (0.1%)
specialnum: 103 (0.01%)
special: 1 (0.0%)

Character set ordering
stringdigit: 627578 (42.24%)
allstring: 563187 (37.91%)
stringdigitstring: 99016 (6.67%)
digitstring: 86352 (5.81%)
othermask: 62997 (4.24%)
digitstringdigit: 25181 (1.7%)
alldigit: 19940 (1.34%)
stringspecialstring: 695 (0.05%)
stringspecialdigit: 475 (0.03%)
stringspecial: 139 (0.01%)
specialstring: 13 (0.0%)
specialstringspecial: 10 (0.0%)
allspecial: 1 (0.0%)

Hashcat masks (Top 10)
?u?u?u?u?u?u?u?u: 122144 (8.22%)
?u?u?u?u?u?u: 101395 (6.83%)
?u?u?u?u?u?u?u: 88686 (5.97%)
?u?u?u?u?u?u?u?u?u: 66862 (4.5%)
?u?u?u?u?u?u?u?u?u?u: 62320 (4.19%)
?u?u?u?d?d?d?d: 52709 (3.55%)
?u?u?u?u?u?u?u?u?u?u?u: 39966 (2.69%)
?u?u?u?u?d?d: 38788 (2.61%)
?u?u?u?u?u?d?d: 32970 (2.22%)
?u?u?d?d?d?d: 30246 (2.04%)
