Total entries = 476252
Total unique entries = 132413

Top 10 passwords
123456 = 2198 (0.46%)
princess = 1668 (0.35%)
fashion = 1633 (0.34%)
123456789 = 1563 (0.33%)
password = 1409 (0.3%)
love = 1146 (0.24%)
purple = 874 (0.18%)
twilight = 834 (0.18%)
abc123 = 765 (0.16%)
12345 = 616 (0.13%)

Top 10 base words
love = 3338 (0.7%)
princess = 2807 (0.59%)
fashion = 2284 (0.48%)
password = 2088 (0.44%)
purple = 1278 (0.27%)
pink = 1260 (0.26%)
angel = 1216 (0.26%)
babygirl = 1205 (0.25%)
monkey = 1121 (0.24%)
twilight = 1111 (0.23%)

Password length (length ordered)
1 = 252 (0.05%)
2 = 1255 (0.26%)
3 = 5332 (1.12%)
4 = 16735 (3.51%)
5 = 27350 (5.74%)
6 = 112583 (23.64%)
7 = 86566 (18.18%)
8 = 84903 (17.83%)
9 = 55252 (11.6%)
10 = 39994 (8.4%)
11 = 18756 (3.94%)
12 = 11475 (2.41%)
13 = 6625 (1.39%)
14 = 4185 (0.88%)
15 = 2231 (0.47%)
16 = 1251 (0.26%)
17 = 558 (0.12%)
18 = 438 (0.09%)
19 = 161 (0.03%)
20 = 91 (0.02%)
21 = 83 (0.02%)
22 = 32 (0.01%)
23 = 21 (0.0%)
24 = 20 (0.0%)
25 = 13 (0.0%)
26 = 37 (0.01%)
27 = 7 (0.0%)
28 = 1 (0.0%)
29 = 2 (0.0%)
30 = 6 (0.0%)
31 = 5 (0.0%)
33 = 6 (0.0%)
35 = 10 (0.0%)
36 = 1 (0.0%)
40 = 1 (0.0%)
41 = 6 (0.0%)
42 = 2 (0.0%)
44 = 1 (0.0%)
54 = 5 (0.0%)

Password length (count ordered)
6 = 112583 (23.64%)
7 = 86566 (18.18%)
8 = 84903 (17.83%)
9 = 55252 (11.6%)
10 = 39994 (8.4%)
5 = 27350 (5.74%)
11 = 18756 (3.94%)
4 = 16735 (3.51%)
12 = 11475 (2.41%)
13 = 6625 (1.39%)
3 = 5332 (1.12%)
14 = 4185 (0.88%)
15 = 2231 (0.47%)
2 = 1255 (0.26%)
16 = 1251 (0.26%)
17 = 558 (0.12%)
18 = 438 (0.09%)
1 = 252 (0.05%)
19 = 161 (0.03%)
20 = 91 (0.02%)
21 = 83 (0.02%)
26 = 37 (0.01%)
22 = 32 (0.01%)
23 = 21 (0.0%)
24 = 20 (0.0%)
25 = 13 (0.0%)
35 = 10 (0.0%)
27 = 7 (0.0%)
41 = 6 (0.0%)
33 = 6 (0.0%)
30 = 6 (0.0%)
31 = 5 (0.0%)
54 = 5 (0.0%)
29 = 2 (0.0%)
42 = 2 (0.0%)
28 = 1 (0.0%)
36 = 1 (0.0%)
44 = 1 (0.0%)
40 = 1 (0.0%)

      |                                                                 
      |                                                                 
      |                                                                 
      |||                                                               
      |||                                                               
      |||                                                               
      |||                                                               
      |||                                                               
      ||||                                                              
      ||||                                                              
      |||||                                                             
      |||||                                                             
     ||||||                                                             
    ||||||||                                                            
    |||||||||                                                           
||||||||||||||||||||||||||||||||||||||||||||||||||||||||                
00000000001111111111222222222233333333334444444444555555
01234567890123456789012345678901234567890123456789012345

One to six characters = 163507 (34.33%)
One to eight characters = 334976 (70.34%)
More than eight characters = 141276 (29.66%)

Only lowercase alpha = 216067 (45.37%)
Only uppercase alpha = 6307 (1.32%)
Only alpha = 222374 (46.69%)
Only numeric = 43934 (9.22%)

First capital last symbol = 319 (0.07%)
First capital last number = 11200 (2.35%)

Months
january = 62 (0.01%)
february = 26 (0.01%)
march = 242 (0.05%)
april = 312 (0.07%)
may = 941 (0.2%)
june = 329 (0.07%)
july = 249 (0.05%)
august = 134 (0.03%)
september = 108 (0.02%)
october = 160 (0.03%)
november = 123 (0.03%)
december = 142 (0.03%)

Days
monday = 38 (0.01%)
wednesday = 3 (0.0%)
friday = 24 (0.01%)
sunday = 16 (0.0%)

Months (Abreviated)
jan = 1019 (0.21%)
feb = 108 (0.02%)
mar = 4752 (1.0%)
apr = 433 (0.09%)
may = 941 (0.2%)
jun = 549 (0.12%)
jul = 793 (0.17%)
aug = 327 (0.07%)
sept = 173 (0.04%)
oct = 300 (0.06%)
nov = 252 (0.05%)
dec = 265 (0.06%)

Days (Abreviated)
mon = 5242 (1.1%)
wed = 59 (0.01%)
fri = 1208 (0.25%)
sat = 103 (0.02%)
sun = 1056 (0.22%)

Includes years
1975 = 56 (0.01%)
1976 = 40 (0.01%)
1977 = 16 (0.0%)
1978 = 33 (0.01%)
1979 = 20 (0.0%)
1980 = 35 (0.01%)
1981 = 21 (0.0%)
1982 = 62 (0.01%)
1983 = 53 (0.01%)
1984 = 47 (0.01%)
1985 = 51 (0.01%)
1986 = 39 (0.01%)
1987 = 81 (0.02%)
1988 = 72 (0.02%)
1989 = 97 (0.02%)
1990 = 137 (0.03%)
1991 = 187 (0.04%)
1992 = 216 (0.05%)
1993 = 265 (0.06%)
1994 = 393 (0.08%)
1995 = 744 (0.16%)
1996 = 1111 (0.23%)
1997 = 1678 (0.35%)
1998 = 1750 (0.37%)
1999 = 1108 (0.23%)
2000 = 711 (0.15%)
2001 = 349 (0.07%)
2002 = 261 (0.05%)
2003 = 93 (0.02%)
2004 = 87 (0.02%)
2005 = 129 (0.03%)
2006 = 132 (0.03%)
2007 = 289 (0.06%)
2008 = 396 (0.08%)
2009 = 667 (0.14%)
2010 = 174 (0.04%)
2011 = 81 (0.02%)
2012 = 133 (0.03%)
2013 = 93 (0.02%)
2014 = 121 (0.03%)
2015 = 88 (0.02%)
2016 = 34 (0.01%)
2017 = 63 (0.01%)
2018 = 42 (0.01%)
2019 = 114 (0.02%)
2020 = 116 (0.02%)

Years (Top 10)
1998 = 1750 (0.37%)
1997 = 1678 (0.35%)
1996 = 1111 (0.23%)
1999 = 1108 (0.23%)
1995 = 744 (0.16%)
2000 = 711 (0.15%)
2009 = 667 (0.14%)
2008 = 396 (0.08%)
1994 = 393 (0.08%)
2001 = 349 (0.07%)

Colours
black = 696 (0.15%)
blue = 1726 (0.36%)
brown = 864 (0.18%)
gray = 58 (0.01%)
green = 1085 (0.23%)
orange = 411 (0.09%)
pink = 3333 (0.7%)
purple = 1506 (0.32%)
red = 1629 (0.34%)
white = 164 (0.03%)
yellow = 467 (0.1%)
violet = 107 (0.02%)
indigo = 9 (0.0%)

Single digit on the end = 43128 (9.06%)
Two digits on the end = 67249 (14.12%)
Three digits on the end = 38689 (8.12%)

Last number
0 = 16444 (3.45%)
1 = 44478 (9.34%)
2 = 24648 (5.18%)
3 = 33280 (6.99%)
4 = 16070 (3.37%)
5 = 16061 (3.37%)
6 = 17143 (3.6%)
7 = 16619 (3.49%)
8 = 16791 (3.53%)
9 = 20034 (4.21%)

 |                                                                      
 |                                                                      
 |                                                                      
 |                                                                      
 | |                                                                    
 | |                                                                    
 | |                                                                    
 |||                                                                    
 |||     |                                                              
 |||  | ||                                                              
||||||||||                                                              
||||||||||                                                              
||||||||||                                                              
||||||||||                                                              
||||||||||                                                              
||||||||||                                                              
0123456789

Last digit
1 = 44478 (9.34%)
3 = 33280 (6.99%)
2 = 24648 (5.18%)
9 = 20034 (4.21%)
6 = 17143 (3.6%)
8 = 16791 (3.53%)
7 = 16619 (3.49%)
0 = 16444 (3.45%)
4 = 16070 (3.37%)
5 = 16061 (3.37%)

Last 2 digits (Top 10)
23 = 19740 (4.14%)
12 = 10170 (2.14%)
01 = 7518 (1.58%)
11 = 6776 (1.42%)
10 = 5258 (1.1%)
98 = 5052 (1.06%)
56 = 4704 (0.99%)
99 = 4444 (0.93%)
09 = 4441 (0.93%)
97 = 4281 (0.9%)

Last 3 digits (Top 10)
123 = 16793 (3.53%)
101 = 4624 (0.97%)
456 = 3516 (0.74%)
234 = 2912 (0.61%)
789 = 2518 (0.53%)
345 = 1971 (0.41%)
998 = 1619 (0.34%)
997 = 1530 (0.32%)
999 = 1420 (0.3%)
321 = 1413 (0.3%)

Last 4 digits (Top 10)
3456 = 2834 (0.6%)
1234 = 2563 (0.54%)
6789 = 2013 (0.42%)
2345 = 1663 (0.35%)
1998 = 1494 (0.31%)
1997 = 1446 (0.3%)
1996 = 952 (0.2%)
1999 = 930 (0.2%)
4321 = 726 (0.15%)
1995 = 641 (0.13%)

Last 5 digits (Top 10)
23456 = 2726 (0.57%)
56789 = 1943 (0.41%)
12345 = 1593 (0.33%)
54321 = 601 (0.13%)
67890 = 516 (0.11%)
34567 = 414 (0.09%)
23123 = 370 (0.08%)
78910 = 359 (0.08%)
45678 = 351 (0.07%)
11111 = 187 (0.04%)

US Area Codes
456 = Inbound International (--)
234 = NE Ohio: Canton, Akron (OH)
345 = Cayman Islands (--)
999 = Often used by carriers to indicate that the area code information is unavailable for CNID, even though the rest of the number is present (--)
321 = Florida: Brevard County, Cape Canaveral area; Metro Orlando (FL)

Character sets
loweralpha: 216067 (45.37%)
loweralphanum: 180866 (37.98%)
numeric: 43934 (9.22%)
mixedalphanum: 6790 (1.43%)
upperalpha: 6307 (1.32%)
mixedalpha: 6156 (1.29%)
upperalphanum: 5562 (1.17%)
loweralphaspecial: 3568 (0.75%)
loweralphaspecialnum: 3070 (0.64%)
specialnum: 398 (0.08%)
mixedalphaspecial: 332 (0.07%)
mixedalphaspecialnum: 275 (0.06%)
upperalphaspecial: 171 (0.04%)
special: 166 (0.03%)
upperalphaspecialnum: 85 (0.02%)

Character set ordering
allstring: 228530 (47.99%)
stringdigit: 171446 (36.0%)
alldigit: 43934 (9.22%)
digitstring: 10646 (2.24%)
othermask: 8480 (1.78%)
stringdigitstring: 6128 (1.29%)
stringspecialstring: 1907 (0.4%)
stringspecial: 1706 (0.36%)
digitstringdigit: 1548 (0.33%)
stringspecialdigit: 1535 (0.32%)
allspecial: 166 (0.03%)
specialstringspecial: 149 (0.03%)
specialstring: 77 (0.02%)

Hashcat masks (Top 10)
?l?l?l?l?l?l: 54733 (11.49%)
?l?l?l?l?l?l?l: 36364 (7.64%)
?l?l?l?l?l?l?l?l: 33276 (6.99%)
?l?l?l?l?l?l?l?l?l: 20692 (4.34%)
?l?l?l?l?l: 19531 (4.1%)
?d?d?d?d?d?d: 18384 (3.86%)
?l?l?l?l?l?l?d?d: 15274 (3.21%)
?l?l?l?l?l?l?l?l?l?l: 14638 (3.07%)
?l?l?l?l?l?d?d: 13519 (2.84%)
?l?l?l?l?d?d: 12138 (2.55%)
