

passpal 0.4 report (www.thepasswordproject.com)

Total words: 	476268
Unique words: 	132446 (27.81 %)

Word frequency, sorted by count, top 20
+-------------------------------+
|    Word    | Count | Of total |
+-------------------------------+
| 123456     |  2198 | 0.4615 % |
| princess   |  1668 | 0.3502 % |
| fashion    |  1633 | 0.3429 % |
| 123456789  |  1563 | 0.3282 % |
| password   |  1409 | 0.2958 % |
| love       |  1146 | 0.2406 % |
| purple     |   874 | 0.1835 % |
| twilight   |   834 | 0.1751 % |
| abc123     |   765 | 0.1606 % |
| 12345      |   615 | 0.1291 % |
| babygirl   |   615 | 0.1291 % |
| hannah     |   604 | 0.1268 % |
| monkey     |   491 | 0.1031 % |
| flower     |   469 | 0.0985 % |
| tinkerbell |   464 | 0.0974 % |
| 123        |   421 | 0.0884 % |
| soccer     |   417 | 0.0876 % |
| nicole     |   398 | 0.0836 % |
| 1234       |   395 | 0.0829 % |
| 1234567890 |   393 | 0.0825 % |
+-------------------------------+


Base word (len>=3) frequency, sorted by count, top 20
+-----------------------------+
|   Word   | Count | Of total |
+-----------------------------+
| love     |  3128 | 0.6568 % |
| princess |  2641 | 0.5545 % |
| fashion  |  2092 | 0.4392 % |
| password |  1988 | 0.4174 % |
| purple   |  1239 | 0.2601 % |
| pink     |  1194 | 0.2507 % |
| abc      |  1194 | 0.2507 % |
| angel    |  1147 | 0.2408 % |
| babygirl |  1138 | 0.2389 % |
| monkey   |  1074 | 0.2255 % |
| twilight |  1067 | 0.224 %  |
| hannah   |  1004 | 0.2108 % |
| cutie    |   848 | 0.1781 % |
| soccer   |   804 | 0.1688 % |
| mommy    |   767 | 0.161 %  |
| nicole   |   741 | 0.1556 % |
| star     |   727 | 0.1526 % |
| flower   |   699 | 0.1468 % |
| hottie   |   658 | 0.1382 % |
| iloveyou |   634 | 0.1331 % |
+-----------------------------+


Length frequency, sorted by length, full table
+-----------------------------+
| Length | Count  | Of total  |
+-----------------------------+
|      0 |     14 | 0.0029 %  |
|      1 |    259 | 0.0544 %  |
|      2 |   1253 | 0.2631 %  |
|      3 |   5319 | 1.1168 %  |
|      4 |  16736 | 3.514 %   |
|      5 |  27316 | 5.7354 %  |
|      6 | 112587 | 23.6394 % |
|      7 |  86614 | 18.186 %  |
|      8 |  84902 | 17.8265 % |
|      9 |  55255 | 11.6017 % |
|     10 |  39994 | 8.3974 %  |
|     11 |  18774 | 3.9419 %  |
|     12 |  11477 | 2.4098 %  |
|     13 |   6624 | 1.3908 %  |
|     14 |   4187 | 0.8791 %  |
|     15 |   2228 | 0.4678 %  |
|     16 |   1251 | 0.2627 %  |
|     17 |    558 | 0.1172 %  |
|     18 |    437 | 0.0918 %  |
|     19 |    161 | 0.0338 %  |
|     20 |     90 | 0.0189 %  |
|     21 |     82 | 0.0172 %  |
|     22 |     32 | 0.0067 %  |
|     23 |     21 | 0.0044 %  |
|     24 |     10 | 0.0021 %  |
|     25 |     13 | 0.0027 %  |
|     26 |     37 | 0.0078 %  |
|     27 |      7 | 0.0015 %  |
|     28 |      1 | 0.0002 %  |
|     29 |      2 | 0.0004 %  |
|     30 |      4 | 0.0008 %  |
|     31 |      5 | 0.001 %   |
|     35 |     10 | 0.0021 %  |
|     40 |      1 | 0.0002 %  |
|     41 |      6 | 0.0013 %  |
|     44 |      1 | 0.0002 %  |
+-----------------------------+


Charset frequency, sorted by count, full table
+------------------------------------------------------------------------+
|           Charset            | Count  | Of total  |   Count/keyspace   |
+------------------------------------------------------------------------+
| lower-upper-numeric-symbolic | 475582 | 99.856 %  |  5006.126315789474 |
| lower-upper-numeric          | 465571 | 97.754 %  |  7509.209677419355 |
| lower-numeric-symbolic       | 449640 | 94.409 %  |  6516.521739130435 |
| lower-numeric                | 440767 | 92.546 %  | 12243.527777777777 |
| lower-upper-symbolic         | 234645 | 49.2674 % |  2760.529411764706 |
| lower-upper                  | 228443 | 47.9652 % |  4393.134615384615 |
| lower-symbolic               | 221428 | 46.4923 % | 3753.0169491525426 |
| lower                        | 215991 | 45.3507 % |  8307.346153846154 |
| upper-numeric-symbolic       |  56643 | 11.8931 % |  820.9130434782609 |
| upper-numeric                |  55795 | 11.715 %  |  1549.861111111111 |
| numeric-symbolic             |  44402 | 9.3229 %  | 1032.6046511627908 |
| numeric                      |  43932 | 9.2242 %  |             4393.2 |
| upper-symbolic               |   6678 | 1.4022 %  |  113.1864406779661 |
| upper                        |   6301 | 1.323 %   | 242.34615384615384 |
| symbolic                     |     94 | 0.0197 %  | 2.8484848484848486 |
+------------------------------------------------------------------------+

Charset frequency, sorted by count/keyspace, full table
+------------------------------------------------------------------------+
|           Charset            | Count  | Of total  |   Count/keyspace   |
+------------------------------------------------------------------------+
| lower-numeric                | 440767 | 92.546 %  | 12243.527777777777 |
| lower                        | 215991 | 45.3507 % |  8307.346153846154 |
| lower-upper-numeric          | 465571 | 97.754 %  |  7509.209677419355 |
| lower-numeric-symbolic       | 449640 | 94.409 %  |  6516.521739130435 |
| lower-upper-numeric-symbolic | 475582 | 99.856 %  |  5006.126315789474 |
| numeric                      |  43932 | 9.2242 %  |             4393.2 |
| lower-upper                  | 228443 | 47.9652 % |  4393.134615384615 |
| lower-symbolic               | 221428 | 46.4923 % | 3753.0169491525426 |
| lower-upper-symbolic         | 234645 | 49.2674 % |  2760.529411764706 |
| upper-numeric                |  55795 | 11.715 %  |  1549.861111111111 |
| numeric-symbolic             |  44402 | 9.3229 %  | 1032.6046511627908 |
| upper-numeric-symbolic       |  56643 | 11.8931 % |  820.9130434782609 |
| upper                        |   6301 | 1.323 %   | 242.34615384615384 |
| upper-symbolic               |   6678 | 1.4022 %  |  113.1864406779661 |
| symbolic                     |     94 | 0.0197 %  | 2.8484848484848486 |
+------------------------------------------------------------------------+


Hashcat mask frequency, sorted by count, top 20
+-----------------------------------------------------------------------+
|           Mask           | Count | Of total  |     Count/keyspace     |
+-----------------------------------------------------------------------+
| ?l?l?l?l?l?l             | 54707 | 11.4866 % |  0.0001770935777653518 |
| ?l?l?l?l?l?l?l           | 36362 | 7.6348 %  |  4.527248428835378e-06 |
| ?l?l?l?l?l?l?l?l?l?l?l?l | 33272 | 6.986 %   |  3.486572751492712e-13 |
| ?l?l?l?l?l?l?l?l?l       | 20690 | 4.3442 %  |  3.810661383307529e-09 |
| ?l?l?l?l?l               | 19500 | 4.0943 %  |  0.0016412240467770737 |
| ?d?d?d?d?d?d             | 18384 | 3.86 %    |               0.018384 |
| ?l?l?l?l?l?l?d?d?l?l?l?l | 15274 | 3.207 %   |  1.081980183080626e-12 |
| ?l?l?l?l?l?l?l?l?l?l     | 14637 | 3.0733 %  | 1.0368563532637896e-10 |
| ?l?l?l?l?l?d?d           | 13519 | 2.8385 %  |  1.137831173763039e-05 |
| ?l?l?l?l?d?d             | 12138 | 2.5486 %  |  0.0002656156997304016 |
| ?l?l?l?l?l?l?l?l         | 11980 | 2.5154 %  |  5.736804290346201e-08 |
| ?l?l?l?l?l?d             | 10354 | 2.174 %   |    8.7144788617076e-05 |
| ?l?l?l?l?l?l?d           |  9406 | 1.9749 %  | 3.0448428765256713e-06 |
| ?l?l?l?l?l?d?d?d?l?l?l?l |  8402 | 1.7641 %  | 1.5474710943716701e-12 |
| ?l?l?l?l?l?l?l?d?d       |  7690 | 1.6146 %  |  9.574429464205504e-09 |
| ?l?l?l?l?l?l?l?l?l?l?l   |  7530 | 1.581 %   | 2.0515785443833948e-12 |
| ?d?d?d?d?d?d?d           |  7044 | 1.479 %   |              0.0007044 |
| ?l?l?l?l?d?d?d           |  7000 | 1.4698 %  | 1.5318091103252686e-05 |
| ?l?l?l?l?l?l?l?l?d?d     |  6724 | 1.4118 %  |  3.219889152611674e-10 |
| ?l?l?l?l?l?l?l?d?l?l?l?l |  6563 | 1.378 %   | 1.7881155360940534e-13 |
+-----------------------------------------------------------------------+
Words that didn't match any ?l?u?d?s mask: 686 (0.144 %)

Hashcat mask frequency, sorted by count/keyspace, top 20
+---------------------------------------------------------+
|     Mask     | Count | Of total |    Count/keyspace     |
+---------------------------------------------------------+
| ?d           |   121 | 0.0254 % |                  12.1 |
| ?l           |   123 | 0.0258 % |     4.730769230769231 |
| ?d?d         |   194 | 0.0407 % |                  1.94 |
| ?l?l         |   936 | 0.1965 % |    1.3846153846153846 |
| ?d?d?d       |   893 | 0.1875 % |                 0.893 |
| ?l?l?l       |  3927 | 0.8245 % |    0.2234296768320437 |
| ?s           |     6 | 0.0013 % |   0.18181818181818182 |
| ?u           |     3 | 0.0006 % |   0.11538461538461539 |
| ?u?u         |    65 | 0.0136 % |   0.09615384615384616 |
| ?l?d         |    18 | 0.0038 % |   0.06923076923076923 |
| ?d?d?d?d?d   |  3354 | 0.7042 % |               0.03354 |
| ?d?d?d?d?d?d | 18384 | 3.86 %   |              0.018384 |
| ?u?l         |    11 | 0.0023 % |  0.016272189349112426 |
| ?s?d         |     4 | 0.0008 % |  0.012121212121212121 |
| ?u?u?u       |   198 | 0.0416 % |  0.011265361857077834 |
| ?l?d?d       |    28 | 0.0059 % |  0.010769230769230769 |
| ?l?l?d       |    72 | 0.0151 % |  0.010650887573964497 |
| ?s?s         |     8 | 0.0017 % | 0.0073461891643709825 |
| ?s?u         |     6 | 0.0013 % |  0.006993006993006993 |
| ?u?l?l       |    83 | 0.0174 % |    0.0047223486572599 |
+---------------------------------------------------------+
Words that didn't match any ?l?u?d?s mask: 686 (0.144 %)


Charset distribution of characters in beginning and end of words (len>=6)
+-------------------------------------------------------------------------------------------------+
| Charset\Index | 0 (first char) |     1     |     2     |    -3     |    -2     | -1 (last char) |
+-------------------------------------------------------------------------------------------------+
| lower         | 83.0693 %      | 85.4862 % | 85.2604 % | 71.8836 % | 57.2432 % | 48.4566 %      |
| upper         | 5.1464 %       | 2.6229 %  | 2.5713 %  | 2.0503 %  | 1.6253 %  | 1.3788 %       |
| digits        | 11.6723 %      | 11.6945 % | 11.9786 % | 25.7473 % | 40.7674 % | 49.5286 %      |
| symbols       | 0.1119 %       | 0.1963 %  | 0.1897 %  | 0.3189 %  | 0.3641 %  | 0.636 %        |
+-------------------------------------------------------------------------------------------------+


Total characters: 	3650798
Unique characters: 	104
Top 50 characters: 	eaiol1rsnt2ymchb3d09pukg45687vfwjzxAELqSIRONTMCBDH

Character frequency, sorted by count, top 20
+-------------------------------+
| Character | Count  | Of total |
+-------------------------------+
| e         | 282353 | 7.734 %  |
| a         | 282111 | 7.7274 % |
| i         | 199557 | 5.4661 % |
| o         | 194235 | 5.3203 % |
| l         | 188026 | 5.1503 % |
| 1         | 177012 | 4.8486 % |
| r         | 164709 | 4.5116 % |
| s         | 164381 | 4.5026 % |
| n         | 162757 | 4.4581 % |
| t         | 120883 | 3.3111 % |
| 2         | 116094 | 3.18 %   |
| y         | 105590 | 2.8922 % |
| m         | 100798 | 2.761 %  |
| c         |  96796 | 2.6514 % |
| h         |  86914 | 2.3807 % |
| b         |  82930 | 2.2716 % |
| 3         |  81482 | 2.2319 % |
| d         |  80739 | 2.2115 % |
| 0         |  79735 | 2.184 %  |
| 9         |  76887 | 2.106 %  |
+-------------------------------+


Symbol frequency, sorted by count, top 20
+----------------+
| Symbol | Count |
+----------------+
|        |  3092 |
| .      |  2066 |
| !      |  1751 |
| -      |  1159 |
| _      |  1159 |
| *      |   944 |
| @      |   746 |
| #      |   605 |
| /      |   425 |
| &      |   215 |
| ,      |   188 |
| '      |   139 |
| )      |   123 |
| ;      |   115 |
| ?      |   103 |
| •      |    93 |
| :      |    92 |
| (      |    67 |
| ]      |    47 |
| [      |    40 |
+----------------+


