

passpal 0.4 report (www.thepasswordproject.com)

Total words: 	6923054
Unique words: 	6896270 (99.61 %)

Word frequency, sorted by count, top 20
+-------------------------------------+
|       Word       | Count | Of total |
+-------------------------------------+
|                  |     3 | 0.0 %    |
| DaiSuVuong       |     2 | 0.0 %    |
| mu8uxyZy         |     2 | 0.0 %    |
| NguyenQuocViet   |     2 | 0.0 %    |
| 123werISTFREI    |     2 | 0.0 %    |
| miksiolennoo     |     2 | 0.0 %    |
| pYEpAKcaG        |     2 | 0.0 %    |
| plevetmamnes123  |     2 | 0.0 %    |
| r6fc9t9f3n       |     2 | 0.0 %    |
| shadowflame82192 |     2 | 0.0 %    |
| 9mmassirocknrol  |     2 | 0.0 %    |
| BRM-Racing       |     2 | 0.0 %    |
| 4drapan1de       |     2 | 0.0 %    |
| 4gatsid5il       |     2 | 0.0 %    |
| 4leacora8k       |     2 | 0.0 %    |
| 4lthefe5as       |     2 | 0.0 %    |
| 4lutmogu4i       |     2 | 0.0 %    |
| 4ntokeyb3a       |     2 | 0.0 %    |
| 4ommung1al       |     2 | 0.0 %    |
| 4onwict0ut       |     2 | 0.0 %    |
+-------------------------------------+


Base word (len>=3) frequency, sorted by count, top 20
+---------------------------+
|  Word  | Count | Of total |
+---------------------------+
| alex   |  1999 | 0.0289 % |
| max    |  1282 | 0.0185 % |
| lol    |  1201 | 0.0173 % |
| kevin  |  1004 | 0.0145 % |
| abc    |   992 | 0.0143 % |
| daniel |   972 | 0.014 %  |
| dragon |   956 | 0.0138 % |
| chris  |   907 | 0.0131 % |
| nico   |   904 | 0.0131 % |
| asd    |   903 | 0.013 %  |
| killer |   850 | 0.0123 % |
| david  |   838 | 0.0121 % |
| mama   |   809 | 0.0117 % |
| hallo  |   765 | 0.0111 % |
| thomas |   753 | 0.0109 % |
| naruto |   752 | 0.0109 % |
| azerty |   707 | 0.0102 % |
| love   |   707 | 0.0102 % |
| lucas  |   703 | 0.0102 % |
| mike   |   698 | 0.0101 % |
+---------------------------+


Length frequency, sorted by length, full table
+------------------------------+
| Length |  Count  | Of total  |
+------------------------------+
|      0 |       3 | 0.0 %     |
|      2 |       1 | 0.0 %     |
|      3 |     133 | 0.0019 %  |
|      4 |   11128 | 0.1607 %  |
|      5 |   51008 | 0.7368 %  |
|      6 |  382039 | 5.5184 %  |
|      7 |  395010 | 5.7057 %  |
|      8 | 1319352 | 19.0574 % |
|      9 |  776369 | 11.2143 % |
|     10 | 3326073 | 48.0434 % |
|     11 |  270941 | 3.9136 %  |
|     12 |  204779 | 2.9579 %  |
|     13 |   87409 | 1.2626 %  |
|     14 |   55845 | 0.8067 %  |
|     15 |   32199 | 0.4651 %  |
|     16 |    8683 | 0.1254 %  |
|     17 |     507 | 0.0073 %  |
|     18 |     288 | 0.0042 %  |
|     19 |     118 | 0.0017 %  |
|     20 |      92 | 0.0013 %  |
|     21 |      31 | 0.0004 %  |
|     22 |      23 | 0.0003 %  |
|     23 |      25 | 0.0004 %  |
|     24 |      11 | 0.0002 %  |
|     25 |       5 | 0.0001 %  |
|     26 |      11 | 0.0002 %  |
|     27 |       5 | 0.0001 %  |
|     29 |       2 | 0.0 %     |
|     30 |       1 | 0.0 %     |
|     31 |       1 | 0.0 %     |
|     32 |     113 | 0.0016 %  |
|     33 |       1 | 0.0 %     |
|     34 |      18 | 0.0003 %  |
|     35 |     778 | 0.0112 %  |
|     36 |       6 | 0.0001 %  |
|     37 |       4 | 0.0001 %  |
|     38 |       8 | 0.0001 %  |
|     39 |       1 | 0.0 %     |
|     40 |      26 | 0.0004 %  |
|     41 |       2 | 0.0 %     |
|     44 |       4 | 0.0001 %  |
|     49 |       1 | 0.0 %     |
+------------------------------+


Charset frequency, sorted by count, full table
+--------------------------------------------------------------------------+
|           Charset            |  Count  | Of total  |   Count/keyspace    |
+--------------------------------------------------------------------------+
| lower-upper-numeric-symbolic | 6919542 | 99.9493 % |   72837.28421052631 |
| lower-upper-numeric          | 6897624 | 99.6327 % |            111252.0 |
| lower-numeric-symbolic       | 5809034 | 83.9085 % |   84188.89855072464 |
| lower-numeric                | 5793242 | 83.6804 % |  160923.38888888888 |
| lower-upper-symbolic         | 1037363 | 14.9842 % |  12204.270588235295 |
| lower-upper                  | 1029864 | 14.8759 % |  19805.076923076922 |
| lower-symbolic               |  812503 | 11.7362 % |  13771.237288135593 |
| lower                        |  807038 | 11.6573 % |  31039.923076923078 |
| upper-numeric-symbolic       |  370273 | 5.3484 %  |   5366.275362318841 |
| upper-numeric                |  368426 | 5.3217 %  |  10234.055555555555 |
| numeric-symbolic             |  298881 | 4.3172 %  |   6950.720930232558 |
| numeric                      |  297724 | 4.3005 %  |             29772.4 |
| upper-symbolic               |   21901 | 0.3163 %  |  371.20338983050846 |
| upper                        |   21649 | 0.3127 %  |   832.6538461538462 |
| symbolic                     |       6 | 0.0001 %  | 0.18181818181818182 |
+--------------------------------------------------------------------------+

Charset frequency, sorted by count/keyspace, full table
+--------------------------------------------------------------------------+
|           Charset            |  Count  | Of total  |   Count/keyspace    |
+--------------------------------------------------------------------------+
| lower-numeric                | 5793242 | 83.6804 % |  160923.38888888888 |
| lower-upper-numeric          | 6897624 | 99.6327 % |            111252.0 |
| lower-numeric-symbolic       | 5809034 | 83.9085 % |   84188.89855072464 |
| lower-upper-numeric-symbolic | 6919542 | 99.9493 % |   72837.28421052631 |
| lower                        |  807038 | 11.6573 % |  31039.923076923078 |
| numeric                      |  297724 | 4.3005 %  |             29772.4 |
| lower-upper                  | 1029864 | 14.8759 % |  19805.076923076922 |
| lower-symbolic               |  812503 | 11.7362 % |  13771.237288135593 |
| lower-upper-symbolic         | 1037363 | 14.9842 % |  12204.270588235295 |
| upper-numeric                |  368426 | 5.3217 %  |  10234.055555555555 |
| numeric-symbolic             |  298881 | 4.3172 %  |   6950.720930232558 |
| upper-numeric-symbolic       |  370273 | 5.3484 %  |   5366.275362318841 |
| upper                        |   21649 | 0.3127 %  |   832.6538461538462 |
| upper-symbolic               |   21901 | 0.3163 %  |  371.20338983050846 |
| symbolic                     |       6 | 0.0001 %  | 0.18181818181818182 |
+--------------------------------------------------------------------------+


Hashcat mask frequency, sorted by count, top 20
+-----------------------------------------------------------------------+
|           Mask           | Count  | Of total |     Count/keyspace     |
+-----------------------------------------------------------------------+
| ?l?l?l?u?u?u?d?d?d       | 191346 | 2.7639 % |  6.194115511925166e-07 |
| ?l?l?l?l?l?l?l?l?l?l?l?l | 160772 | 2.3223 % | 1.6847297259046235e-12 |
| ?l?l?l?l?l?l?d?d?l?l?l?l | 146971 | 2.1229 % | 1.0411137193108726e-11 |
| ?l?l?l?l?l?l             | 126387 | 1.8256 % |  0.0004091309341223156 |
| ?l?l?l?l?l?l?l           | 115109 | 1.6627 % | 1.4331638507090135e-05 |
| ?l?l?l?l?l?l?l?l?l       | 114667 | 1.6563 % | 2.1119241606559903e-08 |
| ?l?l?l?l?l?l?l?l?l?l     | 107181 | 1.5482 % |  7.592491685397707e-10 |
| ?d?d?d?d?d?d?d?d?l?l?l?l |  92129 | 1.3308 % |  2.016057736073667e-09 |
| ?l?l?l?l?l?l?l?d?d       |  84706 | 1.2235 % | 1.0546314983029798e-07 |
| ?d?d?l?l?l?l?l?l?l?l     |  79531 | 1.1488 % | 3.8084622872748224e-09 |
| ?l?l?l?d?l?d?l?l?l?l     |  79075 | 1.1422 % |  3.786626037221418e-09 |
| ?l?l?l?l?d?d?l?l?l?l     |  79006 | 1.1412 % |  3.783321867805442e-09 |
| ?l?l?l?l?d?l?l?l?d?l     |  78998 | 1.1411 % |  3.782938775699242e-09 |
| ?l?l?l?l?d?l?d?l?l?l     |  78849 | 1.1389 % |  3.775803685221266e-09 |
| ?l?l?d?l?l?l?l?l?d?l     |  78829 | 1.1386 % |  3.774845954955765e-09 |
| ?l?d?l?l?l?d?l?l?l?l     |  78803 | 1.1383 % |  3.773600905610615e-09 |
| ?l?d?l?l?l?l?l?d?l?l     |  78785 | 1.138 %  |  3.772738948371665e-09 |
| ?l?l?l?l?d?l?l?d?l?l     |  78650 | 1.1361 % |  3.766274269079539e-09 |
| ?l?l?l?d?l?l?d?l?l?l     |  78561 | 1.1348 % |  3.762012369398063e-09 |
| ?l?d?l?d?l?l?l?l?l?l     |  78502 | 1.1339 % |  3.759187065114837e-09 |
+-----------------------------------------------------------------------+
Words that didn't match any ?l?u?d?s mask: 3512 (0.0507 %)

Hashcat mask frequency, sorted by count/keyspace, top 20
+-----------------------------------------------------------+
|      Mask      | Count | Of total |    Count/keyspace     |
+-----------------------------------------------------------+
| ?d?d?d?d?d?d   | 75449 | 1.0898 % |              0.075449 |
| ?d?d?d?d?d     |  7117 | 0.1028 % |               0.07117 |
| ?l?l?l         |    83 | 0.0012 % |    0.0047223486572599 |
| ?d?d?d?d?d?d?d | 41220 | 0.5954 % |              0.004122 |
| ?l?l?l?l?l     | 25787 | 0.3725 % | 0.0021703715125251486 |
| ?l?l?l?d?d     |  3462 | 0.05 %   | 0.0019697314519799727 |
| ?l?l?d?d?d?d   | 11747 | 0.1697 % | 0.0017377218934911242 |
| ?l?d?d?d?d     |   427 | 0.0062 % | 0.0016423076923076923 |
| ?u?u           |     1 | 0.0 %    | 0.0014792899408284023 |
| ?l?l?d?d?d     |   881 | 0.0127 % | 0.0013032544378698224 |
| ?d?d?d?d?l     |   310 | 0.0045 % | 0.0011923076923076924 |
| ?l?l?l?l?d?d   | 47536 | 0.6866 % | 0.0010402296838345996 |
| ?u?u?u         |    17 | 0.0002 % | 0.0009672280382339554 |
| ?l?l?d         |     6 | 0.0001 % | 0.0008875739644970414 |
| ?l?l?l?d?d?d   | 15491 | 0.2238 % | 0.0008813723258989531 |
| ?u?l?l         |    12 | 0.0002 % | 0.0006827492034592626 |
| ?d?d?d?d?l?l   |  4404 | 0.0636 % | 0.0006514792899408285 |
| ?l?l?l?l?d     |  2809 | 0.0406 % |   0.00061469311298624 |
| ?l?d?d?d?d?d   |  1560 | 0.0225 % |                0.0006 |
| ?d?d?d?d?d?l   |  1314 | 0.019 %  | 0.0005053846153846153 |
+-----------------------------------------------------------+
Words that didn't match any ?l?u?d?s mask: 3512 (0.0507 %)


Charset distribution of characters in beginning and end of words (len>=6)
+-------------------------------------------------------------------------------------------------+
| Charset\Index | 0 (first char) |     1     |     2     |    -3     |    -2     | -1 (last char) |
+-------------------------------------------------------------------------------------------------+
| lower         | 72.9671 %      | 76.9715 % | 76.9913 % | 63.9074 % | 55.579 %  | 61.4889 %      |
| upper         | 8.6025 %       | 3.8898 %  | 3.9199 %  | 3.6144 %  | 3.4837 %  | 3.513 %        |
| digits        | 18.4062 %      | 19.1167 % | 19.0587 % | 32.4121 % | 40.8887 % | 34.9074 %      |
| symbols       | 0.0242 %       | 0.022 %   | 0.0301 %  | 0.0661 %  | 0.0486 %  | 0.0906 %       |
+-------------------------------------------------------------------------------------------------+


Total characters: 	64191974
Unique characters: 	181
Top 50 characters: 	eairontl1s209cum3d85467hpgbkyfvwjzxqASMLERDTBNICOP

Character frequency, sorted by count, top 20
+--------------------------------+
| Character |  Count  | Of total |
+--------------------------------+
| e         | 4650504 | 7.2447 % |
| a         | 4332185 | 6.7488 % |
| i         | 3494423 | 5.4437 % |
| r         | 3127836 | 4.8726 % |
| o         | 3096312 | 4.8235 % |
| n         | 2989767 | 4.6575 % |
| t         | 2795400 | 4.3548 % |
| l         | 2542148 | 3.9602 % |
| 1         | 2422896 | 3.7745 % |
| s         | 2380463 | 3.7083 % |
| 2         | 1891575 | 2.9467 % |
| 0         | 1876726 | 2.9236 % |
| 9         | 1698374 | 2.6458 % |
| c         | 1631661 | 2.5418 % |
| u         | 1591057 | 2.4786 % |
| m         | 1586821 | 2.472 %  |
| 3         | 1559628 | 2.4296 % |
| d         | 1455475 | 2.2674 % |
| 8         | 1371808 | 2.137 %  |
| 5         | 1370516 | 2.135 %  |
+--------------------------------+


Symbol frequency, sorted by count, top 20
+----------------+
| Symbol | Count |
+----------------+
| _      |  6625 |
| .      |  5776 |
| -      |  4117 |
| !      |  3410 |
|        |  1879 |
| @      |  1649 |
| #      |  1001 |
| *      |   979 |
| ,      |   653 |
| /      |   511 |
| ?      |   461 |
| &      |   380 |
| %      |   344 |
| )      |   305 |
| (      |   231 |
| \      |   212 |
| :      |   194 |
| "      |   160 |
| '      |    94 |
| ;      |    93 |
+----------------+


