Total entries = 44791
Total unique entries = 27147

Top 10 passwords
123456 = 493 (1.1%)
password = 186 (0.42%)
qwerty = 104 (0.23%)
123456789 = 95 (0.21%)
12345 = 93 (0.21%)
1234 = 62 (0.14%)
liverpool = 45 (0.1%)
111111 = 43 (0.1%)
VQsaBLPzLa = 35 (0.08%)
dragon = 35 (0.08%)

Top 10 base words
password = 215 (0.48%)
qwerty = 137 (0.31%)
dragon = 52 (0.12%)
liverpool = 50 (0.11%)
monkey = 47 (0.1%)
fuckyou = 39 (0.09%)
vqsablpzla = 35 (0.08%)
killer = 33 (0.07%)
porn = 33 (0.07%)
andrew = 31 (0.07%)

Password length (length ordered)
1 = 23 (0.05%)
2 = 51 (0.11%)
3 = 332 (0.74%)
4 = 1466 (3.27%)
5 = 1779 (3.97%)
6 = 10200 (22.77%)
7 = 6601 (14.74%)
8 = 7684 (17.16%)
9 = 3610 (8.06%)
10 = 3147 (7.03%)
11 = 874 (1.95%)
12 = 373 (0.83%)
13 = 187 (0.42%)
14 = 100 (0.22%)
15 = 47 (0.1%)
16 = 22 (0.05%)
17 = 2 (0.0%)
18 = 3 (0.01%)
19 = 1 (0.0%)
20 = 2 (0.0%)
32 = 1 (0.0%)
33 = 1 (0.0%)
34 = 80 (0.18%)
35 = 8205 (18.32%)

Password length (count ordered)
6 = 10200 (22.77%)
35 = 8205 (18.32%)
8 = 7684 (17.16%)
7 = 6601 (14.74%)
9 = 3610 (8.06%)
10 = 3147 (7.03%)
5 = 1779 (3.97%)
4 = 1466 (3.27%)
11 = 874 (1.95%)
12 = 373 (0.83%)
3 = 332 (0.74%)
13 = 187 (0.42%)
14 = 100 (0.22%)
34 = 80 (0.18%)
2 = 51 (0.11%)
15 = 47 (0.1%)
1 = 23 (0.05%)
16 = 22 (0.05%)
18 = 3 (0.01%)
17 = 2 (0.0%)
20 = 2 (0.0%)
19 = 1 (0.0%)
33 = 1 (0.0%)
32 = 1 (0.0%)

      |                                                                 
      |                                                                 
      |                                                                 
      | |                          |                                    
      | |                          |                                    
      |||                          |                                    
      |||                          |                                    
      |||                          |                                    
      |||                          |                                    
      |||                          |                                    
      ||||                         |                                    
      |||||                        |                                    
      |||||                        |                                    
    |||||||                        |                                    
    ||||||||                       |                                    
|||||||||||||||||||||||||||||||||||||                                   
0000000000111111111122222222223333333
0123456789012345678901234567890123456

One to six characters = 13851 (30.92%)
One to eight characters = 28136 (62.82%)
More than eight characters = 16655 (37.18%)

Only lowercase alpha = 17743 (39.61%)
Only uppercase alpha = 342 (0.76%)
Only alpha = 18085 (40.38%)
Only numeric = 5056 (11.29%)

First capital last symbol = 36 (0.08%)
First capital last number = 1109 (2.48%)

Months
january = 4 (0.01%)
february = 2 (0.0%)
march = 5 (0.01%)
april = 6 (0.01%)
may = 41 (0.09%)
june = 10 (0.02%)
july = 15 (0.03%)
august = 11 (0.02%)
september = 1 (0.0%)
october = 6 (0.01%)
november = 12 (0.03%)

Days
monday = 1 (0.0%)
tuesday = 1 (0.0%)
friday = 3 (0.01%)
saturday = 2 (0.0%)
sunday = 2 (0.0%)

Months (Abreviated)
jan = 61 (0.14%)
feb = 67 (0.15%)
mar = 283 (0.63%)
apr = 13 (0.03%)
may = 41 (0.09%)
jun = 49 (0.11%)
jul = 35 (0.08%)
aug = 26 (0.06%)
sept = 6 (0.01%)
oct = 10 (0.02%)
nov = 30 (0.07%)
dec = 65 (0.15%)

Days (Abreviated)
mon = 284 (0.63%)
tues = 1 (0.0%)
wed = 15 (0.03%)
fri = 15 (0.03%)
sat = 33 (0.07%)
sun = 72 (0.16%)

Includes years
1975 = 20 (0.04%)
1976 = 26 (0.06%)
1977 = 18 (0.04%)
1978 = 15 (0.03%)
1979 = 26 (0.06%)
1980 = 32 (0.07%)
1981 = 21 (0.05%)
1982 = 39 (0.09%)
1983 = 22 (0.05%)
1984 = 35 (0.08%)
1985 = 30 (0.07%)
1986 = 52 (0.12%)
1987 = 33 (0.07%)
1988 = 35 (0.08%)
1989 = 49 (0.11%)
1990 = 36 (0.08%)
1991 = 28 (0.06%)
1992 = 26 (0.06%)
1993 = 12 (0.03%)
1994 = 16 (0.04%)
1995 = 12 (0.03%)
1996 = 13 (0.03%)
1997 = 13 (0.03%)
1998 = 5 (0.01%)
1999 = 7 (0.02%)
2000 = 50 (0.11%)
2001 = 36 (0.08%)
2002 = 9 (0.02%)
2003 = 31 (0.07%)
2004 = 26 (0.06%)
2005 = 23 (0.05%)
2006 = 25 (0.06%)
2007 = 61 (0.14%)
2008 = 7 (0.02%)
2009 = 6 (0.01%)
2010 = 16 (0.04%)
2011 = 8 (0.02%)
2012 = 16 (0.04%)
2013 = 3 (0.01%)
2014 = 1 (0.0%)
2015 = 3 (0.01%)
2016 = 10 (0.02%)
2017 = 8 (0.02%)
2018 = 6 (0.01%)
2019 = 1 (0.0%)
2020 = 10 (0.02%)

Years (Top 10)
2007 = 61 (0.14%)
1986 = 52 (0.12%)
2000 = 50 (0.11%)
1989 = 49 (0.11%)
1982 = 39 (0.09%)
2001 = 36 (0.08%)
1990 = 36 (0.08%)
1984 = 35 (0.08%)
1988 = 35 (0.08%)
1987 = 33 (0.07%)

Colours
black = 46 (0.1%)
blue = 46 (0.1%)
brown = 13 (0.03%)
green = 33 (0.07%)
orange = 13 (0.03%)
pink = 15 (0.03%)
purple = 16 (0.04%)
red = 181 (0.4%)
white = 13 (0.03%)
yellow = 6 (0.01%)

Single digit on the end = 3594 (8.02%)
Two digits on the end = 3232 (7.22%)
Three digits on the end = 2389 (5.33%)

Last number
0 = 1333 (2.98%)
1 = 3289 (7.34%)
2 = 1642 (3.67%)
3 = 1897 (4.24%)
4 = 1251 (2.79%)
5 = 1342 (3.0%)
6 = 1731 (3.86%)
7 = 1319 (2.94%)
8 = 1131 (2.53%)
9 = 1485 (3.32%)

 |                                                                      
 |                                                                      
 |                                                                      
 |                                                                      
 |                                                                      
 |                                                                      
 | |                                                                    
 | |  |                                                                 
 |||  |  |                                                              
|||||||| |                                                              
||||||||||                                                              
||||||||||                                                              
||||||||||                                                              
||||||||||                                                              
||||||||||                                                              
||||||||||                                                              
0123456789

Last digit
1 = 3289 (7.34%)
3 = 1897 (4.24%)
6 = 1731 (3.86%)
2 = 1642 (3.67%)
9 = 1485 (3.32%)
5 = 1342 (3.0%)
0 = 1333 (2.98%)
7 = 1319 (2.94%)
4 = 1251 (2.79%)
8 = 1131 (2.53%)

Last 2 digits (Top 10)
23 = 746 (1.67%)
56 = 616 (1.38%)
11 = 414 (0.92%)
12 = 361 (0.81%)
00 = 355 (0.79%)
21 = 301 (0.67%)
69 = 293 (0.65%)
01 = 289 (0.65%)
89 = 263 (0.59%)
34 = 238 (0.53%)

Last 3 digits (Top 10)
123 = 606 (1.35%)
456 = 548 (1.22%)
234 = 173 (0.39%)
000 = 150 (0.33%)
789 = 134 (0.3%)
345 = 131 (0.29%)
111 = 120 (0.27%)
321 = 111 (0.25%)
666 = 109 (0.24%)
007 = 104 (0.23%)

Last 4 digits (Top 10)
3456 = 513 (1.15%)
1234 = 169 (0.38%)
2345 = 124 (0.28%)
6789 = 107 (0.24%)
1111 = 81 (0.18%)
0000 = 75 (0.17%)
4321 = 65 (0.15%)
2007 = 44 (0.1%)
6969 = 41 (0.09%)
5678 = 37 (0.08%)

Last 5 digits (Top 10)
23456 = 511 (1.14%)
12345 = 117 (0.26%)
56789 = 107 (0.24%)
11111 = 64 (0.14%)
00000 = 51 (0.11%)
54321 = 50 (0.11%)
45678 = 35 (0.08%)
23123 = 33 (0.07%)
18438 = 31 (0.07%)
34567 = 31 (0.07%)

US Area Codes
456 = Inbound International (--)
234 = NE Ohio: Canton, Akron (OH)
345 = Cayman Islands (--)
321 = Florida: Brevard County, Cape Canaveral area; Metro Orlando (FL)

Character sets
loweralpha: 17743 (39.61%)
loweralphanum: 10895 (24.32%)
numeric: 5056 (11.29%)
mixedalphanum: 3521 (7.86%)
mixedalphaspecialnum: 3120 (6.97%)
loweralphaspecialnum: 2648 (5.91%)
mixedalpha: 714 (1.59%)
upperalpha: 342 (0.76%)
upperalphanum: 272 (0.61%)
loweralphaspecial: 192 (0.43%)
mixedalphaspecial: 27 (0.06%)
specialnum: 21 (0.05%)
special: 13 (0.03%)
upperalphaspecial: 7 (0.02%)
upperalphaspecialnum: 6 (0.01%)

Character set ordering
allstring: 18799 (41.97%)
othermask: 9470 (21.14%)
stringdigit: 9258 (20.67%)
alldigit: 5056 (11.29%)
stringdigitstring: 839 (1.87%)
digitstring: 778 (1.74%)
digitstringdigit: 301 (0.67%)
stringspecial: 96 (0.21%)
stringspecialstring: 80 (0.18%)
stringspecialdigit: 65 (0.15%)
specialstring: 29 (0.06%)
allspecial: 13 (0.03%)
specialstringspecial: 7 (0.02%)

Hashcat masks (Top 10)
?l?l?l?l?l?l: 5292 (11.81%)
?l?l?l?l?l?l?l: 3534 (7.89%)
?l?l?l?l?l?l?l?l: 3401 (7.59%)
?d?d?d?d?d?d: 2490 (5.56%)
?l?l?l?l?l?l?l?l?l: 1572 (3.51%)
?l?l?l?l?l: 1264 (2.82%)
?l?l?l?l?l?l?l?l?l?l: 877 (1.96%)
?l?l?l?l?l?l?d?d: 865 (1.93%)
?l?l?l?l: 799 (1.78%)
?d?d?d?d?d?d?d?d: 753 (1.68%)
