Total entries = 1085080
Total unique entries = 474697

Top 10 passwords
123456 = 2516 (0.23%)
password = 2190 (0.2%)
12345678 = 1205 (0.11%)
lifehack = 782 (0.07%)
qwerty = 696 (0.06%)
jalopnik = 686 (0.06%)
gizmodo1 = 686 (0.06%)
gawker = 678 (0.06%)
gizmodo = 604 (0.06%)
abc123 = 499 (0.05%)

Top 10 base words
password = 2397 (0.22%)
gizmodo = 2064 (0.19%)
qwerty = 1170 (0.11%)
gawker = 1115 (0.1%)
lifehack = 970 (0.09%)
monkey = 894 (0.08%)
jalopnik = 707 (0.07%)
kotaku = 615 (0.06%)
dragon = 596 (0.05%)
love = 558 (0.05%)

Password length (length ordered)
1 = 128 (0.01%)
2 = 335 (0.03%)
3 = 2681 (0.25%)
4 = 15763 (1.45%)
5 = 28131 (2.59%)
6 = 194252 (17.9%)
7 = 158816 (14.64%)
8 = 684974 (63.13%)

Password length (count ordered)
8 = 684974 (63.13%)
6 = 194252 (17.9%)
7 = 158816 (14.64%)
5 = 28131 (2.59%)
4 = 15763 (1.45%)
3 = 2681 (0.25%)
2 = 335 (0.03%)
1 = 128 (0.01%)

        |                                                               
        |                                                               
        |                                                               
        |                                                               
        |                                                               
        |                                                               
        |                                                               
        |                                                               
        |                                                               
        |                                                               
        |                                                               
      | |                                                               
      |||                                                               
      |||                                                               
      |||                                                               
||||||||||                                                              
0123456789

One to six characters = 241290 (22.24%)
One to eight characters = 1085080 (100.0%)
More than eight characters = 0 (0.0%)

Only lowercase alpha = 459357 (42.33%)
Only uppercase alpha = 6663 (0.61%)
Only alpha = 466020 (42.95%)
Only numeric = 56645 (5.22%)

First capital last symbol = 1270 (0.12%)
First capital last number = 32174 (2.97%)

Months
january = 52 (0.0%)
february = 21 (0.0%)
march = 246 (0.02%)
april = 301 (0.03%)
may = 1163 (0.11%)
june = 370 (0.03%)
july = 283 (0.03%)
august = 189 (0.02%)
october = 111 (0.01%)
november = 94 (0.01%)
december = 83 (0.01%)

Days
monday = 89 (0.01%)
tuesday = 38 (0.0%)
thursday = 32 (0.0%)
friday = 98 (0.01%)
saturday = 19 (0.0%)
sunday = 50 (0.0%)

Months (Abreviated)
jan = 2037 (0.19%)
feb = 493 (0.05%)
mar = 8531 (0.79%)
apr = 765 (0.07%)
may = 1163 (0.11%)
jun = 1238 (0.11%)
jul = 913 (0.08%)
aug = 695 (0.06%)
sept = 248 (0.02%)
oct = 603 (0.06%)
nov = 978 (0.09%)
dec = 879 (0.08%)

Days (Abreviated)
mon = 7217 (0.67%)
tues = 60 (0.01%)
wed = 310 (0.03%)
thurs = 39 (0.0%)
fri = 1115 (0.1%)
sat = 1035 (0.1%)
sun = 2003 (0.18%)

Includes years
1975 = 227 (0.02%)
1976 = 239 (0.02%)
1977 = 266 (0.02%)
1978 = 295 (0.03%)
1979 = 267 (0.02%)
1980 = 357 (0.03%)
1981 = 384 (0.04%)
1982 = 382 (0.04%)
1983 = 371 (0.03%)
1984 = 487 (0.04%)
1985 = 408 (0.04%)
1986 = 435 (0.04%)
1987 = 440 (0.04%)
1988 = 365 (0.03%)
1989 = 333 (0.03%)
1990 = 323 (0.03%)
1991 = 310 (0.03%)
1992 = 287 (0.03%)
1993 = 262 (0.02%)
1994 = 236 (0.02%)
1995 = 221 (0.02%)
1996 = 172 (0.02%)
1997 = 154 (0.01%)
1998 = 163 (0.02%)
1999 = 193 (0.02%)
2000 = 829 (0.08%)
2001 = 451 (0.04%)
2002 = 461 (0.04%)
2003 = 351 (0.03%)
2004 = 335 (0.03%)
2005 = 336 (0.03%)
2006 = 335 (0.03%)
2007 = 452 (0.04%)
2008 = 517 (0.05%)
2009 = 214 (0.02%)
2010 = 165 (0.02%)
2011 = 118 (0.01%)
2012 = 108 (0.01%)
2013 = 92 (0.01%)
2014 = 45 (0.0%)
2015 = 61 (0.01%)
2016 = 37 (0.0%)
2017 = 40 (0.0%)
2018 = 50 (0.0%)
2019 = 111 (0.01%)
2020 = 213 (0.02%)

Years (Top 10)
2000 = 829 (0.08%)
2008 = 517 (0.05%)
1984 = 487 (0.04%)
2002 = 461 (0.04%)
2007 = 452 (0.04%)
2001 = 451 (0.04%)
1987 = 440 (0.04%)
1986 = 435 (0.04%)
1985 = 408 (0.04%)
1981 = 384 (0.04%)

Colours
black = 949 (0.09%)
blue = 2111 (0.19%)
brown = 319 (0.03%)
gray = 171 (0.02%)
green = 1030 (0.09%)
orange = 449 (0.04%)
pink = 806 (0.07%)
purple = 343 (0.03%)
red = 5311 (0.49%)
white = 472 (0.04%)
yellow = 279 (0.03%)
violet = 100 (0.01%)
indigo = 118 (0.01%)

Single digit on the end = 136054 (12.54%)
Two digits on the end = 124188 (11.45%)
Three digits on the end = 62936 (5.8%)

Last number
0 = 45978 (4.24%)
1 = 83086 (7.66%)
2 = 53608 (4.94%)
3 = 49677 (4.58%)
4 = 36499 (3.36%)
5 = 35342 (3.26%)
6 = 36398 (3.35%)
7 = 37594 (3.46%)
8 = 35765 (3.3%)
9 = 39258 (3.62%)

 |                                                                      
 |                                                                      
 |                                                                      
 |                                                                      
 |                                                                      
 ||                                                                     
 |||                                                                    
||||                                                                    
||||| || |                                                              
||||||||||                                                              
||||||||||                                                              
||||||||||                                                              
||||||||||                                                              
||||||||||                                                              
||||||||||                                                              
||||||||||                                                              
0123456789

Last digit
1 = 83086 (7.66%)
2 = 53608 (4.94%)
3 = 49677 (4.58%)
0 = 45978 (4.24%)
9 = 39258 (3.62%)
7 = 37594 (3.46%)
4 = 36499 (3.36%)
6 = 36398 (3.35%)
8 = 35765 (3.3%)
5 = 35342 (3.26%)

Last 2 digits (Top 10)
23 = 13435 (1.24%)
12 = 12412 (1.14%)
00 = 10251 (0.94%)
11 = 9096 (0.84%)
01 = 7548 (0.7%)
99 = 5975 (0.55%)
13 = 5939 (0.55%)
21 = 5816 (0.54%)
10 = 5427 (0.5%)
22 = 5401 (0.5%)

Last 3 digits (Top 10)
123 = 8772 (0.81%)
456 = 3258 (0.3%)
234 = 2638 (0.24%)
000 = 2214 (0.2%)
200 = 2128 (0.2%)
111 = 1963 (0.18%)
678 = 1465 (0.14%)
666 = 1419 (0.13%)
007 = 1332 (0.12%)
101 = 1321 (0.12%)

Last 4 digits (Top 10)
3456 = 2809 (0.26%)
1234 = 2349 (0.22%)
5678 = 1272 (0.12%)
2345 = 1007 (0.09%)
1111 = 922 (0.08%)
2000 = 673 (0.06%)
0000 = 638 (0.06%)
4321 = 480 (0.04%)
4567 = 427 (0.04%)
2008 = 422 (0.04%)

Last 5 digits (Top 10)
23456 = 2794 (0.26%)
45678 = 1227 (0.11%)
12345 = 951 (0.09%)
11111 = 606 (0.06%)
00000 = 390 (0.04%)
34567 = 387 (0.04%)
54321 = 346 (0.03%)
23123 = 253 (0.02%)
66666 = 207 (0.02%)
77777 = 202 (0.02%)

US Area Codes
456 = Inbound International (--)
234 = NE Ohio: Canton, Akron (OH)
678 = N Georgia: metropolitan Atlanta (GA)

Character sets
loweralphanum: 470732 (43.38%)
loweralpha: 459357 (42.33%)
numeric: 56645 (5.22%)
mixedalphanum: 40623 (3.74%)
mixedalpha: 23676 (2.18%)
loweralphaspecial: 8072 (0.74%)
upperalphanum: 6988 (0.64%)
upperalpha: 6663 (0.61%)
loweralphaspecialnum: 5925 (0.55%)
mixedalphaspecialnum: 2492 (0.23%)
mixedalphaspecial: 1459 (0.13%)
specialnum: 318 (0.03%)
upperalphaspecialnum: 163 (0.02%)
upperalphaspecial: 159 (0.01%)
special: 115 (0.01%)

Character set ordering
allstring: 489696 (45.13%)
stringdigit: 304949 (28.1%)
othermask: 122546 (11.29%)
stringdigitstring: 58752 (5.41%)
alldigit: 56645 (5.22%)
digitstring: 22751 (2.1%)
digitstringdigit: 17607 (1.62%)
stringspecialstring: 4206 (0.39%)
stringspecial: 3830 (0.35%)
stringspecialdigit: 2812 (0.26%)
specialstring: 956 (0.09%)
specialstringspecial: 215 (0.02%)
allspecial: 115 (0.01%)

Hashcat masks (Top 10)
?l?l?l?l?l?l?l?l: 255158 (23.52%)
?l?l?l?l?l?l: 99815 (9.2%)
?l?l?l?l?l?l?l: 70693 (6.52%)
?l?l?l?l?l?l?d?d: 59300 (5.47%)
?l?l?l?l?l?l?l?d: 48889 (4.51%)
?l?l?l?l?l?d?d?d: 30405 (2.8%)
?d?d?d?d?d?d: 23184 (2.14%)
?l?l?l?l?d?d?d?d: 21573 (1.99%)
?l?l?l?l?l: 21292 (1.96%)
?d?d?d?d?d?d?d?d: 19020 (1.75%)
