

passpal 0.4 report (www.thepasswordproject.com)

Total words: 	12358
Unique words: 	5410 (43.78 %)

Word frequency, sorted by count, top 20
+-------------------------------+
|    Word    | Count | Of total |
+-------------------------------+
| 7uGd5HIp2J |   159 | 1.2866 % |
| 123456     |   118 | 0.9548 % |
| d7GtP2H27  |    92 | 0.7445 % |
| 1234       |    76 | 0.615 %  |
| 55555      |    62 | 0.5017 % |
| 123        |    54 | 0.437 %  |
| eee        |    44 | 0.356 %  |
| 12345      |    40 | 0.3237 % |
| 123321     |    39 | 0.3156 % |
| 123456789  |    38 | 0.3075 % |
| gqNmKRG7   |    36 | 0.2913 % |
| 23101988   |    34 | 0.2751 % |
| 123123     |    30 | 0.2428 % |
| rzKKYEk118 |    28 | 0.2266 % |
| HJT8KSt89  |    26 | 0.2104 % |
| 5008950089 |    24 | 0.1942 % |
| EQzLshU453 |    22 | 0.178 %  |
| C0P7Oq     |    22 | 0.178 %  |
| 14Passr578 |    22 | 0.178 %  |
| C0P7Oq81   |    18 | 0.1457 % |
+-------------------------------+


Base word (len>=3) frequency, sorted by count, top 20
+------------------------------+
|   Word    | Count | Of total |
+------------------------------+
| uGd5HIp2J |   159 | 1.2866 % |
| d7GtP2H   |    92 | 0.7445 % |
| eee       |    44 | 0.356 %  |
| C0P7Oq    |    44 | 0.356 %  |
| gqNmKRG   |    36 | 0.2913 % |
| rzKKYEk   |    28 | 0.2266 % |
| HJT8KSt   |    26 | 0.2104 % |
| EQzLshU   |    22 | 0.178 %  |
| Passr     |    22 | 0.178 %  |
| la2VbV    |    16 | 0.1295 % |
| d85dRvz   |    16 | 0.1295 % |
| C0P7aar   |    14 | 0.1133 % |
| XQ1jAzj   |    14 | 0.1133 % |
| yqfLcQJ   |    14 | 0.1133 % |
| C0P7O     |    12 | 0.0971 % |
| C0P7Oqq   |    12 | 0.0971 % |
| FERqbd    |    12 | 0.0971 % |
| DpBgaRI   |    12 | 0.0971 % |
| Gnr7bEZ   |    12 | 0.0971 % |
| Y5SflpX   |    12 | 0.0971 % |
+------------------------------+


Length frequency, sorted by length, full table
+----------------------------+
| Length | Count | Of total  |
+----------------------------+
|      3 |   158 | 1.2785 %  |
|      4 |   287 | 2.3224 %  |
|      5 |   233 | 1.8854 %  |
|      6 |   860 | 6.9591 %  |
|      7 |   496 | 4.0136 %  |
|      8 |   725 | 5.8666 %  |
|      9 |   611 | 4.9442 %  |
|     10 |  2737 | 22.1476 % |
|     11 |    81 | 0.6554 %  |
|     12 |    54 | 0.437 %   |
|     13 |    28 | 0.2266 %  |
|     14 |  3035 | 24.559 %  |
|     15 |     4 | 0.0324 %  |
|     16 |    10 | 0.0809 %  |
|     17 |     7 | 0.0566 %  |
|     18 |     5 | 0.0405 %  |
|     20 |     7 | 0.0566 %  |
|     28 |     4 | 0.0324 %  |
|     32 |  3016 | 24.4052 % |
+----------------------------+


Charset frequency, sorted by count, full table
+-----------------------------------------------------------------------+
|           Charset            | Count | Of total  |   Count/keyspace   |
+-----------------------------------------------------------------------+
| lower-upper-numeric-symbolic | 12353 | 99.9595 % | 130.03157894736842 |
| lower-upper-numeric          | 12300 | 99.5307 % | 198.38709677419354 |
| lower-numeric-symbolic       |  9563 | 77.3831 % | 138.59420289855072 |
| lower-numeric                |  9515 | 76.9947 % | 264.30555555555554 |
| upper-numeric-symbolic       |  5506 | 44.5541 % |  79.79710144927536 |
| upper-numeric                |  5484 | 44.3761 % | 152.33333333333334 |
| numeric-symbolic             |  5396 | 43.664 %  | 125.48837209302326 |
| numeric                      |  5376 | 43.5022 % |              537.6 |
| lower-upper-symbolic         |   456 | 3.6899 %  |  5.364705882352941 |
| lower-upper                  |   438 | 3.5443 %  |  8.423076923076923 |
| lower-symbolic               |   426 | 3.4472 %  |  7.220338983050848 |
| lower                        |   412 | 3.3339 %  | 15.846153846153847 |
| upper-symbolic               |    19 | 0.1537 %  | 0.3220338983050847 |
| upper                        |    17 | 0.1376 %  | 0.6538461538461539 |
+-----------------------------------------------------------------------+

Charset frequency, sorted by count/keyspace, full table
+-----------------------------------------------------------------------+
|           Charset            | Count | Of total  |   Count/keyspace   |
+-----------------------------------------------------------------------+
| numeric                      |  5376 | 43.5022 % |              537.6 |
| lower-numeric                |  9515 | 76.9947 % | 264.30555555555554 |
| lower-upper-numeric          | 12300 | 99.5307 % | 198.38709677419354 |
| upper-numeric                |  5484 | 44.3761 % | 152.33333333333334 |
| lower-numeric-symbolic       |  9563 | 77.3831 % | 138.59420289855072 |
| lower-upper-numeric-symbolic | 12353 | 99.9595 % | 130.03157894736842 |
| numeric-symbolic             |  5396 | 43.664 %  | 125.48837209302326 |
| upper-numeric-symbolic       |  5506 | 44.5541 % |  79.79710144927536 |
| lower                        |   412 | 3.3339 %  | 15.846153846153847 |
| lower-upper                  |   438 | 3.5443 %  |  8.423076923076923 |
| lower-symbolic               |   426 | 3.4472 %  |  7.220338983050848 |
| lower-upper-symbolic         |   456 | 3.6899 %  |  5.364705882352941 |
| upper                        |    17 | 0.1376 %  | 0.6538461538461539 |
| upper-symbolic               |    19 | 0.1537 %  | 0.3220338983050847 |
+-----------------------------------------------------------------------+


Hashcat mask frequency, sorted by count, top 20
+---------------------------------------------------------------------------+
|             Mask             | Count | Of total  |     Count/keyspace     |
+---------------------------------------------------------------------------+
| ?d?d?d?d?d?d?d?d?d?d?d?d?d?d |  3020 | 24.4376 % |               3.02e-11 |
| ?d?d?d?d?d?d                 |   619 | 5.0089 %  |               0.000619 |
| ?d?d?d?d?d?d?d?d?l?l?l?l     |   352 | 2.8484 %  |  7.702811526207065e-12 |
| ?d?d?d?d?d?d?d               |   294 | 2.379 %   |               2.94e-05 |
| ?d?d?d?d?d?d?d?d?d           |   259 | 2.0958 %  |               2.59e-07 |
| ?d?d?d?d?l?l?l?l             |   247 | 1.9987 %  |  5.405097860719162e-08 |
| ?d?d?d?d?d?d?d?d?d?d         |   234 | 1.8935 %  |               2.34e-08 |
| ?d?d?d?d?d                   |   174 | 1.408 %   |                0.00174 |
| ?d?l?u?l?d?u?u?l?d?u         |   159 | 1.2866 %  | 1.9796284587889145e-11 |
| ?d?d?d                       |    94 | 0.7606 %  |                  0.094 |
| ?l?d?u?l?u?d?u?d?d           |    92 | 0.7445 %  |  7.743210887358501e-10 |
| ?l?l?l?l?l?l                 |    82 | 0.6635 %  |  2.654445203860356e-07 |
| ?l?l?l                       |    61 | 0.4936 %  |  0.0034706417842512516 |
| ?l?l?l?l?l?l?l?l?l           |    55 | 0.4451 %  | 1.0129839346636736e-11 |
| ?l?l?l?l?l?l?l?l?l?l?l?l     |    49 | 0.3965 %  |  5.134709810746059e-16 |
| ?l?l?l?l?d?d?d?d?l?l?l?l     |    43 | 0.348 %   |  2.059120070825431e-14 |
| ?l?l?l?l?l?l?l               |    42 | 0.3399 %  |  5.229207249631095e-09 |
| ?l?l?l?l?l                   |    40 | 0.3237 %  | 3.3666134292863048e-06 |
| ?l?l?l?l?l?l?l?l             |    38 | 0.3075 %  |  1.819687504450381e-10 |
| ?l?l?u?l?u?u?u?d?l?l?l?l     |    36 | 0.2913 %  |   9.80834363848635e-16 |
+---------------------------------------------------------------------------+
Words that didn't match any ?l?u?d?s mask: 5 (0.0405 %)

Hashcat mask frequency, sorted by count/keyspace, top 20
+------------------------------------------------------------+
|      Mask      | Count | Of total |     Count/keyspace     |
+------------------------------------------------------------+
| ?d?d?d         |    94 | 0.7606 % |                  0.094 |
| ?l?l?l         |    61 | 0.4936 % |  0.0034706417842512516 |
| ?d?d?d?d?d     |   174 | 1.408 %  |                0.00174 |
| ?d?d?d?d?d?d   |   619 | 5.0089 % |               0.000619 |
| ?u?u?u         |     1 | 0.0081 % |  5.689576695493855e-05 |
| ?d?d?d?d?d?d?d |   294 | 2.379 %  |               2.94e-05 |
| ?l?d?d?d?d     |     2 | 0.0162 % |  7.692307692307692e-06 |
| ?l?l?d?d?d     |     3 | 0.0243 % |  4.437869822485207e-06 |
| ?l?l?l?l?l     |    40 | 0.3237 % | 3.3666134292863048e-06 |
| ?u?u?d?d?d     |     2 | 0.0162 % | 2.9585798816568047e-06 |
| ?l?l?d?d?d?d   |    12 | 0.0971 % |  1.775147928994083e-06 |
| ?l?d?d?d?d?d   |     3 | 0.0243 % | 1.1538461538461538e-06 |
| ?l?l?l?d?d?d   |    19 | 0.1537 % | 1.0810195721438325e-06 |
| ?l?d?l?d?l?d   |    13 | 0.1052 % |  7.396449704142012e-07 |
| ?u?d?u?d?u?l   |    32 | 0.2589 % |  7.002555932915514e-07 |
| ?u?d?u?d?u?d   |    12 | 0.0971 % |  6.827492034592627e-07 |
| ?l?l?l?l?d     |     3 | 0.0243 % |  6.564896187108294e-07 |
| ?l?d?d?u?d?d   |     4 | 0.0324 % |  5.917159763313609e-07 |
| ?d?d?d?d?d?d?l |    14 | 0.1133 % |  5.384615384615384e-07 |
| ?u?u?u?u?u     |     6 | 0.0486 % |  5.049920143929458e-07 |
+------------------------------------------------------------+
Words that didn't match any ?l?u?d?s mask: 5 (0.0405 %)


Charset distribution of characters in beginning and end of words (len>=6)
+-------------------------------------------------------------------------------------------------+
| Charset\Index | 0 (first char) |     1     |     2     |    -3     |    -2     | -1 (last char) |
+-------------------------------------------------------------------------------------------------+
| lower         | 25.7106 %      | 26.7723 % | 25.2226 % | 16.3299 % | 14.9255 % | 14.3762 %      |
| upper         | 10.4281 %      | 8.2791 %  | 12.0205 % | 1.7212 %  | 0.9676 %  | 1.5669 %       |
| digits        | 63.8185 %      | 64.8716 % | 62.7055 % | 81.889 %  | 84.0298 % | 83.9113 %      |
| symbols       | 0.0428 %       | 0.0771 %  | 0.0514 %  | 0.0599 %  | 0.0771 %  | 0.1456 %       |
+-------------------------------------------------------------------------------------------------+


Total characters: 	191674
Unique characters: 	77
Top 50 characters: 	0125384976eadbcfrsotuiGnhpHlmkqyPgIJvwzKECQDAROYTU

Character frequency, sorted by count, top 20
+-------------------------------+
| Character | Count | Of total  |
+-------------------------------+
| 0         | 22852 | 11.9223 % |
| 1         | 17523 | 9.1421 %  |
| 2         | 16136 | 8.4185 %  |
| 5         | 11737 | 6.1234 %  |
| 3         | 11621 | 6.0629 %  |
| 8         | 11517 | 6.0086 %  |
| 4         | 11185 | 5.8354 %  |
| 9         | 10874 | 5.6732 %  |
| 7         |  9957 | 5.1948 %  |
| 6         |  9689 | 5.0549 %  |
| e         |  6970 | 3.6364 %  |
| a         |  6774 | 3.5341 %  |
| d         |  6647 | 3.4679 %  |
| b         |  6476 | 3.3787 %  |
| c         |  6473 | 3.3771 %  |
| f         |  6364 | 3.3202 %  |
| r         |   732 | 0.3819 %  |
| s         |   655 | 0.3417 %  |
| o         |   652 | 0.3402 %  |
| t         |   627 | 0.3271 %  |
+-------------------------------+


Symbol frequency, sorted by count, top 20
+----------------+
| Symbol | Count |
+----------------+
|        |    22 |
| #      |    18 |
| ;      |    17 |
| &      |    17 |
| .      |    12 |
| _      |    10 |
| @      |     9 |
| ,      |     8 |
| *      |     6 |
| -      |     4 |
| ?      |     4 |
| /      |     4 |
| %      |     1 |
+----------------+


