                       _ 
     StatsGen 0.0.3   | |
      _ __   __ _  ___| | _
     | '_ \ / _` |/ __| |/ /
     | |_) | (_| | (__|   < 
     | .__/ \__,_|\___|_|\_\
     | |                    
     |_| iphelix@thesprawl.org


[*] Analyzing passwords in [/admin/hashpass/003-targets/00-OpNorthKorea/opnkorea.dic]
[+] Analyzing 100% (8978/8978) of passwords
    NOTE: Statistics below is relative to the number of analyzed passwords, not total number of passwords

[*] Length:
[+]                         6: 31% (2838)
[+]                         7: 19% (1789)
[+]                         8: 17% (1581)
[+]                         4: 13% (1225)
[+]                         9: 06% (598)
[+]                         5: 06% (582)
[+]                        10: 03% (358)
[+]                        16: 00% (4)
[+]                        11: 00% (1)
[+]                        12: 00% (1)
[+]                        14: 00% (1)

[*] Character-set:
[+]                   numeric: 55% (4999)
[+]                loweralpha: 24% (2242)
[+]             loweralphanum: 17% (1576)
[+]                upperalpha: 00% (35)
[+]             upperalphanum: 00% (26)
[+]                mixedalpha: 00% (24)
[+]                specialnum: 00% (22)
[+]         loweralphaspecial: 00% (21)
[+]             mixedalphanum: 00% (17)
[+]      loweralphaspecialnum: 00% (11)
[+]                       all: 00% (5)

[*] Password complexity:
[+]                     digit: min(0) max(14)
[+]                     lower: min(0) max(12)
[+]                     upper: min(0) max(10)
[+]                   special: min(0) max(6)

[*] Simple Masks:
[+]                     digit: 55% (4999)
[+]                    string: 25% (2301)
[+]               stringdigit: 14% (1281)
[+]               digitstring: 02% (191)
[+]                 othermask: 00% (69)
[+]         stringdigitstring: 00% (60)
[+]          digitstringdigit: 00% (30)
[+]             stringspecial: 00% (12)
[+]        stringspecialdigit: 00% (12)
[+]       stringspecialstring: 00% (7)
[+]       specialdigitspecial: 00% (6)
[+]              digitspecial: 00% (4)
[+]         digitspecialdigit: 00% (3)
[+]              specialdigit: 00% (2)
[+]        stringdigitspecial: 00% (1)

[*] Advanced Masks:
[+]              ?d?d?d?d?d?d: 20% (1864)
[+]                  ?d?d?d?d: 11% (1051)
[+]            ?d?d?d?d?d?d?d: 10% (977)
[+]          ?d?d?d?d?d?d?d?d: 07% (668)
[+]              ?l?l?l?l?l?l: 06% (577)
[+]          ?l?l?l?l?l?l?l?l: 05% (451)
[+]            ?l?l?l?l?l?l?l: 04% (388)
[+]        ?l?l?l?l?l?l?l?l?l: 03% (271)
[+]                ?d?d?d?d?d: 02% (253)
[+]                ?l?l?l?l?l: 02% (250)
[+]            ?l?l?l?d?d?d?d: 02% (214)
[+]      ?l?l?l?l?l?l?l?l?l?l: 01% (165)
[+]                  ?l?l?l?l: 01% (140)
[+]        ?d?d?d?d?d?d?d?d?d: 01% (125)
[+]              ?l?l?d?d?d?d: 01% (113)
[+]          ?l?l?l?l?d?d?d?d: 01% (106)
[+]              ?l?l?l?d?d?d: 01% (105)
