

passpal 0.4 report (www.thepasswordproject.com)

Total words: 	70026
Unique words: 	56627 (80.87 %)

Word frequency, sorted by count, top 20
+-------------------------------+
|    Word    | Count | Of total |
+-------------------------------+
| 123456     |  1030 | 1.4709 % |
| password   |   386 | 0.5512 % |
| rootkit    |   331 | 0.4727 % |
| 111111     |   195 | 0.2785 % |
| 12345678   |   186 | 0.2656 % |
| qwerty     |   177 | 0.2528 % |
| 123456789  |   174 | 0.2485 % |
| 123123     |   106 | 0.1514 % |
| 12345      |    94 | 0.1342 % |
| qwertyui   |    92 | 0.1314 % |
| letmein    |    89 | 0.1271 % |
| 1234       |    81 | 0.1157 % |
| 000000     |    74 | 0.1057 % |
| abc123     |    74 | 0.1057 % |
| dvcfghyt   |    69 | 0.0985 % |
| r00tk1t    |    55 | 0.0785 % |
| 1234567    |    52 | 0.0743 % |
| 1234567890 |    50 | 0.0714 % |
| 123        |    49 | 0.07 %   |
| aaaaaa     |    47 | 0.0671 % |
+-------------------------------+


Base word (len>=3) frequency, sorted by count, top 20
+-----------------------------+
|   Word   | Count | Of total |
+-----------------------------+
| rootkit  |   489 | 0.6983 % |
| password |   459 | 0.6555 % |
| qwerty   |   268 | 0.3827 % |
| abc      |   117 | 0.1671 % |
| letmein  |   109 | 0.1557 % |
| qwertyui |    92 | 0.1314 % |
| qwe      |    88 | 0.1257 % |
| test     |    81 | 0.1157 % |
| asdf     |    72 | 0.1028 % |
| root     |    69 | 0.0985 % |
| dvcfghyt |    69 | 0.0985 % |
| hello    |    65 | 0.0928 % |
| r00tk1t  |    64 | 0.0914 % |
| master   |    59 | 0.0843 % |
| fuckyou  |    56 | 0.08 %   |
| qazwsx   |    55 | 0.0785 % |
| qwer     |    53 | 0.0757 % |
| pass     |    53 | 0.0757 % |
| killer   |    51 | 0.0728 % |
| aaaaaa   |    49 | 0.07 %   |
+-----------------------------+


Length frequency, sorted by length, full table
+----------------------------+
| Length | Count | Of total  |
+----------------------------+
|      1 |    17 | 0.0243 %  |
|      2 |    20 | 0.0286 %  |
|      3 |   289 | 0.4127 %  |
|      4 |  1477 | 2.1092 %  |
|      5 |  2741 | 3.9143 %  |
|      6 | 17286 | 24.6851 % |
|      7 | 11825 | 16.8866 % |
|      8 | 18048 | 25.7733 % |
|      9 |  7690 | 10.9816 % |
|     10 |  5115 | 7.3044 %  |
|     11 |  2404 | 3.433 %   |
|     12 |  1517 | 2.1663 %  |
|     13 |   689 | 0.9839 %  |
|     14 |   412 | 0.5884 %  |
|     15 |   230 | 0.3284 %  |
|     16 |   116 | 0.1657 %  |
|     17 |    53 | 0.0757 %  |
|     18 |    26 | 0.0371 %  |
|     19 |    13 | 0.0186 %  |
|     20 |    17 | 0.0243 %  |
|     21 |     8 | 0.0114 %  |
|     22 |     5 | 0.0071 %  |
|     23 |     7 | 0.01 %    |
|     24 |     6 | 0.0086 %  |
|     25 |     6 | 0.0086 %  |
|     28 |     1 | 0.0014 %  |
|     29 |     2 | 0.0029 %  |
|     32 |     4 | 0.0057 %  |
|     42 |     2 | 0.0029 %  |
+----------------------------+


Charset frequency, sorted by count, full table
+-----------------------------------------------------------------------+
|           Charset            | Count | Of total  |   Count/keyspace   |
+-----------------------------------------------------------------------+
| lower-upper-numeric-symbolic | 69379 | 99.0761 % |  730.3052631578947 |
| lower-upper-numeric          | 65887 | 94.0893 % | 1062.6935483870968 |
| lower-numeric-symbolic       | 63296 | 90.3893 % |  917.3333333333334 |
| lower-numeric                | 60830 | 86.8677 % | 1689.7222222222222 |
| lower-upper-symbolic         | 32249 | 46.0529 % |              379.4 |
| lower-upper                  | 30947 | 44.1936 % |  595.1346153846154 |
| lower-symbolic               | 30431 | 43.4567 % |  515.7796610169491 |
| lower                        | 29394 | 41.9758 % | 1130.5384615384614 |
| upper-numeric-symbolic       | 10809 | 15.4357 % | 156.65217391304347 |
| upper-numeric                | 10597 | 15.133 %  |  294.3611111111111 |
| numeric-symbolic             |  9994 | 14.2718 % | 232.41860465116278 |
| numeric                      |  9843 | 14.0562 % |              984.3 |
| upper-symbolic               |   394 | 0.5626 %  |  6.677966101694915 |
| upper                        |   334 | 0.477 %   | 12.846153846153847 |
| symbolic                     |    40 | 0.0571 %  | 1.2121212121212122 |
+-----------------------------------------------------------------------+

Charset frequency, sorted by count/keyspace, full table
+-----------------------------------------------------------------------+
|           Charset            | Count | Of total  |   Count/keyspace   |
+-----------------------------------------------------------------------+
| lower-numeric                | 60830 | 86.8677 % | 1689.7222222222222 |
| lower                        | 29394 | 41.9758 % | 1130.5384615384614 |
| lower-upper-numeric          | 65887 | 94.0893 % | 1062.6935483870968 |
| numeric                      |  9843 | 14.0562 % |              984.3 |
| lower-numeric-symbolic       | 63296 | 90.3893 % |  917.3333333333334 |
| lower-upper-numeric-symbolic | 69379 | 99.0761 % |  730.3052631578947 |
| lower-upper                  | 30947 | 44.1936 % |  595.1346153846154 |
| lower-symbolic               | 30431 | 43.4567 % |  515.7796610169491 |
| lower-upper-symbolic         | 32249 | 46.0529 % |              379.4 |
| upper-numeric                | 10597 | 15.133 %  |  294.3611111111111 |
| numeric-symbolic             |  9994 | 14.2718 % | 232.41860465116278 |
| upper-numeric-symbolic       | 10809 | 15.4357 % | 156.65217391304347 |
| upper                        |   334 | 0.477 %   | 12.846153846153847 |
| upper-symbolic               |   394 | 0.5626 %  |  6.677966101694915 |
| symbolic                     |    40 | 0.0571 %  | 1.2121212121212122 |
+-----------------------------------------------------------------------+


Hashcat mask frequency, sorted by count, top 20
+-----------------------------------------------------------------------+
|           Mask           | Count | Of total  |     Count/keyspace     |
+-----------------------------------------------------------------------+
| ?l?l?l?l?l?l             |  8220 | 11.7385 % |  2.660919460455137e-05 |
| ?l?l?l?l?l?l?l?l?l?l?l?l |  6445 | 9.2037 %  |  6.753715251073134e-14 |
| ?l?l?l?l?l?l?l           |  5496 | 7.8485 %  |  6.842791200945833e-07 |
| ?d?d?d?d?d?d             |  4424 | 6.3177 %  |               0.004424 |
| ?l?l?l?l?l?l?l?l?l       |  2728 | 3.8957 %  |  5.024400315931821e-10 |
| ?d?d?d?d?d?d?d?d?l?l?l?l |  2063 | 2.946 %   |   4.51446027800147e-11 |
| ?l?l?l?l?l               |  1859 | 2.6547 %  | 0.00015646335912608103 |
| ?l?l?l?l?l?l?l?l?l?l     |  1757 | 2.5091 %  | 1.2446243169259263e-11 |
| ?l?l?l?l?l?l?d?d?l?l?l?l |  1342 | 1.9164 %  |  9.506464617612938e-14 |
| ?d?d?d?d?d?d?d           |  1219 | 1.7408 %  |              0.0001219 |
| ?l?l?l?l?d?d?d?d?l?l?l?l |   963 | 1.3752 %  |  4.611471228383466e-13 |
| ?l?l?l?l?l?l?l?l?l?l?l   |   831 | 1.1867 %  | 2.2640926565505991e-13 |
| ?l?l?l?l?l?l?l?l         |   776 | 1.1082 %  |  3.715993430140778e-09 |
| ?l?l?l?l?l?d?d?d?l?l?l?l |   751 | 1.0725 %  | 1.3831835180589435e-13 |
| ?l?l?l?l?l?d?d           |   741 | 1.0582 %  |   6.23665137775288e-07 |
| ?l?l?l?l?l?l?l?d?l?l?l?l |   679 | 0.9696 %  |  1.849962591814509e-14 |
| ?l?l?l?d?d?d             |   640 | 0.9139 %  |  3.641329085116067e-05 |
| ?l?l?l?l?d?d             |   638 | 0.9111 %  | 1.3961345891250306e-05 |
| ?d?d?d?d?d?d?d?d?d       |   607 | 0.8668 %  |               6.07e-07 |
| ?l?l?l?l?l?d             |   588 | 0.8397 %  |  4.948921741050868e-06 |
+-----------------------------------------------------------------------+
Words that didn't match any ?l?u?d?s mask: 647 (0.9239 %)

Hashcat mask frequency, sorted by count/keyspace, top 20
+----------------------------------------------------------+
|     Mask     | Count | Of total |     Count/keyspace     |
+----------------------------------------------------------+
| ?d           |     8 | 0.0114 % |                    0.8 |
| ?l           |     8 | 0.0114 % |     0.3076923076923077 |
| ?d?d?d       |    84 | 0.12 %   |                  0.084 |
| ?d?d         |     5 | 0.0071 % |                   0.05 |
| ?s           |     1 | 0.0014 % |   0.030303030303030304 |
| ?l?l         |    13 | 0.0186 % |   0.019230769230769232 |
| ?l?l?l       |   164 | 0.2342 % |   0.009330905780609923 |
| ?d?d?d?d?d?d |  4424 | 6.3177 % |               0.004424 |
| ?l?d         |     1 | 0.0014 % |  0.0038461538461538464 |
| ?u?d         |     1 | 0.0014 % |  0.0038461538461538464 |
| ?d?d?d?d?d   |   361 | 0.5155 % |                0.00361 |
| ?l?l?d       |     8 | 0.0114 % |   0.001183431952662722 |
| ?l?d?d       |     3 | 0.0043 % |   0.001153846153846154 |
| ?d?l?l       |     4 | 0.0057 % |   0.000591715976331361 |
| ?s?s?s       |    16 | 0.0228 % |  0.0004452235857194535 |
| ?l?d?l       |     3 | 0.0043 % |  0.0004437869822485207 |
| ?u?l?l       |     3 | 0.0043 % | 0.00017068730086481566 |
| ?l?l?l?l?l   |  1859 | 2.6547 % | 0.00015646335912608103 |
| ?u?u?d       |     1 | 0.0014 % | 0.00014792899408284024 |
| ?u?d?l       |     1 | 0.0014 % | 0.00014792899408284024 |
+----------------------------------------------------------+
Words that didn't match any ?l?u?d?s mask: 647 (0.9239 %)


Charset distribution of characters in beginning and end of words (len>=6)
+-------------------------------------------------------------------------------------------------+
| Charset\Index | 0 (first char) |     1     |     2     |    -3     |    -2     | -1 (last char) |
+-------------------------------------------------------------------------------------------------+
| lower         | 73.2605 %      | 75.7462 % | 75.8779 % | 64.7774 % | 58.4124 % | 54.5396 %      |
| upper         | 6.8463 %       | 2.1183 %  | 2.0501 %  | 1.717 %   | 1.5173 %  | 1.6332 %       |
| digits        | 19.1342 %      | 21.4477 % | 21.5309 % | 32.6494 % | 39.1557 % | 41.7527 %      |
| symbols       | 0.759 %        | 0.6878 %  | 0.5412 %  | 0.8562 %  | 0.9147 %  | 2.0745 %       |
+-------------------------------------------------------------------------------------------------+


Total characters: 	539438
Unique characters: 	111
Top 50 characters: 	ae1orisnt20l3dmc4hk5u968p7bgywfvjxzq!AS@RTE.MPDCLB

Character frequency, sorted by count, top 20
+------------------------------+
| Character | Count | Of total |
+------------------------------+
| a         | 36592 | 6.7834 % |
| e         | 31783 | 5.8919 % |
| 1         | 27959 | 5.183 %  |
| o         | 26562 | 4.924 %  |
| r         | 25313 | 4.6925 % |
| i         | 23232 | 4.3067 % |
| s         | 22510 | 4.1729 % |
| n         | 21603 | 4.0047 % |
| t         | 21588 | 4.0019 % |
| 2         | 19449 | 3.6054 % |
| 0         | 17661 | 3.274 %  |
| l         | 17554 | 3.2541 % |
| 3         | 16215 | 3.0059 % |
| d         | 14329 | 2.6563 % |
| m         | 14117 | 2.617 %  |
| c         | 12995 | 2.409 %  |
| 4         | 12002 | 2.2249 % |
| h         | 11643 | 2.1584 % |
| k         | 11512 | 2.1341 % |
| 5         | 11317 | 2.0979 % |
+------------------------------+


Symbol frequency, sorted by count, top 20
+----------------+
| Symbol | Count |
+----------------+
| !      |  1080 |
| @      |   893 |
| .      |   685 |
| _      |   512 |
| #      |   408 |
| *      |   345 |
| -      |   300 |
|        |   162 |
| %      |   145 |
| &      |   129 |
| /      |   125 |
| ,      |   111 |
| ;      |   108 |
| )      |    81 |
| \      |    80 |
| ?      |    80 |
| (      |    77 |
| [      |    59 |
| ]      |    48 |
| :      |    31 |
+----------------+


