Total entries = 70037
Total unique entries = 56636

Top 10 passwords
123456 = 1030 (1.47%)
password = 386 (0.55%)
rootkit = 331 (0.47%)
111111 = 195 (0.28%)
12345678 = 186 (0.27%)
qwerty = 177 (0.25%)
123456789 = 174 (0.25%)
123123 = 106 (0.15%)
12345 = 94 (0.13%)
qwertyui = 92 (0.13%)

Top 10 base words
rootkit = 517 (0.74%)
password = 493 (0.7%)
qwerty = 275 (0.39%)
letmein = 118 (0.17%)
qwertyui = 93 (0.13%)
test = 84 (0.12%)
root = 75 (0.11%)
asdf = 72 (0.1%)
r00tk1t = 70 (0.1%)
dvcfghyt = 69 (0.1%)

Password length (length ordered)
1 = 17 (0.02%)
2 = 20 (0.03%)
3 = 288 (0.41%)
4 = 1478 (2.11%)
5 = 2741 (3.91%)
6 = 17290 (24.69%)
7 = 11825 (16.88%)
8 = 18050 (25.77%)
9 = 7691 (10.98%)
10 = 5116 (7.3%)
11 = 2404 (3.43%)
12 = 1517 (2.17%)
13 = 689 (0.98%)
14 = 414 (0.59%)
15 = 229 (0.33%)
16 = 117 (0.17%)
17 = 53 (0.08%)
18 = 27 (0.04%)
19 = 13 (0.02%)
20 = 17 (0.02%)
21 = 8 (0.01%)
22 = 5 (0.01%)
23 = 7 (0.01%)
24 = 6 (0.01%)
25 = 6 (0.01%)
28 = 1 (0.0%)
29 = 2 (0.0%)
31 = 1 (0.0%)
32 = 3 (0.0%)
42 = 2 (0.0%)

Password length (count ordered)
8 = 18050 (25.77%)
6 = 17290 (24.69%)
7 = 11825 (16.88%)
9 = 7691 (10.98%)
10 = 5116 (7.3%)
5 = 2741 (3.91%)
11 = 2404 (3.43%)
12 = 1517 (2.17%)
4 = 1478 (2.11%)
13 = 689 (0.98%)
14 = 414 (0.59%)
3 = 288 (0.41%)
15 = 229 (0.33%)
16 = 117 (0.17%)
17 = 53 (0.08%)
18 = 27 (0.04%)
2 = 20 (0.03%)
1 = 17 (0.02%)
20 = 17 (0.02%)
19 = 13 (0.02%)
21 = 8 (0.01%)
23 = 7 (0.01%)
24 = 6 (0.01%)
25 = 6 (0.01%)
22 = 5 (0.01%)
32 = 3 (0.0%)
42 = 2 (0.0%)
29 = 2 (0.0%)
28 = 1 (0.0%)
31 = 1 (0.0%)

      | |                                                               
      | |                                                               
      | |                                                               
      | |                                                               
      | |                                                               
      |||                                                               
      |||                                                               
      |||                                                               
      |||                                                               
      ||||                                                              
      ||||                                                              
      |||||                                                             
      |||||                                                             
     |||||||                                                            
    |||||||||                                                           
||||||||||||||||||||||||||||||||||||||||||||                            
00000000001111111111222222222233333333334444
01234567890123456789012345678901234567890123

One to six characters = 21834 (31.17%)
One to eight characters = 51709 (73.83%)
More than eight characters = 18328 (26.17%)

Only lowercase alpha = 29396 (41.97%)
Only uppercase alpha = 334 (0.48%)
Only alpha = 29730 (42.45%)
Only numeric = 9846 (14.06%)

First capital last symbol = 373 (0.53%)
First capital last number = 1931 (2.76%)

Months
january = 1 (0.0%)
march = 5 (0.01%)
april = 4 (0.01%)
may = 70 (0.1%)
june = 9 (0.01%)
july = 8 (0.01%)
august = 5 (0.01%)
september = 6 (0.01%)
october = 7 (0.01%)
november = 7 (0.01%)
december = 4 (0.01%)

Days
monday = 6 (0.01%)
tuesday = 1 (0.0%)
wednesday = 2 (0.0%)
friday = 8 (0.01%)
sunday = 2 (0.0%)

Months (Abreviated)
jan = 106 (0.15%)
feb = 12 (0.02%)
mar = 471 (0.67%)
apr = 23 (0.03%)
may = 70 (0.1%)
jun = 79 (0.11%)
jul = 35 (0.05%)
aug = 24 (0.03%)
sept = 14 (0.02%)
oct = 37 (0.05%)
nov = 61 (0.09%)
dec = 37 (0.05%)

Days (Abreviated)
mon = 360 (0.51%)
tues = 2 (0.0%)
wed = 27 (0.04%)
thurs = 2 (0.0%)
fri = 57 (0.08%)
sat = 80 (0.11%)
sun = 134 (0.19%)

Includes years
1975 = 40 (0.06%)
1976 = 36 (0.05%)
1977 = 40 (0.06%)
1978 = 41 (0.06%)
1979 = 44 (0.06%)
1980 = 65 (0.09%)
1981 = 75 (0.11%)
1982 = 94 (0.13%)
1983 = 85 (0.12%)
1984 = 93 (0.13%)
1985 = 101 (0.14%)
1986 = 102 (0.15%)
1987 = 87 (0.12%)
1988 = 54 (0.08%)
1989 = 58 (0.08%)
1990 = 38 (0.05%)
1991 = 36 (0.05%)
1992 = 21 (0.03%)
1993 = 8 (0.01%)
1994 = 14 (0.02%)
1995 = 9 (0.01%)
1996 = 5 (0.01%)
1997 = 15 (0.02%)
1998 = 14 (0.02%)
1999 = 31 (0.04%)
2000 = 129 (0.18%)
2001 = 66 (0.09%)
2002 = 72 (0.1%)
2003 = 55 (0.08%)
2004 = 71 (0.1%)
2005 = 98 (0.14%)
2006 = 68 (0.1%)
2007 = 55 (0.08%)
2008 = 39 (0.06%)
2009 = 27 (0.04%)
2010 = 37 (0.05%)
2011 = 19 (0.03%)
2012 = 26 (0.04%)
2013 = 21 (0.03%)
2014 = 5 (0.01%)
2015 = 8 (0.01%)
2016 = 4 (0.01%)
2017 = 7 (0.01%)
2018 = 5 (0.01%)
2019 = 15 (0.02%)
2020 = 24 (0.03%)

Years (Top 10)
2000 = 129 (0.18%)
1986 = 102 (0.15%)
1985 = 101 (0.14%)
2005 = 98 (0.14%)
1982 = 94 (0.13%)
1984 = 93 (0.13%)
1987 = 87 (0.12%)
1983 = 85 (0.12%)
1981 = 75 (0.11%)
2002 = 72 (0.1%)

Colours
black = 88 (0.13%)
blue = 100 (0.14%)
brown = 7 (0.01%)
gray = 9 (0.01%)
green = 34 (0.05%)
orange = 18 (0.03%)
pink = 6 (0.01%)
purple = 7 (0.01%)
red = 288 (0.41%)
white = 27 (0.04%)
yellow = 12 (0.02%)
violet = 2 (0.0%)
indigo = 3 (0.0%)

Single digit on the end = 4351 (6.21%)
Two digits on the end = 5278 (7.54%)
Three digits on the end = 3922 (5.6%)

Last number
0 = 2736 (3.91%)
1 = 4778 (6.82%)
2 = 2815 (4.02%)
3 = 3845 (5.49%)
4 = 2339 (3.34%)
5 = 2170 (3.1%)
6 = 3122 (4.46%)
7 = 2192 (3.13%)
8 = 2119 (3.03%)
9 = 2482 (3.54%)

 |                                                                      
 |                                                                      
 |                                                                      
 | |                                                                    
 | |                                                                    
 | |  |                                                                 
||||  |                                                                 
||||  |  |                                                              
||||||||||                                                              
||||||||||                                                              
||||||||||                                                              
||||||||||                                                              
||||||||||                                                              
||||||||||                                                              
||||||||||                                                              
||||||||||                                                              
0123456789

Last digit
1 = 4778 (6.82%)
3 = 3845 (5.49%)
6 = 3122 (4.46%)
2 = 2815 (4.02%)
0 = 2736 (3.91%)
9 = 2482 (3.54%)
4 = 2339 (3.34%)
7 = 2192 (3.13%)
5 = 2170 (3.1%)
8 = 2119 (3.03%)

Last 2 digits (Top 10)
23 = 1782 (2.54%)
56 = 1338 (1.91%)
11 = 835 (1.19%)
00 = 755 (1.08%)
12 = 731 (1.04%)
01 = 638 (0.91%)
21 = 570 (0.81%)
34 = 536 (0.77%)
99 = 503 (0.72%)
89 = 425 (0.61%)

Last 3 digits (Top 10)
123 = 1494 (2.13%)
456 = 1199 (1.71%)
234 = 412 (0.59%)
111 = 405 (0.58%)
000 = 323 (0.46%)
321 = 244 (0.35%)
789 = 241 (0.34%)
666 = 231 (0.33%)
678 = 208 (0.3%)
345 = 196 (0.28%)

Last 4 digits (Top 10)
3456 = 1127 (1.61%)
1234 = 394 (0.56%)
1111 = 322 (0.46%)
5678 = 197 (0.28%)
6789 = 186 (0.27%)
2345 = 180 (0.26%)
0000 = 137 (0.2%)
3123 = 131 (0.19%)
2000 = 107 (0.15%)
4321 = 98 (0.14%)

Last 5 digits (Top 10)
23456 = 1122 (1.6%)
11111 = 286 (0.41%)
45678 = 194 (0.28%)
56789 = 185 (0.26%)
12345 = 178 (0.25%)
23123 = 130 (0.19%)
00000 = 99 (0.14%)
54321 = 71 (0.1%)
34567 = 64 (0.09%)
67890 = 58 (0.08%)

US Area Codes
456 = Inbound International (--)
234 = NE Ohio: Canton, Akron (OH)
321 = Florida: Brevard County, Cape Canaveral area; Metro Orlando (FL)
678 = N Georgia: metropolitan Atlanta (GA)
345 = Cayman Islands (--)

Character sets
loweralpha: 29396 (41.97%)
loweralphanum: 21595 (30.83%)
numeric: 9846 (14.06%)
mixedalphanum: 3085 (4.4%)
loweralphaspecialnum: 1520 (2.17%)
mixedalpha: 1219 (1.74%)
loweralphaspecial: 1060 (1.51%)
mixedalphaspecialnum: 897 (1.28%)
upperalphanum: 420 (0.6%)
upperalpha: 334 (0.48%)
mixedalphaspecial: 272 (0.39%)
specialnum: 139 (0.2%)
special: 57 (0.08%)
upperalphaspecialnum: 50 (0.07%)
upperalphaspecial: 24 (0.03%)

Character set ordering
allstring: 30949 (44.19%)
stringdigit: 15005 (21.42%)
alldigit: 9846 (14.06%)
othermask: 6458 (9.22%)
stringdigitstring: 3613 (5.16%)
digitstring: 1786 (2.55%)
digitstringdigit: 724 (1.03%)
stringspecialstring: 570 (0.81%)
stringspecialdigit: 437 (0.62%)
stringspecial: 371 (0.53%)
specialstring: 120 (0.17%)
specialstringspecial: 101 (0.14%)
allspecial: 57 (0.08%)

Hashcat masks (Top 10)
?l?l?l?l?l?l: 8222 (11.74%)
?l?l?l?l?l?l?l?l: 6445 (9.2%)
?l?l?l?l?l?l?l: 5496 (7.85%)
?d?d?d?d?d?d: 4426 (6.32%)
?l?l?l?l?l?l?l?l?l: 2728 (3.9%)
?d?d?d?d?d?d?d?d: 2063 (2.95%)
?l?l?l?l?l: 1859 (2.65%)
?l?l?l?l?l?l?l?l?l?l: 1757 (2.51%)
?l?l?l?l?l?l?d?d: 1343 (1.92%)
?d?d?d?d?d?d?d: 1219 (1.74%)
