

passpal 0.4 report (www.thepasswordproject.com)

Total words: 	809114
Unique words: 	769296 (95.08 %)

Word frequency, sorted by count, top 20
+-------------------------------+
|    Word    | Count | Of total |
+-------------------------------+
| stratfor   | 12024 | 1.4861 % |
| 123456     |   630 | 0.0779 % |
| 0000       |   529 | 0.0654 % |
| password   |   519 | 0.0641 % |
| stratfor1  |   427 | 0.0528 % |
| strat4     |   266 | 0.0329 % |
| changeme   |   265 | 0.0328 % |
| 1234       |   234 | 0.0289 % |
| 1qaz2wsx   |   233 | 0.0288 % |
| wright     |   179 | 0.0221 % |
| usmcportal |   148 | 0.0183 % |
| abc123     |    91 | 0.0112 % |
| qwerty     |    86 | 0.0106 % |
| 12345      |    78 | 0.0096 % |
| 12345678   |    77 | 0.0095 % |
| Stratfor   |    72 | 0.0089 % |
| MackU2011  |    70 | 0.0087 % |
| iloveyou   |    57 | 0.007 %  |
| strat4usaf |    57 | 0.007 %  |
| qqq111     |    54 | 0.0067 % |
+-------------------------------+


Base word (len>=3) frequency, sorted by count, top 20
+-------------------------------+
|    Word    | Count | Of total |
+-------------------------------+
| stratfor   | 13156 | 1.626 %  |
| password   |   653 | 0.0807 % |
| strat      |   435 | 0.0538 % |
| Stratfor   |   390 | 0.0482 % |
| changeme   |   269 | 0.0332 % |
| qaz2wsx    |   234 | 0.0289 % |
| wright     |   184 | 0.0227 % |
| qwerty     |   157 | 0.0194 % |
| usmcportal |   148 | 0.0183 % |
| abc        |   119 | 0.0147 % |
| Password   |   115 | 0.0142 % |
| intel      |    96 | 0.0119 % |
| ranger     |    91 | 0.0112 % |
| Strat      |    90 | 0.0111 % |
| john       |    76 | 0.0094 % |
| research   |    71 | 0.0088 % |
| mike       |    71 | 0.0088 % |
| tiger      |    70 | 0.0087 % |
| charlie    |    70 | 0.0087 % |
| MackU      |    70 | 0.0087 % |
+-------------------------------+


Length frequency, sorted by length, full table
+-----------------------------+
| Length | Count  | Of total  |
+-----------------------------+
|      1 |     47 | 0.0058 %  |
|      2 |     34 | 0.0042 %  |
|      3 |    265 | 0.0328 %  |
|      4 |   3785 | 0.4678 %  |
|      5 |   4265 | 0.5271 %  |
|      6 |  33254 | 4.1099 %  |
|      7 |  28960 | 3.5792 %  |
|      8 | 649885 | 80.3206 % |
|      9 |  21331 | 2.6363 %  |
|     10 |  14657 | 1.8115 %  |
|     11 |   6944 | 0.8582 %  |
|     12 |   4707 | 0.5817 %  |
|     13 |   2397 | 0.2962 %  |
|     14 |   2225 | 0.275 %   |
|     15 |   2253 | 0.2785 %  |
|     16 |   2762 | 0.3414 %  |
|     17 |   3088 | 0.3817 %  |
|     18 |   4116 | 0.5087 %  |
|     19 |   3467 | 0.4285 %  |
|     20 |   3732 | 0.4612 %  |
|     21 |   3336 | 0.4123 %  |
|     22 |   3019 | 0.3731 %  |
|     23 |   2474 | 0.3058 %  |
|     24 |   1960 | 0.2422 %  |
|     25 |   1581 | 0.1954 %  |
|     26 |   1159 | 0.1432 %  |
|     27 |    890 | 0.11 %    |
|     28 |    672 | 0.0831 %  |
|     29 |    557 | 0.0688 %  |
|     30 |    365 | 0.0451 %  |
|     31 |    280 | 0.0346 %  |
|     32 |    647 | 0.08 %    |
+-----------------------------+


Charset frequency, sorted by count, full table
+------------------------------------------------------------------------+
|           Charset            | Count  | Of total  |   Count/keyspace   |
+------------------------------------------------------------------------+
| lower-upper-numeric-symbolic | 807086 | 99.7494 % |  8495.642105263158 |
| lower-upper-numeric          | 753725 | 93.1544 % | 12156.854838709678 |
| lower-upper-symbolic         | 276284 | 34.1465 % |             3250.4 |
| lower-upper                  | 246258 | 30.4355 % | 4735.7307692307695 |
| lower-numeric-symbolic       | 178856 | 22.1052 % | 2592.1159420289855 |
| lower-numeric                | 142497 | 17.6115 % |            3958.25 |
| lower-symbolic               |  91666 | 11.3292 % | 1553.6610169491526 |
| lower                        |  64598 | 7.9838 %  | 2484.5384615384614 |
| upper-numeric-symbolic       |  23084 | 2.853 %   |  334.5507246376812 |
| upper-numeric                |  22846 | 2.8236 %  |  634.6111111111111 |
| numeric-symbolic             |  10159 | 1.2556 %  | 236.25581395348837 |
| numeric                      |  10080 | 1.2458 %  |             1008.0 |
| upper-symbolic               |   1566 | 0.1935 %  |  26.54237288135593 |
| upper                        |   1530 | 0.1891 %  |  58.84615384615385 |
| symbolic                     |      9 | 0.0011 %  | 0.2727272727272727 |
+------------------------------------------------------------------------+

Charset frequency, sorted by count/keyspace, full table
+------------------------------------------------------------------------+
|           Charset            | Count  | Of total  |   Count/keyspace   |
+------------------------------------------------------------------------+
| lower-upper-numeric          | 753725 | 93.1544 % | 12156.854838709678 |
| lower-upper-numeric-symbolic | 807086 | 99.7494 % |  8495.642105263158 |
| lower-upper                  | 246258 | 30.4355 % | 4735.7307692307695 |
| lower-numeric                | 142497 | 17.6115 % |            3958.25 |
| lower-upper-symbolic         | 276284 | 34.1465 % |             3250.4 |
| lower-numeric-symbolic       | 178856 | 22.1052 % | 2592.1159420289855 |
| lower                        |  64598 | 7.9838 %  | 2484.5384615384614 |
| lower-symbolic               |  91666 | 11.3292 % | 1553.6610169491526 |
| numeric                      |  10080 | 1.2458 %  |             1008.0 |
| upper-numeric                |  22846 | 2.8236 %  |  634.6111111111111 |
| upper-numeric-symbolic       |  23084 | 2.853 %   |  334.5507246376812 |
| numeric-symbolic             |  10159 | 1.2556 %  | 236.25581395348837 |
| upper                        |   1530 | 0.1891 %  |  58.84615384615385 |
| upper-symbolic               |   1566 | 0.1935 %  |  26.54237288135593 |
| symbolic                     |      9 | 0.0011 %  | 0.2727272727272727 |
+------------------------------------------------------------------------+


Hashcat mask frequency, sorted by count, top 20
+----------------------------------------------------------------------+
|           Mask           | Count | Of total |     Count/keyspace     |
+----------------------------------------------------------------------+
| ?l?l?l?l?l?l?l?l?l?l?l?l | 24681 | 3.0504 % |  2.586321894673949e-13 |
| ?l?l?l?l?l?l             | 15383 | 1.9012 % |   4.97967445987608e-05 |
| ?l?l?l?l?l?l?l           | 10162 | 1.2559 % |  1.265219144541695e-06 |
| ?l?l?l?l?l?l?d?d?l?l?l?l |  5383 | 0.6653 % |  3.813211552653535e-13 |
| ?l?l?l?l?l?l?l?l?l       |  4522 | 0.5589 % |  8.328569731907513e-10 |
| ?d?d?d?d?d?d             |  4236 | 0.5235 % |               0.004236 |
| ?u?u?d?d?d?d?d           |  4018 | 0.4966 % | 5.9437869822485205e-05 |
| ?l?l?l?l?l?l?l?d?l?l?l?l |  3228 | 0.399 %  |  8.794814795842761e-14 |
| ?l?l?l?l?d?d?d?d?l?l?l?l |  3078 | 0.3804 % | 1.4739468786048087e-12 |
| ?l?l?l?l?l               |  2988 | 0.3693 % |   0.000251486023167687 |
| ?l?l?l?l?l?l?l?l?l?l     |  2790 | 0.3448 % | 1.9763812431549995e-11 |
| ?l?l?l?l?l?d             |  2710 | 0.3349 % | 2.2808805983414716e-05 |
| ?l?l?l?l?l?d?d           |  2326 | 0.2875 % |  1.957685709129986e-06 |
| ?d?d?d?d?l?l?l?l         |  2173 | 0.2686 % | 4.7551731381954414e-07 |
| ?l?l?l?l?l?l?d           |  2164 | 0.2675 % |  7.005145635553426e-07 |
| ?l?l?l?l?l?d?d?d?l?l?l?l |  1984 | 0.2452 % |  3.654109320677688e-13 |
| ?l?l?l?l?d?d             |  1919 | 0.2372 % | 4.1993452610202724e-05 |
| ?d?d?d?d?d?d?d?d?l?l?l?l |  1863 | 0.2303 % |  4.076800532194251e-11 |
| ?l?l?l?l?l?l?l?d?d       |  1820 | 0.2249 % | 2.2659898081734745e-09 |
| ?l?l?l?l?l?l?l?l?d       |  1807 | 0.2233 % |  8.653092948794311e-10 |
+----------------------------------------------------------------------+
Words that didn't match any ?l?u?d?s mask: 2028 (0.2506 %)

Hashcat mask frequency, sorted by count/keyspace, top 20
+---------------------------------------------------------+
|     Mask     | Count | Of total |    Count/keyspace     |
+---------------------------------------------------------+
| ?d           |    13 | 0.0016 % |                   1.3 |
| ?l           |    20 | 0.0025 % |    0.7692307692307693 |
| ?u           |    13 | 0.0016 % |                   0.5 |
| ?d?d         |     7 | 0.0009 % |                  0.07 |
| ?d?d?d       |    42 | 0.0052 % |                 0.042 |
| ?s           |     1 | 0.0001 % |  0.030303030303030304 |
| ?l?l         |    19 | 0.0023 % |  0.028106508875739646 |
| ?l?l?l       |   144 | 0.0178 % |  0.008192990441511151 |
| ?l?d         |     2 | 0.0002 % |  0.007692307692307693 |
| ?u?l         |     3 | 0.0004 % |  0.004437869822485207 |
| ?d?d?d?d?d?d |  4236 | 0.5235 % |              0.004236 |
| ?u?d         |     1 | 0.0001 % | 0.0038461538461538464 |
| ?d?d?d?d?d   |   351 | 0.0434 % |               0.00351 |
| ?u?u         |     2 | 0.0002 % | 0.0029585798816568047 |
| ?u?l?l       |    38 | 0.0047 % |  0.002162039144287665 |
| ?u?u?u       |    34 | 0.0042 % | 0.0019344560764679108 |
| ?l?l?d       |     5 | 0.0006 % | 0.0007396449704142012 |
| ?l?d?d       |     1 | 0.0001 % | 0.0003846153846153846 |
| ?d?d?u       |     1 | 0.0001 % | 0.0003846153846153846 |
| ?l?l?l?l?l   |  2988 | 0.3693 % |  0.000251486023167687 |
+---------------------------------------------------------+
Words that didn't match any ?l?u?d?s mask: 2028 (0.2506 %)


Charset distribution of characters in beginning and end of words (len>=6)
+-------------------------------------------------------------------------------------------------+
| Charset\Index | 0 (first char) |     1     |     2     |    -3     |    -2     | -1 (last char) |
+-------------------------------------------------------------------------------------------------+
| lower         | 51.4059 %      | 54.3712 % | 54.382 %  | 50.9334 % | 49.1295 % | 47.422 %       |
| upper         | 35.7116 %      | 32.6307 % | 32.0022 % | 31.6184 % | 31.5932 % | 31.5639 %      |
| digits        | 12.7542 %      | 12.819 %  | 13.4817 % | 16.5533 % | 18.9662 % | 20.0377 %      |
| symbols       | 0.1283 %       | 0.1791 %  | 0.1342 %  | 0.8949 %  | 0.3111 %  | 0.9764 %       |
+-------------------------------------------------------------------------------------------------+


Total characters: 	6926919
Unique characters: 	163
Top 50 characters: 	aoertsinmchd2ugfb3pyk947568wjvSzTxAMRqCBPDELHNJFGW

Character frequency, sorted by count, top 20
+-------------------------------+
| Character | Count  | Of total |
+-------------------------------+
| a         | 254586 | 3.6753 % |
| o         | 230294 | 3.3246 % |
| e         | 214523 | 3.0969 % |
| r         | 213769 | 3.0861 % |
| t         | 198830 | 2.8704 % |
| s         | 181215 | 2.6161 % |
| i         | 177818 | 2.5671 % |
| n         | 176597 | 2.5494 % |
| m         | 168829 | 2.4373 % |
| c         | 158912 | 2.2941 % |
| h         | 135203 | 1.9518 % |
| d         | 130700 | 1.8868 % |
| 2         | 128163 | 1.8502 % |
| u         | 125023 | 1.8049 % |
| g         | 119703 | 1.7281 % |
| f         | 118700 | 1.7136 % |
| b         | 116881 | 1.6873 % |
| 3         | 115930 | 1.6736 % |
| p         | 115050 | 1.6609 % |
| y         | 115043 | 1.6608 % |
+-------------------------------+


Symbol frequency, sorted by count, top 20
+----------------+
| Symbol | Count |
+----------------+
| .      | 52075 |
| @      | 40144 |
| !      |  6191 |
| _      |  3627 |
| -      |  2285 |
| #      |  1519 |
| *      |  1261 |
| ,      |   450 |
| ?      |   401 |
| &      |   367 |
| %      |   298 |
| /      |   286 |
|        |   207 |
| :      |   204 |
| )      |   186 |
| ;      |   150 |
| '      |   116 |
| (      |   109 |
| "      |    78 |
| [      |    23 |
+----------------+


