                       _ 
     StatsGen 0.0.3   | |
      _ __   __ _  ___| | _
     | '_ \ / _` |/ __| |/ /
     | |_) | (_| | (__|   < 
     | .__/ \__,_|\___|_|\_\
     | |                    
     |_| iphelix@thesprawl.org


[*] Analyzing passwords in [/admin/hashpass/003-targets/00-whitefox/whitefox.dic]
[+] Analyzing 100% (44147/44147) of passwords
    NOTE: Statistics below is relative to the number of analyzed passwords, not total number of passwords

[*] Length:
[+]                         6: 30% (13285)
[+]                         8: 23% (10181)
[+]                         7: 20% (9124)
[+]                         5: 12% (5361)
[+]                         9: 07% (3498)
[+]                        10: 03% (1361)
[+]                         4: 01% (785)
[+]                        11: 00% (327)
[+]                        12: 00% (91)
[+]                         3: 00% (87)
[+]                        13: 00% (24)
[+]                        14: 00% (10)
[+]                         2: 00% (6)
[+]                        15: 00% (2)
[+]                        16: 00% (2)
[+]                        34: 00% (2)
[+]                         1: 00% (1)

[*] Character-set:
[+]             loweralphanum: 41% (18149)
[+]                loweralpha: 40% (17715)
[+]                   numeric: 07% (3440)
[+]             mixedalphanum: 04% (1912)
[+]             upperalphanum: 02% (952)
[+]                mixedalpha: 01% (825)
[+]                upperalpha: 01% (683)
[+]      loweralphaspecialnum: 00% (212)
[+]                       all: 00% (109)
[+]         loweralphaspecial: 00% (86)
[+]         mixedalphaspecial: 00% (28)
[+]      upperalphaspecialnum: 00% (17)
[+]                specialnum: 00% (15)
[+]         upperalphaspecial: 00% (3)
[+]                   special: 00% (1)

[*] Password complexity:
[+]                     digit: min(0) max(22)
[+]                     lower: min(0) max(16)
[+]                     upper: min(0) max(11)
[+]                   special: min(0) max(5)

[*] Simple Masks:
[+]                    string: 43% (19223)
[+]               stringdigit: 39% (17586)
[+]                     digit: 07% (3440)
[+]               digitstring: 04% (1787)
[+]         stringdigitstring: 02% (987)
[+]                 othermask: 01% (480)
[+]          digitstringdigit: 00% (251)
[+]        stringspecialdigit: 00% (143)
[+]        stringdigitspecial: 00% (89)
[+]             stringspecial: 00% (58)
[+]       stringspecialstring: 00% (42)
[+]        specialstringdigit: 00% (12)
[+]        digitstringspecial: 00% (11)
[+]             specialstring: 00% (11)
[+]              digitspecial: 00% (7)
[+]         digitspecialdigit: 00% (6)
[+]        digitspecialstring: 00% (5)
[+]      specialstringspecial: 00% (5)
[+]        specialdigitstring: 00% (1)
[+]                   special: 00% (1)
[+]              specialdigit: 00% (1)
[+]       specialdigitspecial: 00% (1)

[*] Advanced Masks:
[+]              ?l?l?l?l?l?l: 14% (6374)
[+]            ?l?l?l?l?l?l?l: 08% (3611)
[+]                ?l?l?l?l?l: 07% (3291)
[+]          ?l?l?l?l?l?l?l?l: 06% (2677)
[+]          ?l?l?l?l?l?l?d?d: 04% (1774)
[+]              ?d?d?d?d?d?d: 03% (1535)
[+]          ?l?l?l?l?d?d?d?d: 02% (1236)
[+]              ?l?l?l?l?l?d: 02% (1211)
[+]            ?l?l?l?l?l?d?d: 02% (1133)
[+]              ?l?l?l?l?d?d: 02% (1030)
[+]            ?l?l?l?l?l?l?d: 02% (1014)
[+]          ?l?l?l?l?l?l?l?d: 02% (979)
[+]            ?l?l?l?d?d?d?d: 01% (882)
[+]        ?l?l?l?l?l?l?l?l?l: 01% (837)
[+]                ?d?d?d?d?d: 01% (720)
[+]              ?l?l?d?d?d?d: 01% (705)
[+]          ?l?l?l?l?l?d?d?d: 01% (593)
[+]        ?l?l?l?l?l?d?d?d?d: 01% (504)
[+]        ?l?l?l?l?l?l?l?d?d: 01% (477)
[+]              ?l?l?l?d?d?d: 01% (461)
